[ 2019-04-13T05:16:26+08:00 ] 80.82.70.187 /cache/global/img/gs.gif
INFO: [ app_init ] --START--
INFO: Run Behavior\BuildLiteBehavior [ RunTime:0.000011s ]
INFO: [ app_init ] --END-- [ RunTime:0.000214s ]
ERR: Êó†Ê≥ïÂä†ËΩΩÊ®°Âùó:404

[ 2019-04-13T08:37:58+08:00 ] 42.56.17.144 /mgw.htm?operationType=com.cars.otsmobile.queryLeftTicket&requestData=%5B%7B"train_date"%3A"20181231"%2C"purpose_codes"%3A"00"%2C"from_station"%3A"BJP"%2C"to_station"%3A"SHH"%2C"station_train_code"%3A""%2C"start_time_begin"%3A"0000"%2C"start_time_end"%3A"2400"%2C"train_headers"%3A"QB%23"%2C"train_flag"%3A""%2C"seat_type"%3A"0"%2C"seatBack_Type"%3A""%2C"ticket_num"%3A""%2C"dfpStr"%3A""%2C"baseDTO"%3A%7B"check_code"%3A"d38a201f2de926ce0686aedfdcf2de68"%2C"device_no"%3A"WtaHBzID7ZQDADJh05y5LLpd"%2C"mobile_no"%3A""%2C"os_type"%3A"a"%2C"time_str"%3A"20181030152947"%2C"version_no"%3A"4.1.9"%7D%7D%5D&ts=1540884587652&sign=37b8ebe6406579e4fb2ac8c9038eab37
INFO: [ app_init ] --START--
INFO: Run Behavior\BuildLiteBehavior [ RunTime:0.000010s ]
INFO: [ app_init ] --END-- [ RunTime:0.000213s ]
ERR: Êó†Ê≥ïÂä†ËΩΩÊ®°Âùó:Mgw

[ 2019-04-13T08:37:58+08:00 ] 42.56.17.144 /mgw.htm?operationType=com.cars.otsmobile.queryLeftTicket&requestData=%5B%7B"train_date"%3A"20181231"%2C"purpose_codes"%3A"00"%2C"from_station"%3A"BJP"%2C"to_station"%3A"SHH"%2C"station_train_code"%3A""%2C"start_time_begin"%3A"0000"%2C"start_time_end"%3A"2400"%2C"train_headers"%3A"QB%23"%2C"train_flag"%3A""%2C"seat_type"%3A"0"%2C"seatBack_Type"%3A""%2C"ticket_num"%3A""%2C"dfpStr"%3A""%2C"baseDTO"%3A%7B"check_code"%3A"d38a201f2de926ce0686aedfdcf2de68"%2C"device_no"%3A"WtaHBzID7ZQDADJh05y5LLpd"%2C"mobile_no"%3A""%2C"os_type"%3A"a"%2C"time_str"%3A"20181030152947"%2C"version_no"%3A"4.1.9"%7D%7D%5D&ts=1540884587652&sign=37b8ebe6406579e4fb2ac8c9038eab37
INFO: [ app_init ] --START--
INFO: Run Behavior\BuildLiteBehavior [ RunTime:0.000010s ]
INFO: [ app_init ] --END-- [ RunTime:0.000215s ]
ERR: Êó†Ê≥ïÂä†ËΩΩÊ®°Âùó:404

[ 2019-04-13T09:34:47+08:00 ] 219.142.101.1 /license.php
INFO: [ app_init ] --START--
INFO: Run Behavior\BuildLiteBehavior [ RunTime:0.000010s ]
INFO: [ app_init ] --END-- [ RunTime:0.000209s ]
ERR: Êó†Ê≥ïÂä†ËΩΩÊ®°Âùó:404

[ 2019-04-13T09:34:47+08:00 ] 219.142.101.1 /log.php
INFO: [ app_init ] --START--
INFO: Run Behavior\BuildLiteBehavior [ RunTime:0.000011s ]
INFO: [ app_init ] --END-- [ RunTime:0.000206s ]
ERR: Êó†Ê≥ïÂä†ËΩΩÊ®°Âùó:404

[ 2019-04-13T09:34:47+08:00 ] 219.142.101.1 /hell.php
INFO: [ app_init ] --START--
INFO: Run Behavior\BuildLiteBehavior [ RunTime:0.000010s ]
INFO: [ app_init ] --END-- [ RunTime:0.000220s ]
ERR: Êó†Ê≥ïÂä†ËΩΩÊ®°Âùó:404

[ 2019-04-13T09:34:47+08:00 ] 219.142.101.1 /pmd_online.php
INFO: [ app_init ] --START--
INFO: Run Behavior\BuildLiteBehavior [ RunTime:0.000010s ]
INFO: [ app_init ] --END-- [ RunTime:0.000228s ]
ERR: Êó†Ê≥ïÂä†ËΩΩÊ®°Âùó:404

[ 2019-04-13T09:34:47+08:00 ] 219.142.101.1 /x.php
INFO: [ app_init ] --START--
INFO: Run Behavior\BuildLiteBehavior [ RunTime:0.000010s ]
INFO: [ app_init ] --END-- [ RunTime:0.000207s ]
ERR: Êó†Ê≥ïÂä†ËΩΩÊ®°Âùó:404

[ 2019-04-13T09:34:47+08:00 ] 219.142.101.1 /shell.php
INFO: [ app_init ] --START--
INFO: Run Behavior\BuildLiteBehavior [ RunTime:0.000011s ]
INFO: [ app_init ] --END-- [ RunTime:0.000220s ]
ERR: Êó†Ê≥ïÂä†ËΩΩÊ®°Âùó:404

[ 2019-04-13T09:34:48+08:00 ] 219.142.101.1 /htdocs.php
INFO: [ app_init ] --START--
INFO: Run Behavior\BuildLiteBehavior [ RunTime:0.000010s ]
INFO: [ app_init ] --END-- [ RunTime:0.000218s ]
ERR: Êó†Ê≥ïÂä†ËΩΩÊ®°Âùó:404

[ 2019-04-13T09:34:48+08:00 ] 219.142.101.1 /desktop.ini.php
INFO: [ app_init ] --START--
INFO: Run Behavior\BuildLiteBehavior [ RunTime:0.000010s ]
INFO: [ app_init ] --END-- [ RunTime:0.000206s ]
ERR: Êó†Ê≥ïÂä†ËΩΩÊ®°Âùó:404

[ 2019-04-13T09:34:48+08:00 ] 219.142.101.1 /z.php
INFO: [ app_init ] --START--
INFO: Run Behavior\BuildLiteBehavior [ RunTime:0.000009s ]
INFO: [ app_init ] --END-- [ RunTime:0.000201s ]
ERR: Êó†Ê≥ïÂä†ËΩΩÊ®°Âùó:404

[ 2019-04-13T09:34:48+08:00 ] 219.142.101.1 /lala.php
INFO: [ app_init ] --START--
INFO: Run Behavior\BuildLiteBehavior [ RunTime:0.000009s ]
INFO: [ app_init ] --END-- [ RunTime:0.000218s ]
ERR: Êó†Ê≥ïÂä†ËΩΩÊ®°Âùó:404

[ 2019-04-13T09:34:48+08:00 ] 219.142.101.1 /lala-dpr.php
INFO: [ app_init ] --START--
INFO: Run Behavior\BuildLiteBehavior [ RunTime:0.000009s ]
INFO: [ app_init ] --END-- [ RunTime:0.000201s ]
ERR: Êó†Ê≥ïÂä†ËΩΩÊ®°Âùó:404

[ 2019-04-13T09:34:48+08:00 ] 219.142.101.1 /wpc.php
INFO: [ app_init ] --START--
INFO: Run Behavior\BuildLiteBehavior [ RunTime:0.000010s ]
INFO: [ app_init ] --END-- [ RunTime:0.000214s ]
ERR: Êó†Ê≥ïÂä†ËΩΩÊ®°Âùó:404

[ 2019-04-13T09:34:48+08:00 ] 219.142.101.1 /wpo.php
INFO: [ app_init ] --START--
INFO: Run Behavior\BuildLiteBehavior [ RunTime:0.000010s ]
INFO: [ app_init ] --END-- [ RunTime:0.000203s ]
ERR: Êó†Ê≥ïÂä†ËΩΩÊ®°Âùó:404

[ 2019-04-13T09:34:48+08:00 ] 219.142.101.1 /t6nv.php
INFO: [ app_init ] --START--
INFO: Run Behavior\BuildLiteBehavior [ RunTime:0.000012s ]
INFO: [ app_init ] --END-- [ RunTime:0.000210s ]
ERR: Êó†Ê≥ïÂä†ËΩΩÊ®°Âùó:404

[ 2019-04-13T09:34:48+08:00 ] 219.142.101.1 /muhstik.php
INFO: [ app_init ] --START--
INFO: Run Behavior\BuildLiteBehavior [ RunTime:0.000008s ]
INFO: [ app_init ] --END-- [ RunTime:0.000197s ]
ERR: Êó†Ê≥ïÂä†ËΩΩÊ®°Âùó:404

[ 2019-04-13T09:34:48+08:00 ] 219.142.101.1 /text.php
INFO: [ app_init ] --START--
INFO: Run Behavior\BuildLiteBehavior [ RunTime:0.000009s ]
INFO: [ app_init ] --END-- [ RunTime:0.000231s ]
ERR: Êó†Ê≥ïÂä†ËΩΩÊ®°Âùó:404

[ 2019-04-13T09:34:48+08:00 ] 219.142.101.1 /wp-config.php
INFO: [ app_init ] --START--
INFO: Run Behavior\BuildLiteBehavior [ RunTime:0.000010s ]
INFO: [ app_init ] --END-- [ RunTime:0.000205s ]
ERR: Êó†Ê≥ïÂä†ËΩΩÊ®°Âùó:404

[ 2019-04-13T09:34:48+08:00 ] 219.142.101.1 /muhstik.php
INFO: [ app_init ] --START--
INFO: Run Behavior\BuildLiteBehavior [ RunTime:0.000010s ]
INFO: [ app_init ] --END-- [ RunTime:0.000207s ]
ERR: Êó†Ê≥ïÂä†ËΩΩÊ®°Âùó:404

[ 2019-04-13T09:34:48+08:00 ] 219.142.101.1 /muhstik2.php
INFO: [ app_init ] --START--
INFO: Run Behavior\BuildLiteBehavior [ RunTime:0.000009s ]
INFO: [ app_init ] --END-- [ RunTime:0.000202s ]
ERR: Êó†Ê≥ïÂä†ËΩΩÊ®°Âùó:404

[ 2019-04-13T09:34:48+08:00 ] 219.142.101.1 /muhstiks.php
INFO: [ app_init ] --START--
INFO: Run Behavior\BuildLiteBehavior [ RunTime:0.000009s ]
INFO: [ app_init ] --END-- [ RunTime:0.000208s ]
ERR: Êó†Ê≥ïÂä†ËΩΩÊ®°Âùó:404

[ 2019-04-13T09:34:48+08:00 ] 219.142.101.1 /muhstik-dpr.php
INFO: [ app_init ] --START--
INFO: Run Behavior\BuildLiteBehavior [ RunTime:0.000012s ]
INFO: [ app_init ] --END-- [ RunTime:0.000262s ]
ERR: Êó†Ê≥ïÂä†ËΩΩÊ®°Âùó:404

[ 2019-04-13T09:34:48+08:00 ] 219.142.101.1 /lol.php
INFO: [ app_init ] --START--
INFO: Run Behavior\BuildLiteBehavior [ RunTime:0.000011s ]
INFO: [ app_init ] --END-- [ RunTime:0.000233s ]
ERR: Êó†Ê≥ïÂä†ËΩΩÊ®°Âùó:404

[ 2019-04-13T09:34:48+08:00 ] 219.142.101.1 /uploader.php
INFO: [ app_init ] --START--
INFO: Run Behavior\BuildLiteBehavior [ RunTime:0.000010s ]
INFO: [ app_init ] --END-- [ RunTime:0.000216s ]
ERR: Êó†Ê≥ïÂä†ËΩΩÊ®°Âùó:404

[ 2019-04-13T09:34:48+08:00 ] 219.142.101.1 /cmd.php
INFO: [ app_init ] --START--
INFO: Run Behavior\BuildLiteBehavior [ RunTime:0.000024s ]
INFO: [ app_init ] --END-- [ RunTime:0.000234s ]
ERR: Êó†Ê≥ïÂä†ËΩΩÊ®°Âùó:404

[ 2019-04-13T09:34:48+08:00 ] 219.142.101.1 /cmv.php
INFO: [ app_init ] --START--
INFO: Run Behavior\BuildLiteBehavior [ RunTime:0.000009s ]
INFO: [ app_init ] --END-- [ RunTime:0.000209s ]
ERR: Êó†Ê≥ïÂä†ËΩΩÊ®°Âùó:404

[ 2019-04-13T09:34:48+08:00 ] 219.142.101.1 /cmdd.php
INFO: [ app_init ] --START--
INFO: Run Behavior\BuildLiteBehavior [ RunTime:0.000010s ]
INFO: [ app_init ] --END-- [ RunTime:0.000218s ]
ERR: Êó†Ê≥ïÂä†ËΩΩÊ®°Âùó:404

[ 2019-04-13T09:34:48+08:00 ] 219.142.101.1 /knal.php
INFO: [ app_init ] --START--
INFO: Run Behavior\BuildLiteBehavior [ RunTime:0.000009s ]
INFO: [ app_init ] --END-- [ RunTime:0.000218s ]
ERR: Êó†Ê≥ïÂä†ËΩΩÊ®°Âùó:404

[ 2019-04-13T09:34:48+08:00 ] 219.142.101.1 /cmd.php
INFO: [ app_init ] --START--
INFO: Run Behavior\BuildLiteBehavior [ RunTime:0.000009s ]
INFO: [ app_init ] --END-- [ RunTime:0.000219s ]
ERR: Êó†Ê≥ïÂä†ËΩΩÊ®°Âùó:404

[ 2019-04-13T09:34:48+08:00 ] 219.142.101.1 /shell.php
INFO: [ app_init ] --START--
INFO: Run Behavior\BuildLiteBehavior [ RunTime:0.000020s ]
INFO: [ app_init ] --END-- [ RunTime:0.000213s ]
ERR: Êó†Ê≥ïÂä†ËΩΩÊ®°Âùó:404

[ 2019-04-13T09:34:48+08:00 ] 219.142.101.1 /appserv.php
INFO: [ app_init ] --START--
INFO: Run Behavior\BuildLiteBehavior [ RunTime:0.000010s ]
INFO: [ app_init ] --END-- [ RunTime:0.000206s ]
ERR: Êó†Ê≥ïÂä†ËΩΩÊ®°Âùó:404

[ 2019-04-13T09:34:48+08:00 ] 219.142.101.1 /scripts/setup.php
INFO: [ app_init ] --START--
INFO: Run Behavior\BuildLiteBehavior [ RunTime:0.000008s ]
INFO: [ app_init ] --END-- [ RunTime:0.000201s ]
ERR: Êó†Ê≥ïÂä†ËΩΩÊ®°Âùó:404

[ 2019-04-13T09:34:48+08:00 ] 219.142.101.1 /phpmyadmin/scripts/setup.php
INFO: [ app_init ] --START--
INFO: Run Behavior\BuildLiteBehavior [ RunTime:0.000012s ]
INFO: [ app_init ] --END-- [ RunTime:0.000226s ]
ERR: Êó†Ê≥ïÂä†ËΩΩÊ®°Âùó:404

[ 2019-04-13T09:34:48+08:00 ] 219.142.101.1 /phpMyAdmin/scripts/setup.php
INFO: [ app_init ] --START--
INFO: Run Behavior\BuildLiteBehavior [ RunTime:0.000010s ]
INFO: [ app_init ] --END-- [ RunTime:0.000211s ]
ERR: Êó†Ê≥ïÂä†ËΩΩÊ®°Âùó:404

[ 2019-04-13T09:34:48+08:00 ] 219.142.101.1 /phpmyadmin/scripts/db___.init.php
INFO: [ app_init ] --START--
INFO: Run Behavior\BuildLiteBehavior [ RunTime:0.000010s ]
INFO: [ app_init ] --END-- [ RunTime:0.000220s ]
ERR: Êó†Ê≥ïÂä†ËΩΩÊ®°Âùó:404

[ 2019-04-13T09:34:48+08:00 ] 219.142.101.1 /phpMyAdmin/scripts/db___.init.php
INFO: [ app_init ] --START--
INFO: Run Behavior\BuildLiteBehavior [ RunTime:0.000009s ]
INFO: [ app_init ] --END-- [ RunTime:0.000206s ]
ERR: Êó†Ê≥ïÂä†ËΩΩÊ®°Âùó:404

[ 2019-04-13T09:34:48+08:00 ] 219.142.101.1 /plugins/weathermap/editor.php
INFO: [ app_init ] --START--
INFO: Run Behavior\BuildLiteBehavior [ RunTime:0.000009s ]
INFO: [ app_init ] --END-- [ RunTime:0.000206s ]
ERR: Êó†Ê≥ïÂä†ËΩΩÊ®°Âùó:404

[ 2019-04-13T09:34:48+08:00 ] 219.142.101.1 /cacti/plugins/weathermap/editor.php
INFO: [ app_init ] --START--
INFO: Run Behavior\BuildLiteBehavior [ RunTime:0.000009s ]
INFO: [ app_init ] --END-- [ RunTime:0.000205s ]
ERR: Êó†Ê≥ïÂä†ËΩΩÊ®°Âùó:404

[ 2019-04-13T09:34:48+08:00 ] 219.142.101.1 /index.php?s=%2f%69%6e%64%65%78%2f%5c%74%68%69%6e%6b%5c%61%70%70%2f%69%6e%76%6f%6b%65%66%75%6e%63%74%69%6f%6e&function=%63%61%6c%6c%5f%75%73%65%72%5f%66%75%6e%63%5f%61%72%72%61%79&vars[0]=%6d%645&vars[1][]=%48%65%6c%6c%6f%54%68%69%6e%6b%50%4Äñò
INFO: [ app_init ] --START--
INFO: Run Behavior\BuildLiteBehavior [ RunTime:0.000010s ]
INFO: [ app_init ] --END-- [ RunTime:0.000208s ]
ERR: Êó†Ê≥ïÂä†ËΩΩÊ®°Âùó:Index

[ 2019-04-13T09:34:48+08:00 ] 219.142.101.1 /index.php?s=%2f%69%6e%64%65%78%2f%5c%74%68%69%6e%6b%5c%61%70%70%2f%69%6e%76%6f%6b%65%66%75%6e%63%74%69%6f%6e&function=%63%61%6c%6c%5f%75%73%65%72%5f%66%75%6e%63%5f%61%72%72%61%79&vars[0]=%6d%645&vars[1][]=%48%65%6c%6c%6f%54%68%69%6e%6b%50%4Äñò
INFO: [ app_init ] --START--
INFO: Run Behavior\BuildLiteBehavior [ RunTime:0.000010s ]
INFO: [ app_init ] --END-- [ RunTime:0.000213s ]
ERR: Êó†Ê≥ïÂä†ËΩΩÊ®°Âùó:404

[ 2019-04-13T09:34:48+08:00 ] 219.142.101.1 /d7.php
INFO: [ app_init ] --START--
INFO: Run Behavior\BuildLiteBehavior [ RunTime:0.000010s ]
INFO: [ app_init ] --END-- [ RunTime:0.000205s ]
ERR: Êó†Ê≥ïÂä†ËΩΩÊ®°Âùó:404

[ 2019-04-13T09:34:48+08:00 ] 219.142.101.1 /rxr.php
INFO: [ app_init ] --START--
INFO: Run Behavior\BuildLiteBehavior [ RunTime:0.000010s ]
INFO: [ app_init ] --END-- [ RunTime:0.000216s ]
ERR: Êó†Ê≥ïÂä†ËΩΩÊ®°Âùó:404

[ 2019-04-13T09:34:48+08:00 ] 219.142.101.1 /1x.php
INFO: [ app_init ] --START--
INFO: Run Behavior\BuildLiteBehavior [ RunTime:0.000011s ]
INFO: [ app_init ] --END-- [ RunTime:0.000206s ]
ERR: Êó†Ê≥ïÂä†ËΩΩÊ®°Âùó:404

[ 2019-04-13T09:34:48+08:00 ] 219.142.101.1 /home.php
INFO: [ app_init ] --START--
INFO: Run Behavior\BuildLiteBehavior [ RunTime:0.000011s ]
INFO: [ app_init ] --END-- [ RunTime:0.000223s ]
ERR: Êó†Ê≥ïÂä†ËΩΩÊ®°Âùó:404

[ 2019-04-13T09:34:48+08:00 ] 219.142.101.1 /undx.php
INFO: [ app_init ] --START--
INFO: Run Behavior\BuildLiteBehavior [ RunTime:0.000010s ]
INFO: [ app_init ] --END-- [ RunTime:0.000216s ]
ERR: Êó†Ê≥ïÂä†ËΩΩÊ®°Âùó:404

[ 2019-04-13T09:34:48+08:00 ] 219.142.101.1 /spider.php
INFO: [ app_init ] --START--
INFO: Run Behavior\BuildLiteBehavior [ RunTime:0.000009s ]
INFO: [ app_init ] --END-- [ RunTime:0.000212s ]
ERR: Êó†Ê≥ïÂä†ËΩΩÊ®°Âùó:404

[ 2019-04-13T09:34:48+08:00 ] 219.142.101.1 /payload.php
INFO: [ app_init ] --START--
INFO: Run Behavior\BuildLiteBehavior [ RunTime:0.000010s ]
INFO: [ app_init ] --END-- [ RunTime:0.000206s ]
ERR: Êó†Ê≥ïÂä†ËΩΩÊ®°Âùó:404

[ 2019-04-13T09:34:48+08:00 ] 219.142.101.1 /composers.php
INFO: [ app_init ] --START--
INFO: Run Behavior\BuildLiteBehavior [ RunTime:0.000009s ]
INFO: [ app_init ] --END-- [ RunTime:0.000218s ]
ERR: Êó†Ê≥ïÂä†ËΩΩÊ®°Âùó:404

[ 2019-04-13T09:34:48+08:00 ] 219.142.101.1 /izom.php
INFO: [ app_init ] --START--
INFO: Run Behavior\BuildLiteBehavior [ RunTime:0.000009s ]
INFO: [ app_init ] --END-- [ RunTime:0.000201s ]
ERR: Êó†Ê≥ïÂä†ËΩΩÊ®°Âùó:404

[ 2019-04-13T09:34:48+08:00 ] 219.142.101.1 /composer.php
INFO: [ app_init ] --START--
INFO: Run Behavior\BuildLiteBehavior [ RunTime:0.000009s ]
INFO: [ app_init ] --END-- [ RunTime:0.000206s ]
ERR: Êó†Ê≥ïÂä†ËΩΩÊ®°Âùó:404

[ 2019-04-13T09:34:48+08:00 ] 219.142.101.1 /hue2.php
INFO: [ app_init ] --START--
INFO: Run Behavior\BuildLiteBehavior [ RunTime:0.000017s ]
INFO: [ app_init ] --END-- [ RunTime:0.000225s ]
ERR: Êó†Ê≥ïÂä†ËΩΩÊ®°Âùó:404

[ 2019-04-13T09:34:48+08:00 ] 219.142.101.1 /Drupal.php
INFO: [ app_init ] --START--
INFO: Run Behavior\BuildLiteBehavior [ RunTime:0.000009s ]
INFO: [ app_init ] --END-- [ RunTime:0.000204s ]
ERR: Êó†Ê≥ïÂä†ËΩΩÊ®°Âùó:404

[ 2019-04-13T09:34:48+08:00 ] 219.142.101.1 /lang.php?f=1
INFO: [ app_init ] --START--
INFO: Run Behavior\BuildLiteBehavior [ RunTime:0.000010s ]
INFO: [ app_init ] --END-- [ RunTime:0.000203s ]
ERR: Êó†Ê≥ïÂä†ËΩΩÊ®°Âùó:404

[ 2019-04-13T09:34:48+08:00 ] 219.142.101.1 /izom.php
INFO: [ app_init ] --START--
INFO: Run Behavior\BuildLiteBehavior [ RunTime:0.000010s ]
INFO: [ app_init ] --END-- [ RunTime:0.000203s ]
ERR: Êó†Ê≥ïÂä†ËΩΩÊ®°Âùó:404

[ 2019-04-13T09:34:48+08:00 ] 219.142.101.1 /payload.php
INFO: [ app_init ] --START--
INFO: Run Behavior\BuildLiteBehavior [ RunTime:0.000009s ]
INFO: [ app_init ] --END-- [ RunTime:0.000219s ]
ERR: Êó†Ê≥ïÂä†ËΩΩÊ®°Âùó:404

[ 2019-04-13T09:34:48+08:00 ] 219.142.101.1 /new_license.php
INFO: [ app_init ] --START--
INFO: Run Behavior\BuildLiteBehavior [ RunTime:0.000008s ]
INFO: [ app_init ] --END-- [ RunTime:0.000199s ]
ERR: Êó†Ê≥ïÂä†ËΩΩÊ®°Âùó:404

[ 2019-04-13T09:34:48+08:00 ] 219.142.101.1 /images/!.php
INFO: [ app_init ] --START--
INFO: Run Behavior\BuildLiteBehavior [ RunTime:0.000009s ]
INFO: [ app_init ] --END-- [ RunTime:0.000202s ]
ERR: Êó†Ê≥ïÂä†ËΩΩÊ®°Âùó:404

[ 2019-04-13T09:34:48+08:00 ] 219.142.101.1 /images/vuln.php
INFO: [ app_init ] --START--
INFO: Run Behavior\BuildLiteBehavior [ RunTime:0.000008s ]
INFO: [ app_init ] --END-- [ RunTime:0.000204s ]
ERR: Êó†Ê≥ïÂä†ËΩΩÊ®°Âùó:404

[ 2019-04-13T09:34:48+08:00 ] 219.142.101.1 /wuwu11.php
INFO: [ app_init ] --START--
INFO: Run Behavior\BuildLiteBehavior [ RunTime:0.000009s ]
INFO: [ app_init ] --END-- [ RunTime:0.000209s ]
ERR: Êó†Ê≥ïÂä†ËΩΩÊ®°Âùó:404

[ 2019-04-13T09:34:48+08:00 ] 219.142.101.1 /xw.php
INFO: [ app_init ] --START--
INFO: Run Behavior\BuildLiteBehavior [ RunTime:0.000010s ]
INFO: [ app_init ] --END-- [ RunTime:0.000206s ]
ERR: Êó†Ê≥ïÂä†ËΩΩÊ®°Âùó:404

[ 2019-04-13T09:34:48+08:00 ] 219.142.101.1 /xw1.php
INFO: [ app_init ] --START--
INFO: Run Behavior\BuildLiteBehavior [ RunTime:0.000010s ]
INFO: [ app_init ] --END-- [ RunTime:0.000217s ]
ERR: Êó†Ê≥ïÂä†ËΩΩÊ®°Âùó:404

[ 2019-04-13T09:34:48+08:00 ] 219.142.101.1 /9678.php
INFO: [ app_init ] --START--
INFO: Run Behavior\BuildLiteBehavior [ RunTime:0.000009s ]
INFO: [ app_init ] --END-- [ RunTime:0.000209s ]
ERR: Êó†Ê≥ïÂä†ËΩΩÊ®°Âùó:404

[ 2019-04-13T09:34:48+08:00 ] 219.142.101.1 /wc.php
INFO: [ app_init ] --START--
INFO: Run Behavior\BuildLiteBehavior [ RunTime:0.000011s ]
INFO: [ app_init ] --END-- [ RunTime:0.000234s ]
ERR: Êó†Ê≥ïÂä†ËΩΩÊ®°Âùó:404

[ 2019-04-13T09:34:48+08:00 ] 219.142.101.1 /xx.php
INFO: [ app_init ] --START--
INFO: Run Behavior\BuildLiteBehavior [ RunTime:0.000012s ]
INFO: [ app_init ] --END-- [ RunTime:0.000230s ]
ERR: Êó†Ê≥ïÂä†ËΩΩÊ®°Âùó:404

[ 2019-04-13T09:34:48+08:00 ] 219.142.101.1 /s.php
INFO: [ app_init ] --START--
INFO: Run Behavior\BuildLiteBehavior [ RunTime:0.000011s ]
INFO: [ app_init ] --END-- [ RunTime:0.000221s ]
ERR: Êó†Ê≥ïÂä†ËΩΩÊ®°Âùó:404

[ 2019-04-13T09:34:48+08:00 ] 219.142.101.1 /w.php
INFO: [ app_init ] --START--
INFO: Run Behavior\BuildLiteBehavior [ RunTime:0.000009s ]
INFO: [ app_init ] --END-- [ RunTime:0.000204s ]
ERR: Êó†Ê≥ïÂä†ËΩΩÊ®°Âùó:404

[ 2019-04-13T09:34:48+08:00 ] 219.142.101.1 /sheep.php
INFO: [ app_init ] --START--
INFO: Run Behavior\BuildLiteBehavior [ RunTime:0.000009s ]
INFO: [ app_init ] --END-- [ RunTime:0.000213s ]
ERR: Êó†Ê≥ïÂä†ËΩΩÊ®°Âùó:404

[ 2019-04-13T09:34:48+08:00 ] 219.142.101.1 /qaq.php
INFO: [ app_init ] --START--
INFO: Run Behavior\BuildLiteBehavior [ RunTime:0.000010s ]
INFO: [ app_init ] --END-- [ RunTime:0.000211s ]
ERR: Êó†Ê≥ïÂä†ËΩΩÊ®°Âùó:404

[ 2019-04-13T09:34:48+08:00 ] 219.142.101.1 /db.init.php
INFO: [ app_init ] --START--
INFO: Run Behavior\BuildLiteBehavior [ RunTime:0.000009s ]
INFO: [ app_init ] --END-- [ RunTime:0.000206s ]
ERR: Êó†Ê≥ïÂä†ËΩΩÊ®°Âùó:404

[ 2019-04-13T09:34:48+08:00 ] 219.142.101.1 /db_session.init.php
INFO: [ app_init ] --START--
INFO: Run Behavior\BuildLiteBehavior [ RunTime:0.000009s ]
INFO: [ app_init ] --END-- [ RunTime:0.000219s ]
ERR: Êó†Ê≥ïÂä†ËΩΩÊ®°Âùó:404

[ 2019-04-13T09:34:48+08:00 ] 219.142.101.1 /db__.init.php
INFO: [ app_init ] --START--
INFO: Run Behavior\BuildLiteBehavior [ RunTime:0.000010s ]
INFO: [ app_init ] --END-- [ RunTime:0.000259s ]
ERR: Êó†Ê≥ïÂä†ËΩΩÊ®°Âùó:404

[ 2019-04-13T09:34:48+08:00 ] 219.142.101.1 /wp-admins.php
INFO: [ app_init ] --START--
INFO: Run Behavior\BuildLiteBehavior [ RunTime:0.000010s ]
INFO: [ app_init ] --END-- [ RunTime:0.000204s ]
ERR: Êó†Ê≥ïÂä†ËΩΩÊ®°Âùó:404

[ 2019-04-13T09:34:48+08:00 ] 219.142.101.1 /m.php?pbid=open
INFO: [ app_init ] --START--
INFO: Run Behavior\BuildLiteBehavior [ RunTime:0.000011s ]
INFO: [ app_init ] --END-- [ RunTime:0.000230s ]
ERR: Êó†Ê≥ïÂä†ËΩΩÊ®°Âùó:404

[ 2019-04-13T09:34:49+08:00 ] 219.142.101.1 /099.php
INFO: [ app_init ] --START--
INFO: Run Behavior\BuildLiteBehavior [ RunTime:0.000009s ]
INFO: [ app_init ] --END-- [ RunTime:0.000211s ]
ERR: Êó†Ê≥ïÂä†ËΩΩÊ®°Âùó:404

[ 2019-04-13T09:34:49+08:00 ] 219.142.101.1 /_404.php
INFO: [ app_init ] --START--
INFO: Run Behavior\BuildLiteBehavior [ RunTime:0.000009s ]
INFO: [ app_init ] --END-- [ RunTime:0.000204s ]
ERR: Êó†Ê≥ïÂä†ËΩΩÊ®°Âùó:404

[ 2019-04-13T09:34:49+08:00 ] 219.142.101.1 /Alarg53.php
INFO: [ app_init ] --START--
INFO: Run Behavior\BuildLiteBehavior [ RunTime:0.000010s ]
INFO: [ app_init ] --END-- [ RunTime:0.000206s ]
ERR: Êó†Ê≥ïÂä†ËΩΩÊ®°Âùó:404

[ 2019-04-13T09:34:49+08:00 ] 219.142.101.1 /lapan.php
INFO: [ app_init ] --START--
INFO: Run Behavior\BuildLiteBehavior [ RunTime:0.000009s ]
INFO: [ app_init ] --END-- [ RunTime:0.000205s ]
ERR: Êó†Ê≥ïÂä†ËΩΩÊ®°Âùó:404

[ 2019-04-13T09:34:49+08:00 ] 219.142.101.1 /p34ky1337.php
INFO: [ app_init ] --START--
INFO: Run Behavior\BuildLiteBehavior [ RunTime:0.000009s ]
INFO: [ app_init ] --END-- [ RunTime:0.000202s ]
ERR: Êó†Ê≥ïÂä†ËΩΩÊ®°Âùó:404

[ 2019-04-13T09:34:49+08:00 ] 219.142.101.1 /pk1914.php
INFO: [ app_init ] --START--
INFO: Run Behavior\BuildLiteBehavior [ RunTime:0.000009s ]
INFO: [ app_init ] --END-- [ RunTime:0.000207s ]
ERR: Êó†Ê≥ïÂä†ËΩΩÊ®°Âùó:404

[ 2019-04-13T09:34:49+08:00 ] 219.142.101.1 /sllolx.php
INFO: [ app_init ] --START--
INFO: Run Behavior\BuildLiteBehavior [ RunTime:0.000010s ]
INFO: [ app_init ] --END-- [ RunTime:0.000211s ]
ERR: Êó†Ê≥ïÂä†ËΩΩÊ®°Âùó:404

[ 2019-04-13T09:34:49+08:00 ] 219.142.101.1 /Skri.php
INFO: [ app_init ] --START--
INFO: Run Behavior\BuildLiteBehavior [ RunTime:0.000009s ]
INFO: [ app_init ] --END-- [ RunTime:0.000203s ]
ERR: Êó†Ê≥ïÂä†ËΩΩÊ®°Âùó:404

[ 2019-04-13T09:34:49+08:00 ] 219.142.101.1 /db_dataml.php
INFO: [ app_init ] --START--
INFO: Run Behavior\BuildLiteBehavior [ RunTime:0.000009s ]
INFO: [ app_init ] --END-- [ RunTime:0.000200s ]
ERR: Êó†Ê≥ïÂä†ËΩΩÊ®°Âùó:404

[ 2019-04-13T09:34:49+08:00 ] 219.142.101.1 /db_desql.php
INFO: [ app_init ] --START--
INFO: Run Behavior\BuildLiteBehavior [ RunTime:0.000011s ]
INFO: [ app_init ] --END-- [ RunTime:0.000205s ]
ERR: Êó†Ê≥ïÂä†ËΩΩÊ®°Âùó:404

[ 2019-04-13T09:34:49+08:00 ] 219.142.101.1 /mx.php
INFO: [ app_init ] --START--
INFO: Run Behavior\BuildLiteBehavior [ RunTime:0.000009s ]
INFO: [ app_init ] --END-- [ RunTime:0.000202s ]
ERR: Êó†Ê≥ïÂä†ËΩΩÊ®°Âùó:404

[ 2019-04-13T09:34:49+08:00 ] 219.142.101.1 /wshell.php
INFO: [ app_init ] --START--
INFO: Run Behavior\BuildLiteBehavior [ RunTime:0.000010s ]
INFO: [ app_init ] --END-- [ RunTime:0.000207s ]
ERR: Êó†Ê≥ïÂä†ËΩΩÊ®°Âùó:404

[ 2019-04-13T09:34:49+08:00 ] 219.142.101.1 /xshell.php
INFO: [ app_init ] --START--
INFO: Run Behavior\BuildLiteBehavior [ RunTime:0.000010s ]
INFO: [ app_init ] --END-- [ RunTime:0.000203s ]
ERR: Êó†Ê≥ïÂä†ËΩΩÊ®°Âùó:404

[ 2019-04-13T09:34:49+08:00 ] 219.142.101.1 /qq.php
INFO: [ app_init ] --START--
INFO: Run Behavior\BuildLiteBehavior [ RunTime:0.000008s ]
INFO: [ app_init ] --END-- [ RunTime:0.000202s ]
ERR: Êó†Ê≥ïÂä†ËΩΩÊ®°Âùó:404

[ 2019-04-13T09:34:49+08:00 ] 219.142.101.1 /conflg.php
INFO: [ app_init ] --START--
INFO: Run Behavior\BuildLiteBehavior [ RunTime:0.000009s ]
INFO: [ app_init ] --END-- [ RunTime:0.000203s ]
ERR: Êó†Ê≥ïÂä†ËΩΩÊ®°Âùó:404

[ 2019-04-13T09:34:49+08:00 ] 219.142.101.1 /conflg.php
INFO: [ app_init ] --START--
INFO: Run Behavior\BuildLiteBehavior [ RunTime:0.000009s ]
INFO: [ app_init ] --END-- [ RunTime:0.000204s ]
ERR: Êó†Ê≥ïÂä†ËΩΩÊ®°Âùó:404

[ 2019-04-13T09:34:49+08:00 ] 219.142.101.1 /lindex.php
INFO: [ app_init ] --START--
INFO: Run Behavior\BuildLiteBehavior [ RunTime:0.000009s ]
INFO: [ app_init ] --END-- [ RunTime:0.000216s ]
ERR: Êó†Ê≥ïÂä†ËΩΩÊ®°Âùó:404

[ 2019-04-13T09:34:49+08:00 ] 219.142.101.1 /phpstudy.php
INFO: [ app_init ] --START--
INFO: Run Behavior\BuildLiteBehavior [ RunTime:0.000009s ]
INFO: [ app_init ] --END-- [ RunTime:0.000208s ]
ERR: Êó†Ê≥ïÂä†ËΩΩÊ®°Âùó:404

[ 2019-04-13T09:34:49+08:00 ] 219.142.101.1 /phpStudy.php
INFO: [ app_init ] --START--
INFO: Run Behavior\BuildLiteBehavior [ RunTime:0.000021s ]
INFO: [ app_init ] --END-- [ RunTime:0.000224s ]
ERR: Êó†Ê≥ïÂä†ËΩΩÊ®°Âùó:404

[ 2019-04-13T09:34:49+08:00 ] 219.142.101.1 /weixiao.php
INFO: [ app_init ] --START--
INFO: Run Behavior\BuildLiteBehavior [ RunTime:0.000010s ]
INFO: [ app_init ] --END-- [ RunTime:0.000223s ]
ERR: Êó†Ê≥ïÂä†ËΩΩÊ®°Âùó:404

[ 2019-04-13T09:34:49+08:00 ] 219.142.101.1 /feixiang.php
INFO: [ app_init ] --START--
INFO: Run Behavior\BuildLiteBehavior [ RunTime:0.000010s ]
INFO: [ app_init ] --END-- [ RunTime:0.000208s ]
ERR: Êó†Ê≥ïÂä†ËΩΩÊ®°Âùó:404

[ 2019-04-13T09:34:49+08:00 ] 219.142.101.1 /ak47.php
INFO: [ app_init ] --START--
INFO: Run Behavior\BuildLiteBehavior [ RunTime:0.000008s ]
INFO: [ app_init ] --END-- [ RunTime:0.000207s ]
ERR: Êó†Ê≥ïÂä†ËΩΩÊ®°Âùó:404

[ 2019-04-13T09:34:49+08:00 ] 219.142.101.1 /ak48.php
INFO: [ app_init ] --START--
INFO: Run Behavior\BuildLiteBehavior [ RunTime:0.000009s ]
INFO: [ app_init ] --END-- [ RunTime:0.000210s ]
ERR: Êó†Ê≥ïÂä†ËΩΩÊ®°Âùó:404

[ 2019-04-13T09:34:49+08:00 ] 219.142.101.1 /xiao.php
INFO: [ app_init ] --START--
INFO: Run Behavior\BuildLiteBehavior [ RunTime:0.000010s ]
INFO: [ app_init ] --END-- [ RunTime:0.000205s ]
ERR: Êó†Ê≥ïÂä†ËΩΩÊ®°Âùó:404

[ 2019-04-13T09:34:49+08:00 ] 219.142.101.1 /yao.php
INFO: [ app_init ] --START--
INFO: Run Behavior\BuildLiteBehavior [ RunTime:0.000010s ]
INFO: [ app_init ] --END-- [ RunTime:0.000212s ]
ERR: Êó†Ê≥ïÂä†ËΩΩÊ®°Âùó:404

[ 2019-04-13T09:34:49+08:00 ] 219.142.101.1 /defect.php
INFO: [ app_init ] --START--
INFO: Run Behavior\BuildLiteBehavior [ RunTime:0.000009s ]
INFO: [ app_init ] --END-- [ RunTime:0.000220s ]
ERR: Êó†Ê≥ïÂä†ËΩΩÊ®°Âùó:404

[ 2019-04-13T09:34:49+08:00 ] 219.142.101.1 /webslee.php
INFO: [ app_init ] --START--
INFO: Run Behavior\BuildLiteBehavior [ RunTime:0.000010s ]
INFO: [ app_init ] --END-- [ RunTime:0.000215s ]
ERR: Êó†Ê≥ïÂä†ËΩΩÊ®°Âùó:404

[ 2019-04-13T09:34:49+08:00 ] 219.142.101.1 /q.php
INFO: [ app_init ] --START--
INFO: Run Behavior\BuildLiteBehavior [ RunTime:0.000009s ]
INFO: [ app_init ] --END-- [ RunTime:0.000206s ]
ERR: Êó†Ê≥ïÂä†ËΩΩÊ®°Âùó:404

[ 2019-04-13T09:34:49+08:00 ] 219.142.101.1 /pe.php
INFO: [ app_init ] --START--
INFO: Run Behavior\BuildLiteBehavior [ RunTime:0.000009s ]
INFO: [ app_init ] --END-- [ RunTime:0.000217s ]
ERR: Êó†Ê≥ïÂä†ËΩΩÊ®°Âùó:404

[ 2019-04-13T09:34:49+08:00 ] 219.142.101.1 /hm.php
INFO: [ app_init ] --START--
INFO: Run Behavior\BuildLiteBehavior [ RunTime:0.000009s ]
INFO: [ app_init ] --END-- [ RunTime:0.000206s ]
ERR: Êó†Ê≥ïÂä†ËΩΩÊ®°Âùó:404

[ 2019-04-13T09:34:49+08:00 ] 219.142.101.1 /cainiao.php
INFO: [ app_init ] --START--
INFO: Run Behavior\BuildLiteBehavior [ RunTime:0.000009s ]
INFO: [ app_init ] --END-- [ RunTime:0.000215s ]
ERR: Êó†Ê≥ïÂä†ËΩΩÊ®°Âùó:404

[ 2019-04-13T09:34:49+08:00 ] 219.142.101.1 /zuoshou.php
INFO: [ app_init ] --START--
INFO: Run Behavior\BuildLiteBehavior [ RunTime:0.000011s ]
INFO: [ app_init ] --END-- [ RunTime:0.000224s ]
ERR: Êó†Ê≥ïÂä†ËΩΩÊ®°Âùó:404

[ 2019-04-13T09:34:49+08:00 ] 219.142.101.1 /zuo.php
INFO: [ app_init ] --START--
INFO: Run Behavior\BuildLiteBehavior [ RunTime:0.000010s ]
INFO: [ app_init ] --END-- [ RunTime:0.000215s ]
ERR: Êó†Ê≥ïÂä†ËΩΩÊ®°Âùó:404

[ 2019-04-13T09:34:49+08:00 ] 219.142.101.1 /aotu.php
INFO: [ app_init ] --START--
INFO: Run Behavior\BuildLiteBehavior [ RunTime:0.000009s ]
INFO: [ app_init ] --END-- [ RunTime:0.000203s ]
ERR: Êó†Ê≥ïÂä†ËΩΩÊ®°Âùó:404

[ 2019-04-13T09:34:49+08:00 ] 219.142.101.1 /aotu7.php
INFO: [ app_init ] --START--
INFO: Run Behavior\BuildLiteBehavior [ RunTime:0.000009s ]
INFO: [ app_init ] --END-- [ RunTime:0.000202s ]
ERR: Êó†Ê≥ïÂä†ËΩΩÊ®°Âùó:404

[ 2019-04-13T09:34:49+08:00 ] 219.142.101.1 /cmd.php
INFO: [ app_init ] --START--
INFO: Run Behavior\BuildLiteBehavior [ RunTime:0.000010s ]
INFO: [ app_init ] --END-- [ RunTime:0.000209s ]
ERR: Êó†Ê≥ïÂä†ËΩΩÊ®°Âùó:404

[ 2019-04-13T09:34:49+08:00 ] 219.142.101.1 /bak.php
INFO: [ app_init ] --START--
INFO: Run Behavior\BuildLiteBehavior [ RunTime:0.000009s ]
INFO: [ app_init ] --END-- [ RunTime:0.000207s ]
ERR: Êó†Ê≥ïÂä†ËΩΩÊ®°Âùó:404

[ 2019-04-13T09:34:49+08:00 ] 219.142.101.1 /system.php
INFO: [ app_init ] --START--
INFO: Run Behavior\BuildLiteBehavior [ RunTime:0.000009s ]
INFO: [ app_init ] --END-- [ RunTime:0.000208s ]
ERR: Êó†Ê≥ïÂä†ËΩΩÊ®°Âùó:404

[ 2019-04-13T09:34:49+08:00 ] 219.142.101.1 /l6.php
INFO: [ app_init ] --START--
INFO: Run Behavior\BuildLiteBehavior [ RunTime:0.000009s ]
INFO: [ app_init ] --END-- [ RunTime:0.000208s ]
ERR: Êó†Ê≥ïÂä†ËΩΩÊ®°Âùó:404

[ 2019-04-13T09:34:49+08:00 ] 219.142.101.1 /l7.php
INFO: [ app_init ] --START--
INFO: Run Behavior\BuildLiteBehavior [ RunTime:0.000009s ]
INFO: [ app_init ] --END-- [ RunTime:0.000203s ]
ERR: Êó†Ê≥ïÂä†ËΩΩÊ®°Âùó:404

[ 2019-04-13T09:34:49+08:00 ] 219.142.101.1 /l8.php
INFO: [ app_init ] --START--
INFO: Run Behavior\BuildLiteBehavior [ RunTime:0.000009s ]
INFO: [ app_init ] --END-- [ RunTime:0.000206s ]
ERR: Êó†Ê≥ïÂä†ËΩΩÊ®°Âùó:404

[ 2019-04-13T09:34:49+08:00 ] 219.142.101.1 /q.php
INFO: [ app_init ] --START--
INFO: Run Behavior\BuildLiteBehavior [ RunTime:0.000010s ]
INFO: [ app_init ] --END-- [ RunTime:0.000205s ]
ERR: Êó†Ê≥ïÂä†ËΩΩÊ®°Âùó:404

[ 2019-04-13T09:34:49+08:00 ] 219.142.101.1 /56.php
INFO: [ app_init ] --START--
INFO: Run Behavior\BuildLiteBehavior [ RunTime:0.000008s ]
INFO: [ app_init ] --END-- [ RunTime:0.000203s ]
ERR: Êó†Ê≥ïÂä†ËΩΩÊ®°Âùó:404

[ 2019-04-13T09:34:49+08:00 ] 219.142.101.1 /mz.php
INFO: [ app_init ] --START--
INFO: Run Behavior\BuildLiteBehavior [ RunTime:0.000009s ]
INFO: [ app_init ] --END-- [ RunTime:0.000215s ]
ERR: Êó†Ê≥ïÂä†ËΩΩÊ®°Âùó:404

[ 2019-04-13T09:34:49+08:00 ] 219.142.101.1 /xx.php
INFO: [ app_init ] --START--
INFO: Run Behavior\BuildLiteBehavior [ RunTime:0.000009s ]
INFO: [ app_init ] --END-- [ RunTime:0.000208s ]
ERR: Êó†Ê≥ïÂä†ËΩΩÊ®°Âùó:404

[ 2019-04-13T09:34:49+08:00 ] 219.142.101.1 /yumo.php
INFO: [ app_init ] --START--
INFO: Run Behavior\BuildLiteBehavior [ RunTime:0.000010s ]
INFO: [ app_init ] --END-- [ RunTime:0.000210s ]
ERR: Êó†Ê≥ïÂä†ËΩΩÊ®°Âùó:404

[ 2019-04-13T09:34:49+08:00 ] 219.142.101.1 /min.php
INFO: [ app_init ] --START--
INFO: Run Behavior\BuildLiteBehavior [ RunTime:0.000009s ]
INFO: [ app_init ] --END-- [ RunTime:0.000209s ]
ERR: Êó†Ê≥ïÂä†ËΩΩÊ®°Âùó:404

[ 2019-04-13T09:34:49+08:00 ] 219.142.101.1 /wan.php
INFO: [ app_init ] --START--
INFO: Run Behavior\BuildLiteBehavior [ RunTime:0.000010s ]
INFO: [ app_init ] --END-- [ RunTime:0.000222s ]
ERR: Êó†Ê≥ïÂä†ËΩΩÊ®°Âùó:404

[ 2019-04-13T09:34:49+08:00 ] 219.142.101.1 /wanan.php
INFO: [ app_init ] --START--
INFO: Run Behavior\BuildLiteBehavior [ RunTime:0.000009s ]
INFO: [ app_init ] --END-- [ RunTime:0.000209s ]
ERR: Êó†Ê≥ïÂä†ËΩΩÊ®°Âùó:404

[ 2019-04-13T09:34:49+08:00 ] 219.142.101.1 /ssaa.php
INFO: [ app_init ] --START--
INFO: Run Behavior\BuildLiteBehavior [ RunTime:0.000009s ]
INFO: [ app_init ] --END-- [ RunTime:0.000208s ]
ERR: Êó†Ê≥ïÂä†ËΩΩÊ®°Âùó:404

[ 2019-04-13T09:34:50+08:00 ] 219.142.101.1 /qq.php
INFO: [ app_init ] --START--
INFO: Run Behavior\BuildLiteBehavior [ RunTime:0.000009s ]
INFO: [ app_init ] --END-- [ RunTime:0.000210s ]
ERR: Êó†Ê≥ïÂä†ËΩΩÊ®°Âùó:404

[ 2019-04-13T09:34:50+08:00 ] 219.142.101.1 /aw.php
INFO: [ app_init ] --START--
INFO: Run Behavior\BuildLiteBehavior [ RunTime:0.000010s ]
INFO: [ app_init ] --END-- [ RunTime:0.000208s ]
ERR: Êó†Ê≥ïÂä†ËΩΩÊ®°Âùó:404

[ 2019-04-13T09:34:50+08:00 ] 219.142.101.1 /12.php
INFO: [ app_init ] --START--
INFO: Run Behavior\BuildLiteBehavior [ RunTime:0.000010s ]
INFO: [ app_init ] --END-- [ RunTime:0.000221s ]
ERR: Êó†Ê≥ïÂä†ËΩΩÊ®°Âùó:404

[ 2019-04-13T09:34:50+08:00 ] 219.142.101.1 /hh.php
INFO: [ app_init ] --START--
INFO: Run Behavior\BuildLiteBehavior [ RunTime:0.000009s ]
INFO: [ app_init ] --END-- [ RunTime:0.000204s ]
ERR: Êó†Ê≥ïÂä†ËΩΩÊ®°Âùó:404

[ 2019-04-13T09:34:50+08:00 ] 219.142.101.1 /ak.php
INFO: [ app_init ] --START--
INFO: Run Behavior\BuildLiteBehavior [ RunTime:0.000011s ]
INFO: [ app_init ] --END-- [ RunTime:0.000211s ]
ERR: Êó†Ê≥ïÂä†ËΩΩÊ®°Âùó:404

[ 2019-04-13T09:34:50+08:00 ] 219.142.101.1 /ip.php
INFO: [ app_init ] --START--
INFO: Run Behavior\BuildLiteBehavior [ RunTime:0.000008s ]
INFO: [ app_init ] --END-- [ RunTime:0.000200s ]
ERR: Êó†Ê≥ïÂä†ËΩΩÊ®°Âùó:404

[ 2019-04-13T09:34:50+08:00 ] 219.142.101.1 /infoo.php
INFO: [ app_init ] --START--
INFO: Run Behavior\BuildLiteBehavior [ RunTime:0.000008s ]
INFO: [ app_init ] --END-- [ RunTime:0.000202s ]
ERR: Êó†Ê≥ïÂä†ËΩΩÊ®°Âùó:404

[ 2019-04-13T09:34:50+08:00 ] 219.142.101.1 /qq.php
INFO: [ app_init ] --START--
INFO: Run Behavior\BuildLiteBehavior [ RunTime:0.000009s ]
INFO: [ app_init ] --END-- [ RunTime:0.000240s ]
ERR: Êó†Ê≥ïÂä†ËΩΩÊ®°Âùó:404

[ 2019-04-13T09:34:50+08:00 ] 219.142.101.1 /qwe.php
INFO: [ app_init ] --START--
INFO: Run Behavior\BuildLiteBehavior [ RunTime:0.000010s ]
INFO: [ app_init ] --END-- [ RunTime:0.000203s ]
ERR: Êó†Ê≥ïÂä†ËΩΩÊ®°Âùó:404

[ 2019-04-13T09:34:50+08:00 ] 219.142.101.1 /1213.php
INFO: [ app_init ] --START--
INFO: Run Behavior\BuildLiteBehavior [ RunTime:0.000009s ]
INFO: [ app_init ] --END-- [ RunTime:0.000204s ]
ERR: Êó†Ê≥ïÂä†ËΩΩÊ®°Âùó:404

[ 2019-04-13T09:34:50+08:00 ] 219.142.101.1 /post.php
INFO: [ app_init ] --START--
INFO: Run Behavior\BuildLiteBehavior [ RunTime:0.000010s ]
INFO: [ app_init ] --END-- [ RunTime:0.000208s ]
ERR: Êó†Ê≥ïÂä†ËΩΩÊ®°Âùó:404

[ 2019-04-13T09:34:50+08:00 ] 219.142.101.1 /aaaa.php
INFO: [ app_init ] --START--
INFO: Run Behavior\BuildLiteBehavior [ RunTime:0.000011s ]
INFO: [ app_init ] --END-- [ RunTime:0.000213s ]
ERR: Êó†Ê≥ïÂä†ËΩΩÊ®°Âùó:404

[ 2019-04-13T09:34:50+08:00 ] 219.142.101.1 /h1.php
INFO: [ app_init ] --START--
INFO: Run Behavior\BuildLiteBehavior [ RunTime:0.000009s ]
INFO: [ app_init ] --END-- [ RunTime:0.000214s ]
ERR: Êó†Ê≥ïÂä†ËΩΩÊ®°Âùó:404

[ 2019-04-13T09:34:50+08:00 ] 219.142.101.1 /test.php
INFO: [ app_init ] --START--
INFO: Run Behavior\BuildLiteBehavior [ RunTime:0.000009s ]
INFO: [ app_init ] --END-- [ RunTime:0.000213s ]
ERR: Êó†Ê≥ïÂä†ËΩΩÊ®°Âùó:404

[ 2019-04-13T09:34:50+08:00 ] 219.142.101.1 /3.php
INFO: [ app_init ] --START--
INFO: Run Behavior\BuildLiteBehavior [ RunTime:0.000020s ]
INFO: [ app_init ] --END-- [ RunTime:0.000215s ]
ERR: Êó†Ê≥ïÂä†ËΩΩÊ®°Âùó:404

[ 2019-04-13T09:34:50+08:00 ] 219.142.101.1 /phpinfi.php
INFO: [ app_init ] --START--
INFO: Run Behavior\BuildLiteBehavior [ RunTime:0.000009s ]
INFO: [ app_init ] --END-- [ RunTime:0.000205s ]
ERR: Êó†Ê≥ïÂä†ËΩΩÊ®°Âùó:404

[ 2019-04-13T09:34:50+08:00 ] 219.142.101.1 /9510.php
INFO: [ app_init ] --START--
INFO: Run Behavior\BuildLiteBehavior [ RunTime:0.000010s ]
INFO: [ app_init ] --END-- [ RunTime:0.000201s ]
ERR: Êó†Ê≥ïÂä†ËΩΩÊ®°Âùó:404

[ 2019-04-13T09:34:50+08:00 ] 219.142.101.1 /python.php
INFO: [ app_init ] --START--
INFO: Run Behavior\BuildLiteBehavior [ RunTime:0.000009s ]
INFO: [ app_init ] --END-- [ RunTime:0.000236s ]
ERR: Êó†Ê≥ïÂä†ËΩΩÊ®°Âùó:404

[ 2019-04-13T09:34:50+08:00 ] 219.142.101.1 /default.php
INFO: [ app_init ] --START--
INFO: Run Behavior\BuildLiteBehavior [ RunTime:0.000010s ]
INFO: [ app_init ] --END-- [ RunTime:0.000219s ]
ERR: Êó†Ê≥ïÂä†ËΩΩÊ®°Âùó:404

[ 2019-04-13T09:34:50+08:00 ] 219.142.101.1 /sean.php
INFO: [ app_init ] --START--
INFO: Run Behavior\BuildLiteBehavior [ RunTime:0.000010s ]
INFO: [ app_init ] --END-- [ RunTime:0.000216s ]
ERR: Êó†Ê≥ïÂä†ËΩΩÊ®°Âùó:404

[ 2019-04-13T09:34:50+08:00 ] 219.142.101.1 /app.php
INFO: [ app_init ] --START--
INFO: Run Behavior\BuildLiteBehavior [ RunTime:0.000010s ]
INFO: [ app_init ] --END-- [ RunTime:0.000209s ]
ERR: Êó†Ê≥ïÂä†ËΩΩÊ®°Âùó:404

[ 2019-04-13T09:34:50+08:00 ] 219.142.101.1 /help.php
INFO: [ app_init ] --START--
INFO: Run Behavior\BuildLiteBehavior [ RunTime:0.000009s ]
INFO: [ app_init ] --END-- [ RunTime:0.000207s ]
ERR: Êó†Ê≥ïÂä†ËΩΩÊ®°Âùó:404

[ 2019-04-13T09:34:50+08:00 ] 219.142.101.1 /tiandi.php
INFO: [ app_init ] --START--
INFO: Run Behavior\BuildLiteBehavior [ RunTime:0.000010s ]
INFO: [ app_init ] --END-- [ RunTime:0.000238s ]
ERR: Êó†Ê≥ïÂä†ËΩΩÊ®°Âùó:404

[ 2019-04-13T09:34:50+08:00 ] 219.142.101.1 /1.php
INFO: [ app_init ] --START--
INFO: Run Behavior\BuildLiteBehavior [ RunTime:0.000008s ]
INFO: [ app_init ] --END-- [ RunTime:0.000216s ]
ERR: Êó†Ê≥ïÂä†ËΩΩÊ®°Âùó:404

[ 2019-04-13T09:34:50+08:00 ] 219.142.101.1 /miao.php
INFO: [ app_init ] --START--
INFO: Run Behavior\BuildLiteBehavior [ RunTime:0.000009s ]
INFO: [ app_init ] --END-- [ RunTime:0.000213s ]
ERR: Êó†Ê≥ïÂä†ËΩΩÊ®°Âùó:404

[ 2019-04-13T09:34:50+08:00 ] 219.142.101.1 /xz.php
INFO: [ app_init ] --START--
INFO: Run Behavior\BuildLiteBehavior [ RunTime:0.000010s ]
INFO: [ app_init ] --END-- [ RunTime:0.000208s ]
ERR: Êó†Ê≥ïÂä†ËΩΩÊ®°Âùó:404

[ 2019-04-13T09:34:50+08:00 ] 219.142.101.1 /linuxse.php
INFO: [ app_init ] --START--
INFO: Run Behavior\BuildLiteBehavior [ RunTime:0.000009s ]
INFO: [ app_init ] --END-- [ RunTime:0.000203s ]
ERR: Êó†Ê≥ïÂä†ËΩΩÊ®°Âùó:404

[ 2019-04-13T09:34:50+08:00 ] 219.142.101.1 /zuoindex.php
INFO: [ app_init ] --START--
INFO: Run Behavior\BuildLiteBehavior [ RunTime:0.000008s ]
INFO: [ app_init ] --END-- [ RunTime:0.000228s ]
ERR: Êó†Ê≥ïÂä†ËΩΩÊ®°Âùó:404

[ 2019-04-13T09:34:50+08:00 ] 219.142.101.1 /zshmindex.php
INFO: [ app_init ] --START--
INFO: Run Behavior\BuildLiteBehavior [ RunTime:0.000008s ]
INFO: [ app_init ] --END-- [ RunTime:0.000200s ]
ERR: Êó†Ê≥ïÂä†ËΩΩÊ®°Âùó:404

[ 2019-04-13T09:34:50+08:00 ] 219.142.101.1 /tomcat.php
INFO: [ app_init ] --START--
INFO: Run Behavior\BuildLiteBehavior [ RunTime:0.000011s ]
INFO: [ app_init ] --END-- [ RunTime:0.000211s ]
ERR: Êó†Ê≥ïÂä†ËΩΩÊ®°Âùó:404

[ 2019-04-13T09:34:50+08:00 ] 219.142.101.1 /ceshi.php
INFO: [ app_init ] --START--
INFO: Run Behavior\BuildLiteBehavior [ RunTime:0.000010s ]
INFO: [ app_init ] --END-- [ RunTime:0.000206s ]
ERR: Êó†Ê≥ïÂä†ËΩΩÊ®°Âùó:404

[ 2019-04-13T09:34:50+08:00 ] 219.142.101.1 /1hou.php
INFO: [ app_init ] --START--
INFO: Run Behavior\BuildLiteBehavior [ RunTime:0.000009s ]
INFO: [ app_init ] --END-- [ RunTime:0.000207s ]
ERR: Êó†Ê≥ïÂä†ËΩΩÊ®°Âùó:404

[ 2019-04-13T09:34:50+08:00 ] 219.142.101.1 /ou2.php
INFO: [ app_init ] --START--
INFO: Run Behavior\BuildLiteBehavior [ RunTime:0.000023s ]
INFO: [ app_init ] --END-- [ RunTime:0.000228s ]
ERR: Êó†Ê≥ïÂä†ËΩΩÊ®°Âùó:404

[ 2019-04-13T09:34:50+08:00 ] 219.142.101.1 /zuos.php
INFO: [ app_init ] --START--
INFO: Run Behavior\BuildLiteBehavior [ RunTime:0.000009s ]
INFO: [ app_init ] --END-- [ RunTime:0.000200s ]
ERR: Êó†Ê≥ïÂä†ËΩΩÊ®°Âùó:404

[ 2019-04-13T09:34:50+08:00 ] 219.142.101.1 /zuoss.php
INFO: [ app_init ] --START--
INFO: Run Behavior\BuildLiteBehavior [ RunTime:0.000010s ]
INFO: [ app_init ] --END-- [ RunTime:0.000207s ]
ERR: Êó†Ê≥ïÂä†ËΩΩÊ®°Âùó:404

[ 2019-04-13T09:34:50+08:00 ] 219.142.101.1 /zuoshss.php
INFO: [ app_init ] --START--
INFO: Run Behavior\BuildLiteBehavior [ RunTime:0.000009s ]
INFO: [ app_init ] --END-- [ RunTime:0.000203s ]
ERR: Êó†Ê≥ïÂä†ËΩΩÊ®°Âùó:404

[ 2019-04-13T09:34:50+08:00 ] 219.142.101.1 /boots.php
INFO: [ app_init ] --START--
INFO: Run Behavior\BuildLiteBehavior [ RunTime:0.000009s ]
INFO: [ app_init ] --END-- [ RunTime:0.000203s ]
ERR: Êó†Ê≥ïÂä†ËΩΩÊ®°Âùó:404

[ 2019-04-13T09:34:50+08:00 ] 219.142.101.1 /she.php
INFO: [ app_init ] --START--
INFO: Run Behavior\BuildLiteBehavior [ RunTime:0.000009s ]
INFO: [ app_init ] --END-- [ RunTime:0.000206s ]
ERR: Êó†Ê≥ïÂä†ËΩΩÊ®°Âùó:404

[ 2019-04-13T09:34:50+08:00 ] 219.142.101.1 /s.php
INFO: [ app_init ] --START--
INFO: Run Behavior\BuildLiteBehavior [ RunTime:0.000010s ]
INFO: [ app_init ] --END-- [ RunTime:0.000214s ]
ERR: Êó†Ê≥ïÂä†ËΩΩÊ®°Âùó:404

[ 2019-04-13T09:34:50+08:00 ] 219.142.101.1 /qw.php
INFO: [ app_init ] --START--
INFO: Run Behavior\BuildLiteBehavior [ RunTime:0.000010s ]
INFO: [ app_init ] --END-- [ RunTime:0.000202s ]
ERR: Êó†Ê≥ïÂä†ËΩΩÊ®°Âùó:404

[ 2019-04-13T09:34:50+08:00 ] 219.142.101.1 /test.php
INFO: [ app_init ] --START--
INFO: Run Behavior\BuildLiteBehavior [ RunTime:0.000010s ]
INFO: [ app_init ] --END-- [ RunTime:0.000207s ]
ERR: Êó†Ê≥ïÂä†ËΩΩÊ®°Âùó:404

[ 2019-04-13T09:34:50+08:00 ] 219.142.101.1 /caonma.php
INFO: [ app_init ] --START--
INFO: Run Behavior\BuildLiteBehavior [ RunTime:0.000010s ]
INFO: [ app_init ] --END-- [ RunTime:0.000204s ]
ERR: Êó†Ê≥ïÂä†ËΩΩÊ®°Âùó:404

[ 2019-04-13T09:34:50+08:00 ] 219.142.101.1 /wcp.php
INFO: [ app_init ] --START--
INFO: Run Behavior\BuildLiteBehavior [ RunTime:0.000009s ]
INFO: [ app_init ] --END-- [ RunTime:0.000205s ]
ERR: Êó†Ê≥ïÂä†ËΩΩÊ®°Âùó:404

[ 2019-04-13T09:34:50+08:00 ] 219.142.101.1 /u.php
INFO: [ app_init ] --START--
INFO: Run Behavior\BuildLiteBehavior [ RunTime:0.000011s ]
INFO: [ app_init ] --END-- [ RunTime:0.000207s ]
ERR: Êó†Ê≥ïÂä†ËΩΩÊ®°Âùó:404

[ 2019-04-13T09:34:50+08:00 ] 219.142.101.1 /uuu.php
INFO: [ app_init ] --START--
INFO: Run Behavior\BuildLiteBehavior [ RunTime:0.000009s ]
INFO: [ app_init ] --END-- [ RunTime:0.000203s ]
ERR: Êó†Ê≥ïÂä†ËΩΩÊ®°Âùó:404

[ 2019-04-13T09:34:50+08:00 ] 219.142.101.1 /sss.php
INFO: [ app_init ] --START--
INFO: Run Behavior\BuildLiteBehavior [ RunTime:0.000009s ]
INFO: [ app_init ] --END-- [ RunTime:0.000204s ]
ERR: Êó†Ê≥ïÂä†ËΩΩÊ®°Âùó:404

[ 2019-04-13T09:34:50+08:00 ] 219.142.101.1 /ss.php
INFO: [ app_init ] --START--
INFO: Run Behavior\BuildLiteBehavior [ RunTime:0.000009s ]
INFO: [ app_init ] --END-- [ RunTime:0.000216s ]
ERR: Êó†Ê≥ïÂä†ËΩΩÊ®°Âùó:404

[ 2019-04-13T09:34:50+08:00 ] 219.142.101.1 /sss.php
INFO: [ app_init ] --START--
INFO: Run Behavior\BuildLiteBehavior [ RunTime:0.000010s ]
INFO: [ app_init ] --END-- [ RunTime:0.000224s ]
ERR: Êó†Ê≥ïÂä†ËΩΩÊ®°Âùó:404

[ 2019-04-13T09:34:50+08:00 ] 219.142.101.1 /mazi.php
INFO: [ app_init ] --START--
INFO: Run Behavior\BuildLiteBehavior [ RunTime:0.000011s ]
INFO: [ app_init ] --END-- [ RunTime:0.000222s ]
ERR: Êó†Ê≥ïÂä†ËΩΩÊ®°Âùó:404

[ 2019-04-13T09:34:50+08:00 ] 219.142.101.1 /phpini.php
INFO: [ app_init ] --START--
INFO: Run Behavior\BuildLiteBehavior [ RunTime:0.000011s ]
INFO: [ app_init ] --END-- [ RunTime:0.000218s ]
ERR: Êó†Ê≥ïÂä†ËΩΩÊ®°Âùó:404

[ 2019-04-13T09:34:51+08:00 ] 219.142.101.1 /1.php
INFO: [ app_init ] --START--
INFO: Run Behavior\BuildLiteBehavior [ RunTime:0.000009s ]
INFO: [ app_init ] --END-- [ RunTime:0.000213s ]
ERR: Êó†Ê≥ïÂä†ËΩΩÊ®°Âùó:404

[ 2019-04-13T09:34:51+08:00 ] 219.142.101.1 /2.php
INFO: [ app_init ] --START--
INFO: Run Behavior\BuildLiteBehavior [ RunTime:0.000008s ]
INFO: [ app_init ] --END-- [ RunTime:0.000226s ]
ERR: Êó†Ê≥ïÂä†ËΩΩÊ®°Âùó:404

[ 2019-04-13T09:34:51+08:00 ] 219.142.101.1 /core.php
INFO: [ app_init ] --START--
INFO: Run Behavior\BuildLiteBehavior [ RunTime:0.000010s ]
INFO: [ app_init ] --END-- [ RunTime:0.000240s ]
ERR: Êó†Ê≥ïÂä†ËΩΩÊ®°Âùó:404

[ 2019-04-13T09:34:51+08:00 ] 219.142.101.1 /qaz.php
INFO: [ app_init ] --START--
INFO: Run Behavior\BuildLiteBehavior [ RunTime:0.000010s ]
INFO: [ app_init ] --END-- [ RunTime:0.000213s ]
ERR: Êó†Ê≥ïÂä†ËΩΩÊ®°Âùó:404

[ 2019-04-13T09:34:51+08:00 ] 219.142.101.1 /sha.php
INFO: [ app_init ] --START--
INFO: Run Behavior\BuildLiteBehavior [ RunTime:0.000010s ]
INFO: [ app_init ] --END-- [ RunTime:0.000205s ]
ERR: Êó†Ê≥ïÂä†ËΩΩÊ®°Âùó:404

[ 2019-04-13T09:34:51+08:00 ] 219.142.101.1 /ppx.php
INFO: [ app_init ] --START--
INFO: Run Behavior\BuildLiteBehavior [ RunTime:0.000010s ]
INFO: [ app_init ] --END-- [ RunTime:0.000204s ]
ERR: Êó†Ê≥ïÂä†ËΩΩÊ®°Âùó:404

[ 2019-04-13T09:34:51+08:00 ] 219.142.101.1 /1.php
INFO: [ app_init ] --START--
INFO: Run Behavior\BuildLiteBehavior [ RunTime:0.000009s ]
INFO: [ app_init ] --END-- [ RunTime:0.000203s ]
ERR: Êó†Ê≥ïÂä†ËΩΩÊ®°Âùó:404

[ 2019-04-13T09:34:51+08:00 ] 219.142.101.1 /confg.php
INFO: [ app_init ] --START--
INFO: Run Behavior\BuildLiteBehavior [ RunTime:0.000009s ]
INFO: [ app_init ] --END-- [ RunTime:0.000205s ]
ERR: Êó†Ê≥ïÂä†ËΩΩÊ®°Âùó:404

[ 2019-04-13T09:34:51+08:00 ] 219.142.101.1 /conf1g.php
INFO: [ app_init ] --START--
INFO: Run Behavior\BuildLiteBehavior [ RunTime:0.000012s ]
INFO: [ app_init ] --END-- [ RunTime:0.000207s ]
ERR: Êó†Ê≥ïÂä†ËΩΩÊ®°Âùó:404

[ 2019-04-13T09:34:51+08:00 ] 219.142.101.1 /confg.php
INFO: [ app_init ] --START--
INFO: Run Behavior\BuildLiteBehavior [ RunTime:0.000009s ]
INFO: [ app_init ] --END-- [ RunTime:0.000201s ]
ERR: Êó†Ê≥ïÂä†ËΩΩÊ®°Âùó:404

[ 2019-04-13T09:34:51+08:00 ] 219.142.101.1 /confg.php
INFO: [ app_init ] --START--
INFO: Run Behavior\BuildLiteBehavior [ RunTime:0.000010s ]
INFO: [ app_init ] --END-- [ RunTime:0.000206s ]
ERR: Êó†Ê≥ïÂä†ËΩΩÊ®°Âùó:404

[ 2019-04-13T09:34:51+08:00 ] 219.142.101.1 /confg.php
INFO: [ app_init ] --START--
INFO: Run Behavior\BuildLiteBehavior [ RunTime:0.000010s ]
INFO: [ app_init ] --END-- [ RunTime:0.000217s ]
ERR: Êó†Ê≥ïÂä†ËΩΩÊ®°Âùó:404

[ 2019-04-13T09:34:51+08:00 ] 219.142.101.1 /ver.php
INFO: [ app_init ] --START--
INFO: Run Behavior\BuildLiteBehavior [ RunTime:0.000008s ]
INFO: [ app_init ] --END-- [ RunTime:0.000203s ]
ERR: Êó†Ê≥ïÂä†ËΩΩÊ®°Âùó:404

[ 2019-04-13T09:34:51+08:00 ] 219.142.101.1 /hack.php
INFO: [ app_init ] --START--
INFO: Run Behavior\BuildLiteBehavior [ RunTime:0.000010s ]
INFO: [ app_init ] --END-- [ RunTime:0.000208s ]
ERR: Êó†Ê≥ïÂä†ËΩΩÊ®°Âùó:404

[ 2019-04-13T09:34:51+08:00 ] 219.142.101.1 /qa.php
INFO: [ app_init ] --START--
INFO: Run Behavior\BuildLiteBehavior [ RunTime:0.000009s ]
INFO: [ app_init ] --END-- [ RunTime:0.000204s ]
ERR: Êó†Ê≥ïÂä†ËΩΩÊ®°Âùó:404

[ 2019-04-13T09:34:51+08:00 ] 219.142.101.1 /Ss.php
INFO: [ app_init ] --START--
INFO: Run Behavior\BuildLiteBehavior [ RunTime:0.000009s ]
INFO: [ app_init ] --END-- [ RunTime:0.000203s ]
ERR: Êó†Ê≥ïÂä†ËΩΩÊ®°Âùó:404

[ 2019-04-13T09:34:51+08:00 ] 219.142.101.1 /xxx.php
INFO: [ app_init ] --START--
INFO: Run Behavior\BuildLiteBehavior [ RunTime:0.000010s ]
INFO: [ app_init ] --END-- [ RunTime:0.000201s ]
ERR: Êó†Ê≥ïÂä†ËΩΩÊ®°Âùó:404

[ 2019-04-13T09:34:51+08:00 ] 219.142.101.1 /92.php
INFO: [ app_init ] --START--
INFO: Run Behavior\BuildLiteBehavior [ RunTime:0.000010s ]
INFO: [ app_init ] --END-- [ RunTime:0.000203s ]
ERR: Êó†Ê≥ïÂä†ËΩΩÊ®°Âùó:404

[ 2019-04-13T09:34:51+08:00 ] 219.142.101.1 /z.php
INFO: [ app_init ] --START--
INFO: Run Behavior\BuildLiteBehavior [ RunTime:0.000010s ]
INFO: [ app_init ] --END-- [ RunTime:0.000206s ]
ERR: Êó†Ê≥ïÂä†ËΩΩÊ®°Âùó:404

[ 2019-04-13T09:34:51+08:00 ] 219.142.101.1 /x.php
INFO: [ app_init ] --START--
INFO: Run Behavior\BuildLiteBehavior [ RunTime:0.000009s ]
INFO: [ app_init ] --END-- [ RunTime:0.000202s ]
ERR: Êó†Ê≥ïÂä†ËΩΩÊ®°Âùó:404

[ 2019-04-13T09:34:51+08:00 ] 219.142.101.1 /dexgp.php
INFO: [ app_init ] --START--
INFO: Run Behavior\BuildLiteBehavior [ RunTime:0.000010s ]
INFO: [ app_init ] --END-- [ RunTime:0.000225s ]
ERR: Êó†Ê≥ïÂä†ËΩΩÊ®°Âùó:404

[ 2019-04-13T09:34:51+08:00 ] 219.142.101.1 /nuoxi.php
INFO: [ app_init ] --START--
INFO: Run Behavior\BuildLiteBehavior [ RunTime:0.000010s ]
INFO: [ app_init ] --END-- [ RunTime:0.000231s ]
ERR: Êó†Ê≥ïÂä†ËΩΩÊ®°Âùó:404

[ 2019-04-13T09:34:51+08:00 ] 219.142.101.1 /godkey.php
INFO: [ app_init ] --START--
INFO: Run Behavior\BuildLiteBehavior [ RunTime:0.000010s ]
INFO: [ app_init ] --END-- [ RunTime:0.000220s ]
ERR: Êó†Ê≥ïÂä†ËΩΩÊ®°Âùó:404

[ 2019-04-13T09:34:51+08:00 ] 219.142.101.1 /okokok.php
INFO: [ app_init ] --START--
INFO: Run Behavior\BuildLiteBehavior [ RunTime:0.000010s ]
INFO: [ app_init ] --END-- [ RunTime:0.000210s ]
ERR: Êó†Ê≥ïÂä†ËΩΩÊ®°Âùó:404

[ 2019-04-13T09:34:51+08:00 ] 219.142.101.1 /erwa.php
INFO: [ app_init ] --START--
INFO: Run Behavior\BuildLiteBehavior [ RunTime:0.000011s ]
INFO: [ app_init ] --END-- [ RunTime:0.000337s ]
ERR: Êó†Ê≥ïÂä†ËΩΩÊ®°Âùó:404

[ 2019-04-13T09:34:51+08:00 ] 219.142.101.1 /pma.php
INFO: [ app_init ] --START--
INFO: Run Behavior\BuildLiteBehavior [ RunTime:0.000009s ]
INFO: [ app_init ] --END-- [ RunTime:0.000207s ]
ERR: Êó†Ê≥ïÂä†ËΩΩÊ®°Âùó:404

[ 2019-04-13T09:34:51+08:00 ] 219.142.101.1 /ruyi.php
INFO: [ app_init ] --START--
INFO: Run Behavior\BuildLiteBehavior [ RunTime:0.000009s ]
INFO: [ app_init ] --END-- [ RunTime:0.000206s ]
ERR: Êó†Ê≥ïÂä†ËΩΩÊ®°Âùó:404

[ 2019-04-13T09:34:51+08:00 ] 219.142.101.1 /51314.php
INFO: [ app_init ] --START--
INFO: Run Behavior\BuildLiteBehavior [ RunTime:0.000009s ]
INFO: [ app_init ] --END-- [ RunTime:0.000220s ]
ERR: Êó†Ê≥ïÂä†ËΩΩÊ®°Âùó:404

[ 2019-04-13T09:34:51+08:00 ] 219.142.101.1 /5201314.php
INFO: [ app_init ] --START--
INFO: Run Behavior\BuildLiteBehavior [ RunTime:0.000008s ]
INFO: [ app_init ] --END-- [ RunTime:0.000201s ]
ERR: Êó†Ê≥ïÂä†ËΩΩÊ®°Âùó:404

[ 2019-04-13T09:34:54+08:00 ] 219.142.101.1 /ldw.php
INFO: [ app_init ] --START--
INFO: Run Behavior\BuildLiteBehavior [ RunTime:0.000010s ]
INFO: [ app_init ] --END-- [ RunTime:0.000208s ]
ERR: Êó†Ê≥ïÂä†ËΩΩÊ®°Âùó:404

[ 2019-04-13T09:34:54+08:00 ] 219.142.101.1 /api.php
INFO: [ app_init ] --START--
INFO: Run Behavior\BuildLiteBehavior [ RunTime:0.000009s ]
INFO: [ app_init ] --END-- [ RunTime:0.000206s ]
ERR: Êó†Ê≥ïÂä†ËΩΩÊ®°Âùó:404

[ 2019-04-13T09:34:54+08:00 ] 219.142.101.1 /s1.php
INFO: [ app_init ] --START--
INFO: Run Behavior\BuildLiteBehavior [ RunTime:0.000009s ]
INFO: [ app_init ] --END-- [ RunTime:0.000222s ]
ERR: Êó†Ê≥ïÂä†ËΩΩÊ®°Âùó:404

[ 2019-04-13T09:34:54+08:00 ] 219.142.101.1 /xiaodai.php
INFO: [ app_init ] --START--
INFO: Run Behavior\BuildLiteBehavior [ RunTime:0.000009s ]
INFO: [ app_init ] --END-- [ RunTime:0.000203s ]
ERR: Êó†Ê≥ïÂä†ËΩΩÊ®°Âùó:404

[ 2019-04-13T09:34:54+08:00 ] 219.142.101.1 /hello.php
INFO: [ app_init ] --START--
INFO: Run Behavior\BuildLiteBehavior [ RunTime:0.000010s ]
INFO: [ app_init ] --END-- [ RunTime:0.000208s ]
ERR: Êó†Ê≥ïÂä†ËΩΩÊ®°Âùó:404

[ 2019-04-13T09:34:54+08:00 ] 219.142.101.1 /hello.php
INFO: [ app_init ] --START--
INFO: Run Behavior\BuildLiteBehavior [ RunTime:0.000008s ]
INFO: [ app_init ] --END-- [ RunTime:0.000205s ]
ERR: Êó†Ê≥ïÂä†ËΩΩÊ®°Âùó:404

[ 2019-04-13T09:34:54+08:00 ] 219.142.101.1 /admn.php
INFO: [ app_init ] --START--
INFO: Run Behavior\BuildLiteBehavior [ RunTime:0.000010s ]
INFO: [ app_init ] --END-- [ RunTime:0.000222s ]
ERR: Êó†Ê≥ïÂä†ËΩΩÊ®°Âùó:404

[ 2019-04-13T09:34:54+08:00 ] 219.142.101.1 /hell.php
INFO: [ app_init ] --START--
INFO: Run Behavior\BuildLiteBehavior [ RunTime:0.000010s ]
INFO: [ app_init ] --END-- [ RunTime:0.000208s ]
ERR: Êó†Ê≥ïÂä†ËΩΩÊ®°Âùó:404

[ 2019-04-13T09:34:54+08:00 ] 219.142.101.1 /xp.php
INFO: [ app_init ] --START--
INFO: Run Behavior\BuildLiteBehavior [ RunTime:0.000009s ]
INFO: [ app_init ] --END-- [ RunTime:0.000201s ]
ERR: Êó†Ê≥ïÂä†ËΩΩÊ®°Âùó:404

[ 2019-04-13T09:34:54+08:00 ] 219.142.101.1 /1.php
INFO: [ app_init ] --START--
INFO: Run Behavior\BuildLiteBehavior [ RunTime:0.000009s ]
INFO: [ app_init ] --END-- [ RunTime:0.000221s ]
ERR: Êó†Ê≥ïÂä†ËΩΩÊ®°Âùó:404

[ 2019-04-13T09:34:54+08:00 ] 219.142.101.1 /2.php
INFO: [ app_init ] --START--
INFO: Run Behavior\BuildLiteBehavior [ RunTime:0.000019s ]
INFO: [ app_init ] --END-- [ RunTime:0.000215s ]
ERR: Êó†Ê≥ïÂä†ËΩΩÊ®°Âùó:404

[ 2019-04-13T09:34:54+08:00 ] 219.142.101.1 /p.php
INFO: [ app_init ] --START--
INFO: Run Behavior\BuildLiteBehavior [ RunTime:0.000010s ]
INFO: [ app_init ] --END-- [ RunTime:0.000214s ]
ERR: Êó†Ê≥ïÂä†ËΩΩÊ®°Âùó:404

[ 2019-04-13T09:34:54+08:00 ] 219.142.101.1 /1.php
INFO: [ app_init ] --START--
INFO: Run Behavior\BuildLiteBehavior [ RunTime:0.000009s ]
INFO: [ app_init ] --END-- [ RunTime:0.000217s ]
ERR: Êó†Ê≥ïÂä†ËΩΩÊ®°Âùó:404

[ 2019-04-13T09:34:54+08:00 ] 219.142.101.1 /a.php
INFO: [ app_init ] --START--
INFO: Run Behavior\BuildLiteBehavior [ RunTime:0.000009s ]
INFO: [ app_init ] --END-- [ RunTime:0.000202s ]
ERR: Êó†Ê≥ïÂä†ËΩΩÊ®°Âùó:404

[ 2019-04-13T09:34:54+08:00 ] 219.142.101.1 /m.php
INFO: [ app_init ] --START--
INFO: Run Behavior\BuildLiteBehavior [ RunTime:0.000010s ]
INFO: [ app_init ] --END-- [ RunTime:0.000205s ]
ERR: Êó†Ê≥ïÂä†ËΩΩÊ®°Âùó:404

[ 2019-04-13T09:34:54+08:00 ] 219.142.101.1 /conf.php
INFO: [ app_init ] --START--
INFO: Run Behavior\BuildLiteBehavior [ RunTime:0.000009s ]
INFO: [ app_init ] --END-- [ RunTime:0.000212s ]
ERR: Êó†Ê≥ïÂä†ËΩΩÊ®°Âùó:404

[ 2019-04-13T09:34:54+08:00 ] 219.142.101.1 /123.php
INFO: [ app_init ] --START--
INFO: Run Behavior\BuildLiteBehavior [ RunTime:0.000010s ]
INFO: [ app_init ] --END-- [ RunTime:0.000213s ]
ERR: Êó†Ê≥ïÂä†ËΩΩÊ®°Âùó:404

[ 2019-04-13T09:34:54+08:00 ] 219.142.101.1 /HX.php
INFO: [ app_init ] --START--
INFO: Run Behavior\BuildLiteBehavior [ RunTime:0.000010s ]
INFO: [ app_init ] --END-- [ RunTime:0.000209s ]
ERR: Êó†Ê≥ïÂä†ËΩΩÊ®°Âùó:404

[ 2019-04-13T09:34:54+08:00 ] 219.142.101.1 /diy.php
INFO: [ app_init ] --START--
INFO: Run Behavior\BuildLiteBehavior [ RunTime:0.000010s ]
INFO: [ app_init ] --END-- [ RunTime:0.000211s ]
ERR: Êó†Ê≥ïÂä†ËΩΩÊ®°Âùó:404

[ 2019-04-13T09:34:55+08:00 ] 219.142.101.1 /666.php
INFO: [ app_init ] --START--
INFO: Run Behavior\BuildLiteBehavior [ RunTime:0.000010s ]
INFO: [ app_init ] --END-- [ RunTime:0.000205s ]
ERR: Êó†Ê≥ïÂä†ËΩΩÊ®°Âùó:404

[ 2019-04-13T09:34:55+08:00 ] 219.142.101.1 /777.php
INFO: [ app_init ] --START--
INFO: Run Behavior\BuildLiteBehavior [ RunTime:0.000009s ]
INFO: [ app_init ] --END-- [ RunTime:0.000204s ]
ERR: Êó†Ê≥ïÂä†ËΩΩÊ®°Âùó:404

[ 2019-04-13T09:34:55+08:00 ] 219.142.101.1 /qwq.php
INFO: [ app_init ] --START--
INFO: Run Behavior\BuildLiteBehavior [ RunTime:0.000010s ]
INFO: [ app_init ] --END-- [ RunTime:0.000210s ]
ERR: Êó†Ê≥ïÂä†ËΩΩÊ®°Âùó:404

[ 2019-04-13T09:34:55+08:00 ] 219.142.101.1 /qwqw.php
INFO: [ app_init ] --START--
INFO: Run Behavior\BuildLiteBehavior [ RunTime:0.000009s ]
INFO: [ app_init ] --END-- [ RunTime:0.000204s ]
ERR: Êó†Ê≥ïÂä†ËΩΩÊ®°Âùó:404

[ 2019-04-13T09:34:55+08:00 ] 219.142.101.1 /infos.php
INFO: [ app_init ] --START--
INFO: Run Behavior\BuildLiteBehavior [ RunTime:0.000010s ]
INFO: [ app_init ] --END-- [ RunTime:0.000213s ]
ERR: Êó†Ê≥ïÂä†ËΩΩÊ®°Âùó:404

[ 2019-04-13T09:34:55+08:00 ] 219.142.101.1 /x.php
INFO: [ app_init ] --START--
INFO: Run Behavior\BuildLiteBehavior [ RunTime:0.000010s ]
INFO: [ app_init ] --END-- [ RunTime:0.000241s ]
ERR: Êó†Ê≥ïÂä†ËΩΩÊ®°Âùó:404

[ 2019-04-13T09:34:55+08:00 ] 219.142.101.1 /lucky.php
INFO: [ app_init ] --START--
INFO: Run Behavior\BuildLiteBehavior [ RunTime:0.000011s ]
INFO: [ app_init ] --END-- [ RunTime:0.000211s ]
ERR: Êó†Ê≥ïÂä†ËΩΩÊ®°Âùó:404

[ 2019-04-13T09:34:55+08:00 ] 219.142.101.1 /htfr.php
INFO: [ app_init ] --START--
INFO: Run Behavior\BuildLiteBehavior [ RunTime:0.000009s ]
INFO: [ app_init ] --END-- [ RunTime:0.000202s ]
ERR: Êó†Ê≥ïÂä†ËΩΩÊ®°Âùó:404

[ 2019-04-13T09:34:55+08:00 ] 219.142.101.1 /zzk.php
INFO: [ app_init ] --START--
INFO: Run Behavior\BuildLiteBehavior [ RunTime:0.000009s ]
INFO: [ app_init ] --END-- [ RunTime:0.000206s ]
ERR: Êó†Ê≥ïÂä†ËΩΩÊ®°Âùó:404

[ 2019-04-13T09:34:55+08:00 ] 219.142.101.1 /toor.php
INFO: [ app_init ] --START--
INFO: Run Behavior\BuildLiteBehavior [ RunTime:0.000009s ]
INFO: [ app_init ] --END-- [ RunTime:0.000206s ]
ERR: Êó†Ê≥ïÂä†ËΩΩÊ®°Âùó:404

[ 2019-04-13T09:34:55+08:00 ] 219.142.101.1 /uu.php
INFO: [ app_init ] --START--
INFO: Run Behavior\BuildLiteBehavior [ RunTime:0.000010s ]
INFO: [ app_init ] --END-- [ RunTime:0.000221s ]
ERR: Êó†Ê≥ïÂä†ËΩΩÊ®°Âùó:404

[ 2019-04-13T09:34:55+08:00 ] 219.142.101.1 /a.php
INFO: [ app_init ] --START--
INFO: Run Behavior\BuildLiteBehavior [ RunTime:0.000009s ]
INFO: [ app_init ] --END-- [ RunTime:0.000221s ]
ERR: Êó†Ê≥ïÂä†ËΩΩÊ®°Âùó:404

[ 2019-04-13T09:34:55+08:00 ] 219.142.101.1 /aa.php
INFO: [ app_init ] --START--
INFO: Run Behavior\BuildLiteBehavior [ RunTime:0.000010s ]
INFO: [ app_init ] --END-- [ RunTime:0.000208s ]
ERR: Êó†Ê≥ïÂä†ËΩΩÊ®°Âùó:404

[ 2019-04-13T09:34:55+08:00 ] 219.142.101.1 /aaa.php
INFO: [ app_init ] --START--
INFO: Run Behavior\BuildLiteBehavior [ RunTime:0.000009s ]
INFO: [ app_init ] --END-- [ RunTime:0.000208s ]
ERR: Êó†Ê≥ïÂä†ËΩΩÊ®°Âùó:404

[ 2019-04-13T09:34:55+08:00 ] 219.142.101.1 /wb.php
INFO: [ app_init ] --START--
INFO: Run Behavior\BuildLiteBehavior [ RunTime:0.000010s ]
INFO: [ app_init ] --END-- [ RunTime:0.000225s ]
ERR: Êó†Ê≥ïÂä†ËΩΩÊ®°Âùó:404

[ 2019-04-13T09:34:55+08:00 ] 219.142.101.1 /yj.php
INFO: [ app_init ] --START--
INFO: Run Behavior\BuildLiteBehavior [ RunTime:0.000010s ]
INFO: [ app_init ] --END-- [ RunTime:0.000209s ]
ERR: Êó†Ê≥ïÂä†ËΩΩÊ®°Âùó:404

[ 2019-04-13T09:34:55+08:00 ] 219.142.101.1 /z.php
INFO: [ app_init ] --START--
INFO: Run Behavior\BuildLiteBehavior [ RunTime:0.000010s ]
INFO: [ app_init ] --END-- [ RunTime:0.000226s ]
ERR: Êó†Ê≥ïÂä†ËΩΩÊ®°Âùó:404

[ 2019-04-13T09:34:55+08:00 ] 219.142.101.1 /7.php
INFO: [ app_init ] --START--
INFO: Run Behavior\BuildLiteBehavior [ RunTime:0.000010s ]
INFO: [ app_init ] --END-- [ RunTime:0.000209s ]
ERR: Êó†Ê≥ïÂä†ËΩΩÊ®°Âùó:404

[ 2019-04-13T09:34:55+08:00 ] 219.142.101.1 /xiaoma.php
INFO: [ app_init ] --START--
INFO: Run Behavior\BuildLiteBehavior [ RunTime:0.000009s ]
INFO: [ app_init ] --END-- [ RunTime:0.000207s ]
ERR: Êó†Ê≥ïÂä†ËΩΩÊ®°Âùó:404

[ 2019-04-13T09:34:55+08:00 ] 219.142.101.1 /xiaomae.php
INFO: [ app_init ] --START--
INFO: Run Behavior\BuildLiteBehavior [ RunTime:0.000011s ]
INFO: [ app_init ] --END-- [ RunTime:0.000208s ]
ERR: Êó†Ê≥ïÂä†ËΩΩÊ®°Âùó:404

[ 2019-04-13T09:34:55+08:00 ] 219.142.101.1 /xiaomar.php
INFO: [ app_init ] --START--
INFO: Run Behavior\BuildLiteBehavior [ RunTime:0.000010s ]
INFO: [ app_init ] --END-- [ RunTime:0.000222s ]
ERR: Êó†Ê≥ïÂä†ËΩΩÊ®°Âùó:404

[ 2019-04-13T09:34:55+08:00 ] 219.142.101.1 /qq.php
INFO: [ app_init ] --START--
INFO: Run Behavior\BuildLiteBehavior [ RunTime:0.000010s ]
INFO: [ app_init ] --END-- [ RunTime:0.000214s ]
ERR: Êó†Ê≥ïÂä†ËΩΩÊ®°Âùó:404

[ 2019-04-13T09:34:55+08:00 ] 219.142.101.1 /data.php
INFO: [ app_init ] --START--
INFO: Run Behavior\BuildLiteBehavior [ RunTime:0.000010s ]
INFO: [ app_init ] --END-- [ RunTime:0.000211s ]
ERR: Êó†Ê≥ïÂä†ËΩΩÊ®°Âùó:404

[ 2019-04-13T09:34:55+08:00 ] 219.142.101.1 /log.php
INFO: [ app_init ] --START--
INFO: Run Behavior\BuildLiteBehavior [ RunTime:0.000009s ]
INFO: [ app_init ] --END-- [ RunTime:0.000227s ]
ERR: Êó†Ê≥ïÂä†ËΩΩÊ®°Âùó:404

[ 2019-04-13T09:34:55+08:00 ] 219.142.101.1 /fack.php
INFO: [ app_init ] --START--
INFO: Run Behavior\BuildLiteBehavior [ RunTime:0.000010s ]
INFO: [ app_init ] --END-- [ RunTime:0.000205s ]
ERR: Êó†Ê≥ïÂä†ËΩΩÊ®°Âùó:404

[ 2019-04-13T09:34:55+08:00 ] 219.142.101.1 /angge.php
INFO: [ app_init ] --START--
INFO: Run Behavior\BuildLiteBehavior [ RunTime:0.000009s ]
INFO: [ app_init ] --END-- [ RunTime:0.000205s ]
ERR: Êó†Ê≥ïÂä†ËΩΩÊ®°Âùó:404

[ 2019-04-13T09:34:55+08:00 ] 219.142.101.1 /cxfm666.php
INFO: [ app_init ] --START--
INFO: Run Behavior\BuildLiteBehavior [ RunTime:0.000010s ]
INFO: [ app_init ] --END-- [ RunTime:0.000211s ]
ERR: Êó†Ê≥ïÂä†ËΩΩÊ®°Âùó:404

[ 2019-04-13T09:34:55+08:00 ] 219.142.101.1 /db.php
INFO: [ app_init ] --START--
INFO: Run Behavior\BuildLiteBehavior [ RunTime:0.000008s ]
INFO: [ app_init ] --END-- [ RunTime:0.000217s ]
ERR: Êó†Ê≥ïÂä†ËΩΩÊ®°Âùó:404

[ 2019-04-13T09:34:55+08:00 ] 219.142.101.1 /hacly.php
INFO: [ app_init ] --START--
INFO: Run Behavior\BuildLiteBehavior [ RunTime:0.000009s ]
INFO: [ app_init ] --END-- [ RunTime:0.000210s ]
ERR: Êó†Ê≥ïÂä†ËΩΩÊ®°Âùó:404

[ 2019-04-13T09:34:55+08:00 ] 219.142.101.1 /xiaomo.php
INFO: [ app_init ] --START--
INFO: Run Behavior\BuildLiteBehavior [ RunTime:0.000009s ]
INFO: [ app_init ] --END-- [ RunTime:0.000210s ]
ERR: Êó†Ê≥ïÂä†ËΩΩÊ®°Âùó:404

[ 2019-04-13T09:34:55+08:00 ] 219.142.101.1 /xiaoyu.php
INFO: [ app_init ] --START--
INFO: Run Behavior\BuildLiteBehavior [ RunTime:0.000009s ]
INFO: [ app_init ] --END-- [ RunTime:0.000205s ]
ERR: Êó†Ê≥ïÂä†ËΩΩÊ®°Âùó:404

[ 2019-04-13T09:34:55+08:00 ] 219.142.101.1 /xiaohei.php
INFO: [ app_init ] --START--
INFO: Run Behavior\BuildLiteBehavior [ RunTime:0.000009s ]
INFO: [ app_init ] --END-- [ RunTime:0.000209s ]
ERR: Êó†Ê≥ïÂä†ËΩΩÊ®°Âùó:404

[ 2019-04-13T09:34:55+08:00 ] 219.142.101.1 /j.php
INFO: [ app_init ] --START--
INFO: Run Behavior\BuildLiteBehavior [ RunTime:0.000010s ]
INFO: [ app_init ] --END-- [ RunTime:0.000211s ]
ERR: Êó†Ê≥ïÂä†ËΩΩÊ®°Âùó:404

[ 2019-04-13T09:34:55+08:00 ] 219.142.101.1 /qq5262.php
INFO: [ app_init ] --START--
INFO: Run Behavior\BuildLiteBehavior [ RunTime:0.000011s ]
INFO: [ app_init ] --END-- [ RunTime:0.000211s ]
ERR: Êó†Ê≥ïÂä†ËΩΩÊ®°Âùó:404

[ 2019-04-13T09:34:55+08:00 ] 219.142.101.1 /lost.php
INFO: [ app_init ] --START--
INFO: Run Behavior\BuildLiteBehavior [ RunTime:0.000010s ]
INFO: [ app_init ] --END-- [ RunTime:0.000209s ]
ERR: Êó†Ê≥ïÂä†ËΩΩÊ®°Âùó:404

[ 2019-04-13T09:34:55+08:00 ] 219.142.101.1 /php.php
INFO: [ app_init ] --START--
INFO: Run Behavior\BuildLiteBehavior [ RunTime:0.000009s ]
INFO: [ app_init ] --END-- [ RunTime:0.000204s ]
ERR: Êó†Ê≥ïÂä†ËΩΩÊ®°Âùó:404

[ 2019-04-13T09:34:55+08:00 ] 219.142.101.1 /win.php
INFO: [ app_init ] --START--
INFO: Run Behavior\BuildLiteBehavior [ RunTime:0.000009s ]
INFO: [ app_init ] --END-- [ RunTime:0.000219s ]
ERR: Êó†Ê≥ïÂä†ËΩΩÊ®°Âùó:404

[ 2019-04-13T09:34:55+08:00 ] 219.142.101.1 /win1.php
INFO: [ app_init ] --START--
INFO: Run Behavior\BuildLiteBehavior [ RunTime:0.000009s ]
INFO: [ app_init ] --END-- [ RunTime:0.000204s ]
ERR: Êó†Ê≥ïÂä†ËΩΩÊ®°Âùó:404

[ 2019-04-13T09:34:55+08:00 ] 219.142.101.1 /linux.php
INFO: [ app_init ] --START--
INFO: Run Behavior\BuildLiteBehavior [ RunTime:0.000009s ]
INFO: [ app_init ] --END-- [ RunTime:0.000204s ]
ERR: Êó†Ê≥ïÂä†ËΩΩÊ®°Âùó:404

[ 2019-04-13T09:34:55+08:00 ] 219.142.101.1 /linux1.php
INFO: [ app_init ] --START--
INFO: Run Behavior\BuildLiteBehavior [ RunTime:0.000009s ]
INFO: [ app_init ] --END-- [ RunTime:0.000205s ]
ERR: Êó†Ê≥ïÂä†ËΩΩÊ®°Âùó:404

[ 2019-04-13T09:34:55+08:00 ] 219.142.101.1 /cc.php
INFO: [ app_init ] --START--
INFO: Run Behavior\BuildLiteBehavior [ RunTime:0.000010s ]
INFO: [ app_init ] --END-- [ RunTime:0.000205s ]
ERR: Êó†Ê≥ïÂä†ËΩΩÊ®°Âùó:404

[ 2019-04-13T09:34:55+08:00 ] 219.142.101.1 /x.php
INFO: [ app_init ] --START--
INFO: Run Behavior\BuildLiteBehavior [ RunTime:0.000011s ]
INFO: [ app_init ] --END-- [ RunTime:0.000215s ]
ERR: Êó†Ê≥ïÂä†ËΩΩÊ®°Âùó:404

[ 2019-04-13T09:34:55+08:00 ] 219.142.101.1 /lanke.php
INFO: [ app_init ] --START--
INFO: Run Behavior\BuildLiteBehavior [ RunTime:0.000010s ]
INFO: [ app_init ] --END-- [ RunTime:0.000209s ]
ERR: Êó†Ê≥ïÂä†ËΩΩÊ®°Âùó:404

[ 2019-04-13T09:34:55+08:00 ] 219.142.101.1 /neko.php
INFO: [ app_init ] --START--
INFO: Run Behavior\BuildLiteBehavior [ RunTime:0.000009s ]
INFO: [ app_init ] --END-- [ RunTime:0.000207s ]
ERR: Êó†Ê≥ïÂä†ËΩΩÊ®°Âùó:404

[ 2019-04-13T09:34:56+08:00 ] 219.142.101.1 /super.php
INFO: [ app_init ] --START--
INFO: Run Behavior\BuildLiteBehavior [ RunTime:0.000009s ]
INFO: [ app_init ] --END-- [ RunTime:0.000207s ]
ERR: Êó†Ê≥ïÂä†ËΩΩÊ®°Âùó:404

[ 2019-04-13T09:34:56+08:00 ] 219.142.101.1 /cere.php
INFO: [ app_init ] --START--
INFO: Run Behavior\BuildLiteBehavior [ RunTime:0.000010s ]
INFO: [ app_init ] --END-- [ RunTime:0.000216s ]
ERR: Êó†Ê≥ïÂä†ËΩΩÊ®°Âùó:404

[ 2019-04-13T09:34:56+08:00 ] 219.142.101.1 /aaa.php
INFO: [ app_init ] --START--
INFO: Run Behavior\BuildLiteBehavior [ RunTime:0.000010s ]
INFO: [ app_init ] --END-- [ RunTime:0.000223s ]
ERR: Êó†Ê≥ïÂä†ËΩΩÊ®°Âùó:404

[ 2019-04-13T09:34:56+08:00 ] 219.142.101.1 /Administrator.php
INFO: [ app_init ] --START--
INFO: Run Behavior\BuildLiteBehavior [ RunTime:0.000008s ]
INFO: [ app_init ] --END-- [ RunTime:0.000207s ]
ERR: Êó†Ê≥ïÂä†ËΩΩÊ®°Âùó:404

[ 2019-04-13T09:34:56+08:00 ] 219.142.101.1 /liangchen.php
INFO: [ app_init ] --START--
INFO: Run Behavior\BuildLiteBehavior [ RunTime:0.000010s ]
INFO: [ app_init ] --END-- [ RunTime:0.000225s ]
ERR: Êó†Ê≥ïÂä†ËΩΩÊ®°Âùó:404

[ 2019-04-13T09:34:56+08:00 ] 219.142.101.1 /lucky.php
INFO: [ app_init ] --START--
INFO: Run Behavior\BuildLiteBehavior [ RunTime:0.000011s ]
INFO: [ app_init ] --END-- [ RunTime:0.000208s ]
ERR: Êó†Ê≥ïÂä†ËΩΩÊ®°Âùó:404

[ 2019-04-13T09:34:56+08:00 ] 219.142.101.1 /meng.php
INFO: [ app_init ] --START--
INFO: Run Behavior\BuildLiteBehavior [ RunTime:0.000011s ]
INFO: [ app_init ] --END-- [ RunTime:0.000209s ]
ERR: Êó†Ê≥ïÂä†ËΩΩÊ®°Âùó:404

[ 2019-04-13T09:34:56+08:00 ] 219.142.101.1 /no.php
INFO: [ app_init ] --START--
INFO: Run Behavior\BuildLiteBehavior [ RunTime:0.000010s ]
INFO: [ app_init ] --END-- [ RunTime:0.000236s ]
ERR: Êó†Ê≥ïÂä†ËΩΩÊ®°Âùó:404

[ 2019-04-13T09:34:56+08:00 ] 219.142.101.1 /mysql.php
INFO: [ app_init ] --START--
INFO: Run Behavior\BuildLiteBehavior [ RunTime:0.000009s ]
INFO: [ app_init ] --END-- [ RunTime:0.000239s ]
ERR: Êó†Ê≥ïÂä†ËΩΩÊ®°Âùó:404

[ 2019-04-13T09:34:56+08:00 ] 219.142.101.1 /Updata.php
INFO: [ app_init ] --START--
INFO: Run Behavior\BuildLiteBehavior [ RunTime:0.000009s ]
INFO: [ app_init ] --END-- [ RunTime:0.000204s ]
ERR: Êó†Ê≥ïÂä†ËΩΩÊ®°Âùó:404

[ 2019-04-13T09:34:56+08:00 ] 219.142.101.1 /xxxx.php
INFO: [ app_init ] --START--
INFO: Run Behavior\BuildLiteBehavior [ RunTime:0.000010s ]
INFO: [ app_init ] --END-- [ RunTime:0.000238s ]
ERR: Êó†Ê≥ïÂä†ËΩΩÊ®°Âùó:404

[ 2019-04-13T09:34:56+08:00 ] 219.142.101.1 /guai.php
INFO: [ app_init ] --START--
INFO: Run Behavior\BuildLiteBehavior [ RunTime:0.000010s ]
INFO: [ app_init ] --END-- [ RunTime:0.000209s ]
ERR: Êó†Ê≥ïÂä†ËΩΩÊ®°Âùó:404

[ 2019-04-13T09:34:56+08:00 ] 219.142.101.1 /ljb.php
INFO: [ app_init ] --START--
INFO: Run Behavior\BuildLiteBehavior [ RunTime:0.000010s ]
INFO: [ app_init ] --END-- [ RunTime:0.000223s ]
ERR: Êó†Ê≥ïÂä†ËΩΩÊ®°Âùó:404

[ 2019-04-13T09:34:56+08:00 ] 219.142.101.1 /www.php
INFO: [ app_init ] --START--
INFO: Run Behavior\BuildLiteBehavior [ RunTime:0.000009s ]
INFO: [ app_init ] --END-- [ RunTime:0.000203s ]
ERR: Êó†Ê≥ïÂä†ËΩΩÊ®°Âùó:404

[ 2019-04-13T09:34:56+08:00 ] 219.142.101.1 /1.php
INFO: [ app_init ] --START--
INFO: Run Behavior\BuildLiteBehavior [ RunTime:0.000010s ]
INFO: [ app_init ] --END-- [ RunTime:0.000211s ]
ERR: Êó†Ê≥ïÂä†ËΩΩÊ®°Âùó:404

[ 2019-04-13T09:34:56+08:00 ] 219.142.101.1 /chaoda.php
INFO: [ app_init ] --START--
INFO: Run Behavior\BuildLiteBehavior [ RunTime:0.000010s ]
INFO: [ app_init ] --END-- [ RunTime:0.000207s ]
ERR: Êó†Ê≥ïÂä†ËΩΩÊ®°Âùó:404

[ 2019-04-13T09:34:56+08:00 ] 219.142.101.1 /qq.php
INFO: [ app_init ] --START--
INFO: Run Behavior\BuildLiteBehavior [ RunTime:0.000011s ]
INFO: [ app_init ] --END-- [ RunTime:0.000212s ]
ERR: Êó†Ê≥ïÂä†ËΩΩÊ®°Âùó:404

[ 2019-04-13T09:34:56+08:00 ] 219.142.101.1 /qq.php
INFO: [ app_init ] --START--
INFO: Run Behavior\BuildLiteBehavior [ RunTime:0.000009s ]
INFO: [ app_init ] --END-- [ RunTime:0.000211s ]
ERR: Êó†Ê≥ïÂä†ËΩΩÊ®°Âùó:404

[ 2019-04-13T09:34:56+08:00 ] 219.142.101.1 /vuln.php
INFO: [ app_init ] --START--
INFO: Run Behavior\BuildLiteBehavior [ RunTime:0.000010s ]
INFO: [ app_init ] --END-- [ RunTime:0.000222s ]
ERR: Êó†Ê≥ïÂä†ËΩΩÊ®°Âùó:404

[ 2019-04-13T09:34:56+08:00 ] 219.142.101.1 /vuln1.php
INFO: [ app_init ] --START--
INFO: Run Behavior\BuildLiteBehavior [ RunTime:0.000010s ]
INFO: [ app_init ] --END-- [ RunTime:0.000204s ]
ERR: Êó†Ê≥ïÂä†ËΩΩÊ®°Âùó:404

[ 2019-04-13T09:34:56+08:00 ] 219.142.101.1 /orange.php
INFO: [ app_init ] --START--
INFO: Run Behavior\BuildLiteBehavior [ RunTime:0.000009s ]
INFO: [ app_init ] --END-- [ RunTime:0.000204s ]
ERR: Êó†Ê≥ïÂä†ËΩΩÊ®°Âùó:404

[ 2019-04-13T09:34:56+08:00 ] 219.142.101.1 /erba.php
INFO: [ app_init ] --START--
INFO: Run Behavior\BuildLiteBehavior [ RunTime:0.000010s ]
INFO: [ app_init ] --END-- [ RunTime:0.000207s ]
ERR: Êó†Ê≥ïÂä†ËΩΩÊ®°Âùó:404

[ 2019-04-13T09:34:56+08:00 ] 219.142.101.1 /link.php
INFO: [ app_init ] --START--
INFO: Run Behavior\BuildLiteBehavior [ RunTime:0.000009s ]
INFO: [ app_init ] --END-- [ RunTime:0.000220s ]
ERR: Êó†Ê≥ïÂä†ËΩΩÊ®°Âùó:404

[ 2019-04-13T09:34:56+08:00 ] 219.142.101.1 /linkr.php
INFO: [ app_init ] --START--
INFO: Run Behavior\BuildLiteBehavior [ RunTime:0.000008s ]
INFO: [ app_init ] --END-- [ RunTime:0.000205s ]
ERR: Êó†Ê≥ïÂä†ËΩΩÊ®°Âùó:404

[ 2019-04-13T09:34:56+08:00 ] 219.142.101.1 /linkx.php
INFO: [ app_init ] --START--
INFO: Run Behavior\BuildLiteBehavior [ RunTime:0.000009s ]
INFO: [ app_init ] --END-- [ RunTime:0.000206s ]
ERR: Êó†Ê≥ïÂä†ËΩΩÊ®°Âùó:404

[ 2019-04-13T09:34:56+08:00 ] 219.142.101.1 /kvast.php
INFO: [ app_init ] --START--
INFO: Run Behavior\BuildLiteBehavior [ RunTime:0.000010s ]
INFO: [ app_init ] --END-- [ RunTime:0.000208s ]
ERR: Êó†Ê≥ïÂä†ËΩΩÊ®°Âùó:404

[ 2019-04-13T09:34:56+08:00 ] 219.142.101.1 /xiaobin.php
INFO: [ app_init ] --START--
INFO: Run Behavior\BuildLiteBehavior [ RunTime:0.000009s ]
INFO: [ app_init ] --END-- [ RunTime:0.000207s ]
ERR: Êó†Ê≥ïÂä†ËΩΩÊ®°Âùó:404

[ 2019-04-13T09:34:56+08:00 ] 219.142.101.1 /ppp.php
INFO: [ app_init ] --START--
INFO: Run Behavior\BuildLiteBehavior [ RunTime:0.000010s ]
INFO: [ app_init ] --END-- [ RunTime:0.000210s ]
ERR: Êó†Ê≥ïÂä†ËΩΩÊ®°Âùó:404

[ 2019-04-13T09:34:56+08:00 ] 219.142.101.1 /lm.php
INFO: [ app_init ] --START--
INFO: Run Behavior\BuildLiteBehavior [ RunTime:0.000010s ]
INFO: [ app_init ] --END-- [ RunTime:0.000211s ]
ERR: Êó†Ê≥ïÂä†ËΩΩÊ®°Âùó:404

[ 2019-04-13T09:34:56+08:00 ] 219.142.101.1 /zzz.php
INFO: [ app_init ] --START--
INFO: Run Behavior\BuildLiteBehavior [ RunTime:0.000009s ]
INFO: [ app_init ] --END-- [ RunTime:0.000204s ]
ERR: Êó†Ê≥ïÂä†ËΩΩÊ®°Âùó:404

[ 2019-04-13T09:34:56+08:00 ] 219.142.101.1 /520.php
INFO: [ app_init ] --START--
INFO: Run Behavior\BuildLiteBehavior [ RunTime:0.000010s ]
INFO: [ app_init ] --END-- [ RunTime:0.000209s ]
ERR: Êó†Ê≥ïÂä†ËΩΩÊ®°Âùó:404

[ 2019-04-13T09:34:56+08:00 ] 219.142.101.1 /jkl.php
INFO: [ app_init ] --START--
INFO: Run Behavior\BuildLiteBehavior [ RunTime:0.000010s ]
INFO: [ app_init ] --END-- [ RunTime:0.000204s ]
ERR: Êó†Ê≥ïÂä†ËΩΩÊ®°Âùó:404

[ 2019-04-13T09:34:56+08:00 ] 219.142.101.1 /lmn.php
INFO: [ app_init ] --START--
INFO: Run Behavior\BuildLiteBehavior [ RunTime:0.000010s ]
INFO: [ app_init ] --END-- [ RunTime:0.000206s ]
ERR: Êó†Ê≥ïÂä†ËΩΩÊ®°Âùó:404

[ 2019-04-13T09:34:56+08:00 ] 219.142.101.1 /bx.php
INFO: [ app_init ] --START--
INFO: Run Behavior\BuildLiteBehavior [ RunTime:0.000009s ]
INFO: [ app_init ] --END-- [ RunTime:0.000204s ]
ERR: Êó†Ê≥ïÂä†ËΩΩÊ®°Âùó:404

[ 2019-04-13T09:34:56+08:00 ] 219.142.101.1 /Moxin.PHP
INFO: [ app_init ] --START--
INFO: Run Behavior\BuildLiteBehavior [ RunTime:0.000010s ]
INFO: [ app_init ] --END-- [ RunTime:0.000208s ]
ERR: Êó†Ê≥ïÂä†ËΩΩÊ®°Âùó:Moxin

[ 2019-04-13T09:34:56+08:00 ] 219.142.101.1 /Moxin.PHP
INFO: [ app_init ] --START--
INFO: Run Behavior\BuildLiteBehavior [ RunTime:0.000010s ]
INFO: [ app_init ] --END-- [ RunTime:0.000211s ]
ERR: Êó†Ê≥ïÂä†ËΩΩÊ®°Âùó:404

[ 2019-04-13T09:34:56+08:00 ] 219.142.101.1 /CCCC.PHP
INFO: [ app_init ] --START--
INFO: Run Behavior\BuildLiteBehavior [ RunTime:0.000009s ]
INFO: [ app_init ] --END-- [ RunTime:0.000204s ]
ERR: Êó†Ê≥ïÂä†ËΩΩÊ®°Âùó:CCCC

[ 2019-04-13T09:34:56+08:00 ] 219.142.101.1 /CCCC.PHP
INFO: [ app_init ] --START--
INFO: Run Behavior\BuildLiteBehavior [ RunTime:0.000009s ]
INFO: [ app_init ] --END-- [ RunTime:0.000200s ]
ERR: Êó†Ê≥ïÂä†ËΩΩÊ®°Âùó:404

[ 2019-04-13T09:35:04+08:00 ] 219.142.101.1 /phpmyadmin/index.php
INFO: [ app_init ] --START--
INFO: Run Behavior\BuildLiteBehavior [ RunTime:0.000010s ]
INFO: [ app_init ] --END-- [ RunTime:0.000218s ]
ERR: Êó†Ê≥ïÂä†ËΩΩÊ®°Âùó:404

[ 2019-04-13T09:35:04+08:00 ] 219.142.101.1 /phpMyAdmin/index.php
INFO: [ app_init ] --START--
INFO: Run Behavior\BuildLiteBehavior [ RunTime:0.000010s ]
INFO: [ app_init ] --END-- [ RunTime:0.000204s ]
ERR: Êó†Ê≥ïÂä†ËΩΩÊ®°Âùó:404

[ 2019-04-13T09:35:04+08:00 ] 219.142.101.1 /pmd/index.php
INFO: [ app_init ] --START--
INFO: Run Behavior\BuildLiteBehavior [ RunTime:0.000009s ]
INFO: [ app_init ] --END-- [ RunTime:0.000219s ]
ERR: Êó†Ê≥ïÂä†ËΩΩÊ®°Âùó:404

[ 2019-04-13T09:35:04+08:00 ] 219.142.101.1 /pma/index.php
INFO: [ app_init ] --START--
INFO: Run Behavior\BuildLiteBehavior [ RunTime:0.000010s ]
INFO: [ app_init ] --END-- [ RunTime:0.000222s ]
ERR: Êó†Ê≥ïÂä†ËΩΩÊ®°Âùó:404

[ 2019-04-13T09:35:04+08:00 ] 219.142.101.1 /PMA/index.php
INFO: [ app_init ] --START--
INFO: Run Behavior\BuildLiteBehavior [ RunTime:0.000009s ]
INFO: [ app_init ] --END-- [ RunTime:0.000201s ]
ERR: Êó†Ê≥ïÂä†ËΩΩÊ®°Âùó:404

[ 2019-04-13T09:35:04+08:00 ] 219.142.101.1 /PMA2/index.php
INFO: [ app_init ] --START--
INFO: Run Behavior\BuildLiteBehavior [ RunTime:0.000009s ]
INFO: [ app_init ] --END-- [ RunTime:0.000205s ]
ERR: Êó†Ê≥ïÂä†ËΩΩÊ®°Âùó:404

[ 2019-04-13T09:35:04+08:00 ] 219.142.101.1 /pmamy/index.php
INFO: [ app_init ] --START--
INFO: Run Behavior\BuildLiteBehavior [ RunTime:0.000009s ]
INFO: [ app_init ] --END-- [ RunTime:0.000204s ]
ERR: Êó†Ê≥ïÂä†ËΩΩÊ®°Âùó:404

[ 2019-04-13T09:35:04+08:00 ] 219.142.101.1 /pmamy2/index.php
INFO: [ app_init ] --START--
INFO: Run Behavior\BuildLiteBehavior [ RunTime:0.000010s ]
INFO: [ app_init ] --END-- [ RunTime:0.000202s ]
ERR: Êó†Ê≥ïÂä†ËΩΩÊ®°Âùó:404

[ 2019-04-13T09:35:04+08:00 ] 219.142.101.1 /mysql/index.php
INFO: [ app_init ] --START--
INFO: Run Behavior\BuildLiteBehavior [ RunTime:0.000012s ]
INFO: [ app_init ] --END-- [ RunTime:0.000216s ]
ERR: Êó†Ê≥ïÂä†ËΩΩÊ®°Âùó:404

[ 2019-04-13T09:35:04+08:00 ] 219.142.101.1 /admin/index.php
INFO: [ app_init ] --START--
INFO: Run Behavior\BuildLiteBehavior [ RunTime:0.000011s ]
INFO: [ app_init ] --END-- [ RunTime:0.000210s ]
ERR: Êó†Ê≥ïÂä†ËΩΩÊ®°Âùó:404

[ 2019-04-13T09:35:04+08:00 ] 219.142.101.1 /db/index.php
INFO: [ app_init ] --START--
INFO: Run Behavior\BuildLiteBehavior [ RunTime:0.000011s ]
INFO: [ app_init ] --END-- [ RunTime:0.000227s ]
ERR: Êó†Ê≥ïÂä†ËΩΩÊ®°Âùó:404

[ 2019-04-13T09:35:05+08:00 ] 219.142.101.1 /dbadmin/index.php
INFO: [ app_init ] --START--
INFO: Run Behavior\BuildLiteBehavior [ RunTime:0.000009s ]
INFO: [ app_init ] --END-- [ RunTime:0.000220s ]
ERR: Êó†Ê≥ïÂä†ËΩΩÊ®°Âùó:404

[ 2019-04-13T09:35:05+08:00 ] 219.142.101.1 /web/phpMyAdmin/index.php
INFO: [ app_init ] --START--
INFO: Run Behavior\BuildLiteBehavior [ RunTime:0.000010s ]
INFO: [ app_init ] --END-- [ RunTime:0.000207s ]
ERR: Êó†Ê≥ïÂä†ËΩΩÊ®°Âùó:404

[ 2019-04-13T09:35:05+08:00 ] 219.142.101.1 /admin/pma/index.php
INFO: [ app_init ] --START--
INFO: Run Behavior\BuildLiteBehavior [ RunTime:0.000010s ]
INFO: [ app_init ] --END-- [ RunTime:0.000223s ]
ERR: Êó†Ê≥ïÂä†ËΩΩÊ®°Âùó:404

[ 2019-04-13T09:35:05+08:00 ] 219.142.101.1 /admin/PMA/index.php
INFO: [ app_init ] --START--
INFO: Run Behavior\BuildLiteBehavior [ RunTime:0.000010s ]
INFO: [ app_init ] --END-- [ RunTime:0.000207s ]
ERR: Êó†Ê≥ïÂä†ËΩΩÊ®°Âùó:404

[ 2019-04-13T09:35:05+08:00 ] 219.142.101.1 /admin/mysql/index.php
INFO: [ app_init ] --START--
INFO: Run Behavior\BuildLiteBehavior [ RunTime:0.000009s ]
INFO: [ app_init ] --END-- [ RunTime:0.000211s ]
ERR: Êó†Ê≥ïÂä†ËΩΩÊ®°Âùó:404

[ 2019-04-13T09:35:05+08:00 ] 219.142.101.1 /admin/mysql2/index.php
INFO: [ app_init ] --START--
INFO: Run Behavior\BuildLiteBehavior [ RunTime:0.000011s ]
INFO: [ app_init ] --END-- [ RunTime:0.000258s ]
ERR: Êó†Ê≥ïÂä†ËΩΩÊ®°Âùó:404

[ 2019-04-13T09:35:05+08:00 ] 219.142.101.1 /admin/phpmyadmin/index.php
INFO: [ app_init ] --START--
INFO: Run Behavior\BuildLiteBehavior [ RunTime:0.000014s ]
INFO: [ app_init ] --END-- [ RunTime:0.000268s ]
ERR: Êó†Ê≥ïÂä†ËΩΩÊ®°Âùó:404

[ 2019-04-13T09:35:05+08:00 ] 219.142.101.1 /admin/phpMyAdmin/index.php
INFO: [ app_init ] --START--
INFO: Run Behavior\BuildLiteBehavior [ RunTime:0.000010s ]
INFO: [ app_init ] --END-- [ RunTime:0.000215s ]
ERR: Êó†Ê≥ïÂä†ËΩΩÊ®°Âùó:404

[ 2019-04-13T09:35:05+08:00 ] 219.142.101.1 /admin/phpmyadmin2/index.php
INFO: [ app_init ] --START--
INFO: Run Behavior\BuildLiteBehavior [ RunTime:0.000010s ]
INFO: [ app_init ] --END-- [ RunTime:0.000222s ]
ERR: Êó†Ê≥ïÂä†ËΩΩÊ®°Âùó:404

[ 2019-04-13T09:35:05+08:00 ] 219.142.101.1 /mysqladmin/index.php
INFO: [ app_init ] --START--
INFO: Run Behavior\BuildLiteBehavior [ RunTime:0.000009s ]
INFO: [ app_init ] --END-- [ RunTime:0.000204s ]
ERR: Êó†Ê≥ïÂä†ËΩΩÊ®°Âùó:404

[ 2019-04-13T09:35:05+08:00 ] 219.142.101.1 /mysql-admin/index.php
INFO: [ app_init ] --START--
INFO: Run Behavior\BuildLiteBehavior [ RunTime:0.000009s ]
INFO: [ app_init ] --END-- [ RunTime:0.000203s ]
ERR: Êó†Ê≥ïÂä†ËΩΩÊ®°Âùó:404

[ 2019-04-13T09:35:05+08:00 ] 219.142.101.1 /mysql_admin/index.php
INFO: [ app_init ] --START--
INFO: Run Behavior\BuildLiteBehavior [ RunTime:0.000009s ]
INFO: [ app_init ] --END-- [ RunTime:0.000207s ]
ERR: Êó†Ê≥ïÂä†ËΩΩÊ®°Âùó:404

[ 2019-04-13T09:35:05+08:00 ] 219.142.101.1 /phpadmin/index.php
INFO: [ app_init ] --START--
INFO: Run Behavior\BuildLiteBehavior [ RunTime:0.000009s ]
INFO: [ app_init ] --END-- [ RunTime:0.000224s ]
ERR: Êó†Ê≥ïÂä†ËΩΩÊ®°Âùó:404

[ 2019-04-13T09:35:05+08:00 ] 219.142.101.1 /phpAdmin/index.php
INFO: [ app_init ] --START--
INFO: Run Behavior\BuildLiteBehavior [ RunTime:0.000009s ]
INFO: [ app_init ] --END-- [ RunTime:0.000217s ]
ERR: Êó†Ê≥ïÂä†ËΩΩÊ®°Âùó:404

[ 2019-04-13T09:35:05+08:00 ] 219.142.101.1 /phpmyadmin0/index.php
INFO: [ app_init ] --START--
INFO: Run Behavior\BuildLiteBehavior [ RunTime:0.000010s ]
INFO: [ app_init ] --END-- [ RunTime:0.000208s ]
ERR: Êó†Ê≥ïÂä†ËΩΩÊ®°Âùó:404

[ 2019-04-13T09:35:05+08:00 ] 219.142.101.1 /phpmyadmin1/index.php
INFO: [ app_init ] --START--
INFO: Run Behavior\BuildLiteBehavior [ RunTime:0.000009s ]
INFO: [ app_init ] --END-- [ RunTime:0.000222s ]
ERR: Êó†Ê≥ïÂä†ËΩΩÊ®°Âùó:404

[ 2019-04-13T09:35:05+08:00 ] 219.142.101.1 /phpmyadmin2/index.php
INFO: [ app_init ] --START--
INFO: Run Behavior\BuildLiteBehavior [ RunTime:0.000009s ]
INFO: [ app_init ] --END-- [ RunTime:0.000220s ]
ERR: Êó†Ê≥ïÂä†ËΩΩÊ®°Âùó:404

[ 2019-04-13T09:35:05+08:00 ] 219.142.101.1 /phpMyAdmin-4.4.0/index.php
INFO: [ app_init ] --START--
INFO: Run Behavior\BuildLiteBehavior [ RunTime:0.000010s ]
INFO: [ app_init ] --END-- [ RunTime:0.000209s ]
ERR: Êó†Ê≥ïÂä†ËΩΩÊ®°Âùó:404

[ 2019-04-13T09:35:05+08:00 ] 219.142.101.1 /myadmin/index.php
INFO: [ app_init ] --START--
INFO: Run Behavior\BuildLiteBehavior [ RunTime:0.000010s ]
INFO: [ app_init ] --END-- [ RunTime:0.000219s ]
ERR: Êó†Ê≥ïÂä†ËΩΩÊ®°Âùó:404

[ 2019-04-13T09:35:05+08:00 ] 219.142.101.1 /myadmin2/index.php
INFO: [ app_init ] --START--
INFO: Run Behavior\BuildLiteBehavior [ RunTime:0.000009s ]
INFO: [ app_init ] --END-- [ RunTime:0.000214s ]
ERR: Êó†Ê≥ïÂä†ËΩΩÊ®°Âùó:404

[ 2019-04-13T09:35:05+08:00 ] 219.142.101.1 /xampp/phpmyadmin/index.php
INFO: [ app_init ] --START--
INFO: Run Behavior\BuildLiteBehavior [ RunTime:0.000010s ]
INFO: [ app_init ] --END-- [ RunTime:0.000207s ]
ERR: Êó†Ê≥ïÂä†ËΩΩÊ®°Âùó:404

[ 2019-04-13T09:35:05+08:00 ] 219.142.101.1 /phpMyadmin_bak/index.php
INFO: [ app_init ] --START--
INFO: Run Behavior\BuildLiteBehavior [ RunTime:0.000010s ]
INFO: [ app_init ] --END-- [ RunTime:0.000214s ]
ERR: Êó†Ê≥ïÂä†ËΩΩÊ®°Âùó:404

[ 2019-04-13T09:35:05+08:00 ] 219.142.101.1 /www/phpMyAdmin/index.php
INFO: [ app_init ] --START--
INFO: Run Behavior\BuildLiteBehavior [ RunTime:0.000010s ]
INFO: [ app_init ] --END-- [ RunTime:0.000208s ]
ERR: Êó†Ê≥ïÂä†ËΩΩÊ®°Âùó:404

[ 2019-04-13T09:35:05+08:00 ] 219.142.101.1 /tools/phpMyAdmin/index.php
INFO: [ app_init ] --START--
INFO: Run Behavior\BuildLiteBehavior [ RunTime:0.000010s ]
INFO: [ app_init ] --END-- [ RunTime:0.000212s ]
ERR: Êó†Ê≥ïÂä†ËΩΩÊ®°Âùó:404

[ 2019-04-13T09:35:05+08:00 ] 219.142.101.1 /phpmyadmin-old/index.php
INFO: [ app_init ] --START--
INFO: Run Behavior\BuildLiteBehavior [ RunTime:0.000010s ]
INFO: [ app_init ] --END-- [ RunTime:0.000235s ]
ERR: Êó†Ê≥ïÂä†ËΩΩÊ®°Âùó:404

[ 2019-04-13T09:35:05+08:00 ] 219.142.101.1 /phpMyAdminold/index.php
INFO: [ app_init ] --START--
INFO: Run Behavior\BuildLiteBehavior [ RunTime:0.000010s ]
INFO: [ app_init ] --END-- [ RunTime:0.000205s ]
ERR: Êó†Ê≥ïÂä†ËΩΩÊ®°Âùó:404

[ 2019-04-13T09:35:05+08:00 ] 219.142.101.1 /phpMyAdmin.old/index.php
INFO: [ app_init ] --START--
INFO: Run Behavior\BuildLiteBehavior [ RunTime:0.000010s ]
INFO: [ app_init ] --END-- [ RunTime:0.000224s ]
ERR: Êó†Ê≥ïÂä†ËΩΩÊ®°Âùó:404

[ 2019-04-13T09:35:05+08:00 ] 219.142.101.1 /pma-old/index.php
INFO: [ app_init ] --START--
INFO: Run Behavior\BuildLiteBehavior [ RunTime:0.000008s ]
INFO: [ app_init ] --END-- [ RunTime:0.000275s ]
ERR: Êó†Ê≥ïÂä†ËΩΩÊ®°Âùó:404

[ 2019-04-13T09:35:05+08:00 ] 219.142.101.1 /claroline/phpMyAdmin/index.php
INFO: [ app_init ] --START--
INFO: Run Behavior\BuildLiteBehavior [ RunTime:0.000009s ]
INFO: [ app_init ] --END-- [ RunTime:0.000211s ]
ERR: Êó†Ê≥ïÂä†ËΩΩÊ®°Âùó:404

[ 2019-04-13T09:35:05+08:00 ] 219.142.101.1 /typo3/phpmyadmin/index.php
INFO: [ app_init ] --START--
INFO: Run Behavior\BuildLiteBehavior [ RunTime:0.000009s ]
INFO: [ app_init ] --END-- [ RunTime:0.000210s ]
ERR: Êó†Ê≥ïÂä†ËΩΩÊ®°Âùó:404

[ 2019-04-13T09:35:05+08:00 ] 219.142.101.1 /phpma/index.php
INFO: [ app_init ] --START--
INFO: Run Behavior\BuildLiteBehavior [ RunTime:0.000009s ]
INFO: [ app_init ] --END-- [ RunTime:0.000211s ]
ERR: Êó†Ê≥ïÂä†ËΩΩÊ®°Âùó:404

[ 2019-04-13T09:35:05+08:00 ] 219.142.101.1 /phpmyadmin/phpmyadmin/index.php
INFO: [ app_init ] --START--
INFO: Run Behavior\BuildLiteBehavior [ RunTime:0.000008s ]
INFO: [ app_init ] --END-- [ RunTime:0.000205s ]
ERR: Êó†Ê≥ïÂä†ËΩΩÊ®°Âùó:404

[ 2019-04-13T09:35:05+08:00 ] 219.142.101.1 /phpMyAdmin/phpMyAdmin/index.php
INFO: [ app_init ] --START--
INFO: Run Behavior\BuildLiteBehavior [ RunTime:0.000008s ]
INFO: [ app_init ] --END-- [ RunTime:0.000206s ]
ERR: Êó†Ê≥ïÂä†ËΩΩÊ®°Âùó:404

[ 2019-04-13T09:35:05+08:00 ] 219.142.101.1 /phpMyAbmin/index.php
INFO: [ app_init ] --START--
INFO: Run Behavior\BuildLiteBehavior [ RunTime:0.000009s ]
INFO: [ app_init ] --END-- [ RunTime:0.000216s ]
ERR: Êó†Ê≥ïÂä†ËΩΩÊ®°Âùó:404

[ 2019-04-13T09:35:05+08:00 ] 219.142.101.1 /phpMyAdmin__/index.php
INFO: [ app_init ] --START--
INFO: Run Behavior\BuildLiteBehavior [ RunTime:0.000010s ]
INFO: [ app_init ] --END-- [ RunTime:0.000219s ]
ERR: Êó†Ê≥ïÂä†ËΩΩÊ®°Âùó:404

[ 2019-04-13T09:35:05+08:00 ] 219.142.101.1 /phpMyAdmin+++---/index.php
INFO: [ app_init ] --START--
INFO: Run Behavior\BuildLiteBehavior [ RunTime:0.000010s ]
INFO: [ app_init ] --END-- [ RunTime:0.000216s ]
ERR: Êó†Ê≥ïÂä†ËΩΩÊ®°Âùó:404

[ 2019-04-13T09:35:05+08:00 ] 219.142.101.1 /v/index.php
INFO: [ app_init ] --START--
INFO: Run Behavior\BuildLiteBehavior [ RunTime:0.000010s ]
INFO: [ app_init ] --END-- [ RunTime:0.000211s ]
ERR: Êó†Ê≥ïÂä†ËΩΩÊ®°Âùó:404

[ 2019-04-13T09:35:05+08:00 ] 219.142.101.1 /phpmyadm1n/index.php
INFO: [ app_init ] --START--
INFO: Run Behavior\BuildLiteBehavior [ RunTime:0.000009s ]
INFO: [ app_init ] --END-- [ RunTime:0.000210s ]
ERR: Êó†Ê≥ïÂä†ËΩΩÊ®°Âùó:404

[ 2019-04-13T09:35:05+08:00 ] 219.142.101.1 /phpMyAdm1n/index.php
INFO: [ app_init ] --START--
INFO: Run Behavior\BuildLiteBehavior [ RunTime:0.000021s ]
INFO: [ app_init ] --END-- [ RunTime:0.000221s ]
ERR: Êó†Ê≥ïÂä†ËΩΩÊ®°Âùó:404

[ 2019-04-13T09:35:05+08:00 ] 219.142.101.1 /shaAdmin/index.php
INFO: [ app_init ] --START--
INFO: Run Behavior\BuildLiteBehavior [ RunTime:0.000009s ]
INFO: [ app_init ] --END-- [ RunTime:0.000221s ]
ERR: Êó†Ê≥ïÂä†ËΩΩÊ®°Âùó:404

[ 2019-04-13T09:35:05+08:00 ] 219.142.101.1 /phpMyadmi/index.php
INFO: [ app_init ] --START--
INFO: Run Behavior\BuildLiteBehavior [ RunTime:0.000009s ]
INFO: [ app_init ] --END-- [ RunTime:0.000213s ]
ERR: Êó†Ê≥ïÂä†ËΩΩÊ®°Âùó:404

[ 2019-04-13T09:35:05+08:00 ] 219.142.101.1 /phpMyAdmion/index.php
INFO: [ app_init ] --START--
INFO: Run Behavior\BuildLiteBehavior [ RunTime:0.000011s ]
INFO: [ app_init ] --END-- [ RunTime:0.000234s ]
ERR: Êó†Ê≥ïÂä†ËΩΩÊ®°Âùó:404

[ 2019-04-13T09:35:05+08:00 ] 219.142.101.1 /s/index.php
INFO: [ app_init ] --START--
INFO: Run Behavior\BuildLiteBehavior [ RunTime:0.000009s ]
INFO: [ app_init ] --END-- [ RunTime:0.000206s ]
ERR: Êó†Ê≥ïÂä†ËΩΩÊ®°Âùó:404

[ 2019-04-13T09:35:05+08:00 ] 219.142.101.1 /MyAdmin/index.php
INFO: [ app_init ] --START--
INFO: Run Behavior\BuildLiteBehavior [ RunTime:0.000009s ]
INFO: [ app_init ] --END-- [ RunTime:0.000215s ]
ERR: Êó†Ê≥ïÂä†ËΩΩÊ®°Âùó:404

[ 2019-04-13T09:35:05+08:00 ] 219.142.101.1 /phpMyAdmin1/index.php
INFO: [ app_init ] --START--
INFO: Run Behavior\BuildLiteBehavior [ RunTime:0.000010s ]
INFO: [ app_init ] --END-- [ RunTime:0.000208s ]
ERR: Êó†Ê≥ïÂä†ËΩΩÊ®°Âùó:404

[ 2019-04-13T09:35:05+08:00 ] 219.142.101.1 /phpMyAdmin123/index.php
INFO: [ app_init ] --START--
INFO: Run Behavior\BuildLiteBehavior [ RunTime:0.000009s ]
INFO: [ app_init ] --END-- [ RunTime:0.000205s ]
ERR: Êó†Ê≥ïÂä†ËΩΩÊ®°Âùó:404

[ 2019-04-13T09:35:05+08:00 ] 219.142.101.1 /pwd/index.php
INFO: [ app_init ] --START--
INFO: Run Behavior\BuildLiteBehavior [ RunTime:0.000010s ]
INFO: [ app_init ] --END-- [ RunTime:0.000226s ]
ERR: Êó†Ê≥ïÂä†ËΩΩÊ®°Âùó:404

[ 2019-04-13T09:35:05+08:00 ] 219.142.101.1 /phpMyAdmina/index.php
INFO: [ app_init ] --START--
INFO: Run Behavior\BuildLiteBehavior [ RunTime:0.000009s ]
INFO: [ app_init ] --END-- [ RunTime:0.000210s ]
ERR: Êó†Ê≥ïÂä†ËΩΩÊ®°Âùó:404

[ 2019-04-13T09:35:05+08:00 ] 219.142.101.1 /phpMydmin/index.php
INFO: [ app_init ] --START--
INFO: Run Behavior\BuildLiteBehavior [ RunTime:0.000009s ]
INFO: [ app_init ] --END-- [ RunTime:0.000219s ]
ERR: Êó†Ê≥ïÂä†ËΩΩÊ®°Âùó:404

[ 2019-04-13T09:35:05+08:00 ] 219.142.101.1 /phpMyAdmins/index.php
INFO: [ app_init ] --START--
INFO: Run Behavior\BuildLiteBehavior [ RunTime:0.000010s ]
INFO: [ app_init ] --END-- [ RunTime:0.000222s ]
ERR: Êó†Ê≥ïÂä†ËΩΩÊ®°Âùó:404

[ 2019-04-13T09:35:05+08:00 ] 219.142.101.1 /phpMyAdmin._/index.php
INFO: [ app_init ] --START--
INFO: Run Behavior\BuildLiteBehavior [ RunTime:0.000009s ]
INFO: [ app_init ] --END-- [ RunTime:0.000212s ]
ERR: Êó†Ê≥ïÂä†ËΩΩÊ®°Âùó:404

[ 2019-04-13T09:35:05+08:00 ] 219.142.101.1 /phpmyadmin2222/index.php
INFO: [ app_init ] --START--
INFO: Run Behavior\BuildLiteBehavior [ RunTime:0.000010s ]
INFO: [ app_init ] --END-- [ RunTime:0.000205s ]
ERR: Êó†Ê≥ïÂä†ËΩΩÊ®°Âùó:404

[ 2019-04-13T09:35:05+08:00 ] 219.142.101.1 /php2MyAdmin/index.php
INFO: [ app_init ] --START--
INFO: Run Behavior\BuildLiteBehavior [ RunTime:0.000008s ]
INFO: [ app_init ] --END-- [ RunTime:0.000216s ]
ERR: Êó†Ê≥ïÂä†ËΩΩÊ®°Âùó:404

[ 2019-04-13T09:35:05+08:00 ] 219.142.101.1 /phpiMyAdmin/index.php
INFO: [ app_init ] --START--
INFO: Run Behavior\BuildLiteBehavior [ RunTime:0.000010s ]
INFO: [ app_init ] --END-- [ RunTime:0.000223s ]
ERR: Êó†Ê≥ïÂä†ËΩΩÊ®°Âùó:404

[ 2019-04-13T09:35:05+08:00 ] 219.142.101.1 /phpNyAdmin/index.php
INFO: [ app_init ] --START--
INFO: Run Behavior\BuildLiteBehavior [ RunTime:0.000011s ]
INFO: [ app_init ] --END-- [ RunTime:0.000219s ]
ERR: Êó†Ê≥ïÂä†ËΩΩÊ®°Âùó:404

[ 2019-04-13T09:35:05+08:00 ] 219.142.101.1 /program/index.php
INFO: [ app_init ] --START--
INFO: Run Behavior\BuildLiteBehavior [ RunTime:0.000009s ]
INFO: [ app_init ] --END-- [ RunTime:0.000207s ]
ERR: Êó†Ê≥ïÂä†ËΩΩÊ®°Âùó:404

[ 2019-04-13T09:35:05+08:00 ] 219.142.101.1 /shopdb/index.php
INFO: [ app_init ] --START--
INFO: Run Behavior\BuildLiteBehavior [ RunTime:0.000010s ]
INFO: [ app_init ] --END-- [ RunTime:0.000216s ]
ERR: Êó†Ê≥ïÂä†ËΩΩÊ®°Âùó:404

[ 2019-04-13T09:35:06+08:00 ] 219.142.101.1 /phppma/index.php
INFO: [ app_init ] --START--
INFO: Run Behavior\BuildLiteBehavior [ RunTime:0.000009s ]
INFO: [ app_init ] --END-- [ RunTime:0.000208s ]
ERR: Êó†Ê≥ïÂä†ËΩΩÊ®°Âùó:404

[ 2019-04-13T09:35:06+08:00 ] 219.142.101.1 /phpmy/index.php
INFO: [ app_init ] --START--
INFO: Run Behavior\BuildLiteBehavior [ RunTime:0.000010s ]
INFO: [ app_init ] --END-- [ RunTime:0.000207s ]
ERR: Êó†Ê≥ïÂä†ËΩΩÊ®°Âùó:404

[ 2019-04-13T09:35:06+08:00 ] 219.142.101.1 /mysql/admin/index.php
INFO: [ app_init ] --START--
INFO: Run Behavior\BuildLiteBehavior [ RunTime:0.000010s ]
INFO: [ app_init ] --END-- [ RunTime:0.000206s ]
ERR: Êó†Ê≥ïÂä†ËΩΩÊ®°Âùó:404

[ 2019-04-13T09:35:06+08:00 ] 219.142.101.1 /mysql/dbadmin/index.php
INFO: [ app_init ] --START--
INFO: Run Behavior\BuildLiteBehavior [ RunTime:0.000010s ]
INFO: [ app_init ] --END-- [ RunTime:0.000241s ]
ERR: Êó†Ê≥ïÂä†ËΩΩÊ®°Âùó:404

[ 2019-04-13T09:35:06+08:00 ] 219.142.101.1 /mysql/sqlmanager/index.php
INFO: [ app_init ] --START--
INFO: Run Behavior\BuildLiteBehavior [ RunTime:0.000011s ]
INFO: [ app_init ] --END-- [ RunTime:0.000285s ]
ERR: Êó†Ê≥ïÂä†ËΩΩÊ®°Âùó:404

[ 2019-04-13T09:35:06+08:00 ] 219.142.101.1 /mysql/mysqlmanager/index.php
INFO: [ app_init ] --START--
INFO: Run Behavior\BuildLiteBehavior [ RunTime:0.000009s ]
INFO: [ app_init ] --END-- [ RunTime:0.000205s ]
ERR: Êó†Ê≥ïÂä†ËΩΩÊ®°Âùó:404

[ 2019-04-13T09:35:06+08:00 ] 219.142.101.1 /wp-content/plugins/portable-phpmyadmin/wp-pma-mod/index.php
INFO: [ app_init ] --START--
INFO: Run Behavior\BuildLiteBehavior [ RunTime:0.000010s ]
INFO: [ app_init ] --END-- [ RunTime:0.000228s ]
ERR: Êó†Ê≥ïÂä†ËΩΩÊ®°Âùó:404

[ 2019-04-13T09:35:06+08:00 ] 219.142.101.1 /manager/html
INFO: [ app_init ] --START--
INFO: Run Behavior\BuildLiteBehavior [ RunTime:0.000010s ]
INFO: [ app_init ] --END-- [ RunTime:0.000228s ]
ERR: Êó†Ê≥ïÂä†ËΩΩÊ®°Âùó:Manager

[ 2019-04-13T09:35:06+08:00 ] 219.142.101.1 /manager/html
INFO: [ app_init ] --START--
INFO: Run Behavior\BuildLiteBehavior [ RunTime:0.000010s ]
INFO: [ app_init ] --END-- [ RunTime:0.000206s ]
ERR: Êó†Ê≥ïÂä†ËΩΩÊ®°Âùó:404

[ 2019-04-13T12:41:17+08:00 ] 101.132.103.15 /pe.php
INFO: [ app_init ] --START--
INFO: Run Behavior\BuildLiteBehavior [ RunTime:0.000011s ]
INFO: [ app_init ] --END-- [ RunTime:0.000223s ]
ERR: Êó†Ê≥ïÂä†ËΩΩÊ®°Âùó:404

[ 2019-04-13T12:41:25+08:00 ] 101.132.103.15 /vuln.php
INFO: [ app_init ] --START--
INFO: Run Behavior\BuildLiteBehavior [ RunTime:0.000010s ]
INFO: [ app_init ] --END-- [ RunTime:0.000225s ]
ERR: Êó†Ê≥ïÂä†ËΩΩÊ®°Âùó:404

[ 2019-04-13T12:41:33+08:00 ] 101.132.103.15 /test.php
INFO: [ app_init ] --START--
INFO: Run Behavior\BuildLiteBehavior [ RunTime:0.000010s ]
INFO: [ app_init ] --END-- [ RunTime:0.000226s ]
ERR: Êó†Ê≥ïÂä†ËΩΩÊ®°Âùó:404

[ 2019-04-13T12:41:48+08:00 ] 101.132.103.15 /hh.php
INFO: [ app_init ] --START--
INFO: Run Behavior\BuildLiteBehavior [ RunTime:0.000011s ]
INFO: [ app_init ] --END-- [ RunTime:0.000265s ]
ERR: Êó†Ê≥ïÂä†ËΩΩÊ®°Âùó:404

[ 2019-04-13T12:41:52+08:00 ] 101.132.103.15 /she.php
INFO: [ app_init ] --START--
INFO: Run Behavior\BuildLiteBehavior [ RunTime:0.000010s ]
INFO: [ app_init ] --END-- [ RunTime:0.000235s ]
ERR: Êó†Ê≥ïÂä†ËΩΩÊ®°Âùó:404

[ 2019-04-13T12:41:53+08:00 ] 101.132.103.15 /vuln1.php
INFO: [ app_init ] --START--
INFO: Run Behavior\BuildLiteBehavior [ RunTime:0.000012s ]
INFO: [ app_init ] --END-- [ RunTime:0.000239s ]
ERR: Êó†Ê≥ïÂä†ËΩΩÊ®°Âùó:404

[ 2019-04-13T15:22:39+08:00 ] 80.82.70.187 /cache/global/img/gs.gif
INFO: [ app_init ] --START--
INFO: Run Behavior\BuildLiteBehavior [ RunTime:0.000010s ]
INFO: [ app_init ] --END-- [ RunTime:0.000211s ]
ERR: Êó†Ê≥ïÂä†ËΩΩÊ®°Âùó:404

[ 2019-04-13T16:18:38+08:00 ] 77.247.109.70 /robots.txt
INFO: [ app_init ] --START--
INFO: Run Behavior\BuildLiteBehavior [ RunTime:0.000009s ]
INFO: [ app_init ] --END-- [ RunTime:0.000209s ]
ERR: Êó†Ê≥ïÂä†ËΩΩÊ®°Âùó:Robots

[ 2019-04-13T16:18:38+08:00 ] 77.247.109.70 /robots.txt
INFO: [ app_init ] --START--
INFO: Run Behavior\BuildLiteBehavior [ RunTime:0.000008s ]
INFO: [ app_init ] --END-- [ RunTime:0.000216s ]
ERR: Êó†Ê≥ïÂä†ËΩΩÊ®°Âùó:404

[ 2019-04-13T21:21:05+08:00 ] 198.167.223.52 /acadmin.php
INFO: [ app_init ] --START--
INFO: Run Behavior\BuildLiteBehavior [ RunTime:0.000018s ]
INFO: [ app_init ] --END-- [ RunTime:0.000238s ]
ERR: Êó†Ê≥ïÂä†ËΩΩÊ®°Âùó:404

[ 2019-04-13T22:32:12+08:00 ] 120.132.3.65 /404/search_children.js
INFO: [ app_init ] --START--
INFO: Run Behavior\BuildLiteBehavior [ RunTime:0.000011s ]
INFO: [ app_init ] --END-- [ RunTime:0.000235s ]
ERR: Êó†Ê≥ïÂä†ËΩΩÊ®°Âùó:404

